#
# There is insufficient memory for the Java Runtime Environment to continue.
# Native memory allocation (mmap) failed to map 258998272 bytes for G1 virtual space
# Possible reasons:
#   The system is out of physical RAM or swap space
#   The process is running with CompressedOops enabled, and the Java Heap may be blocking the growth of the native heap
# Possible solutions:
#   Reduce memory load on the system
#   Increase physical memory or swap space
#   Check if swap backing store is full
#   Decrease Java heap size (-Xmx/-Xms)
#   Decrease number of Java threads
#   Decrease Java thread stack sizes (-Xss)
#   Set larger code cache with -XX:ReservedCodeCacheSize=
#   JVM is running with Unscaled Compressed Oops mode in which the Java heap is
#     placed in the first 4GB address space. The Java Heap base address is the
#     maximum limit for the native heap growth. Please use -XX:HeapBaseMinAddress
#     to set the Java Heap base and to place the Java Heap above 4GB virtual address.
# This output file may be truncated or incomplete.
#
#  Out of Memory Error (os_windows.cpp:3535), pid=149108, tid=148936
#
# JRE version: OpenJDK Runtime Environment Temurin-17.0.3+7 (17.0.3+7) (build 17.0.3+7)
# Java VM: OpenJDK 64-Bit Server VM Temurin-17.0.3+7 (17.0.3+7, mixed mode, emulated-client, tiered, compressed oops, compressed class ptrs, g1 gc, windows-amd64)
# No core dump will be written. Minidumps are not enabled by default on client versions of Windows
#

---------------  S U M M A R Y ------------

Command Line: --add-modules=ALL-SYSTEM --add-exports=jdk.compiler/com.sun.tools.javac.file=ALL-UNNAMED --add-exports=jdk.compiler/com.sun.tools.javac.util=ALL-UNNAMED --add-exports=jdk.compiler/com.sun.tools.javac.comp=ALL-UNNAMED --add-exports=jdk.compiler/com.sun.tools.javac.main=ALL-UNNAMED --add-exports=jdk.compiler/com.sun.tools.javac.tree=ALL-UNNAMED --add-exports=jdk.compiler/com.sun.tools.javac.code=ALL-UNNAMED -Dsts.lsp.client=vscode -Dsts.log.file=/dev/null -XX:TieredStopAtLevel=1 -Dspring.config.location=file:c:\Users\andre\.vscode\extensions\pivotal.vscode-spring-boot-1.35.0\language-server\BOOT-INF\classes\application.properties org.springframework.ide.vscode.boot.app.BootLanguageServerBootApp

Host: Intel(R) Core(TM) i3-10110U CPU @ 2.10GHz, 4 cores, 7G,  Windows 11 , 64 bit Build 22000 (10.0.22000.708)
Time: Thu Jun 16 16:58:26 2022 SE Asia Standard Time elapsed time: 7.095471 seconds (0d 0h 0m 7s)

---------------  T H R E A D  ---------------

Current thread (0x000001a2793bb980):  VMThread "VM Thread" [stack: 0x0000007a72700000,0x0000007a72800000] [id=148936]

Stack: [0x0000007a72700000,0x0000007a72800000]
Native frames: (J=compiled Java code, j=interpreted, Vv=VM code, C=native code)
V  [jvm.dll+0x675efa]
V  [jvm.dll+0x830a24]
V  [jvm.dll+0x8321ce]
V  [jvm.dll+0x832833]
V  [jvm.dll+0x2454b5]
V  [jvm.dll+0x672de9]
V  [jvm.dll+0x667732]
V  [jvm.dll+0x3043ab]
V  [jvm.dll+0x30b8f6]
V  [jvm.dll+0x35b62e]
V  [jvm.dll+0x35b85f]
V  [jvm.dll+0x2db248]
V  [jvm.dll+0x2d94fc]
V  [jvm.dll+0x2d8acc]
V  [jvm.dll+0x31ca2b]
V  [jvm.dll+0x836cdb]
V  [jvm.dll+0x837a14]
V  [jvm.dll+0x837f2c]
V  [jvm.dll+0x838304]
V  [jvm.dll+0x8383d0]
V  [jvm.dll+0x7e0cfa]
V  [jvm.dll+0x674d85]
C  [ucrtbase.dll+0x26c0c]
C  [KERNEL32.DLL+0x154e0]
C  [ntdll.dll+0x485b]

VM_Operation (0x0000007a73cfe330): G1CollectForAllocation, mode: safepoint, requested by thread 0x000001a27bc8a9a0


---------------  P R O C E S S  ---------------

Threads class SMR info:
_java_thread_list=0x000001a27bd68c20, length=27, elements={
0x000001a2793d1850, 0x000001a2793d25d0, 0x000001a27940a010, 0x000001a27940ab90,
0x000001a27940c5c0, 0x000001a27940ce80, 0x000001a27940d740, 0x000001a27a032cb0,
0x000001a27935a3b0, 0x000001a27a208be0, 0x000001a27a20a140, 0x000001a27a258460,
0x000001a27badb480, 0x000001a27bbd9450, 0x000001a27bbd9920, 0x000001a26c8e0ff0,
0x000001a27bc89430, 0x000001a27bc8a9a0, 0x000001a27bd0db00, 0x000001a27bd0dfd0,
0x000001a27bd2a030, 0x000001a27bd2aee0, 0x000001a27bd2a500, 0x000001a27bd2d5b0,
0x000001a27bd2edc0, 0x000001a27bd2b400, 0x000001a27bd2da80
}

Java Threads: ( => current thread )
  0x000001a2793d1850 JavaThread "Reference Handler" daemon [_thread_blocked, id=149224, stack(0x0000007a72800000,0x0000007a72900000)]
  0x000001a2793d25d0 JavaThread "Finalizer" daemon [_thread_blocked, id=130416, stack(0x0000007a72900000,0x0000007a72a00000)]
  0x000001a27940a010 JavaThread "Signal Dispatcher" daemon [_thread_blocked, id=149032, stack(0x0000007a72a00000,0x0000007a72b00000)]
  0x000001a27940ab90 JavaThread "Attach Listener" daemon [_thread_blocked, id=144876, stack(0x0000007a72b00000,0x0000007a72c00000)]
  0x000001a27940c5c0 JavaThread "Service Thread" daemon [_thread_blocked, id=151276, stack(0x0000007a72c00000,0x0000007a72d00000)]
  0x000001a27940ce80 JavaThread "Monitor Deflation Thread" daemon [_thread_blocked, id=153336, stack(0x0000007a72d00000,0x0000007a72e00000)]
  0x000001a27940d740 JavaThread "C1 CompilerThread0" daemon [_thread_blocked, id=148360, stack(0x0000007a72e00000,0x0000007a72f00000)]
  0x000001a27a032cb0 JavaThread "Sweeper thread" daemon [_thread_blocked, id=124956, stack(0x0000007a72f00000,0x0000007a73000000)]
  0x000001a27935a3b0 JavaThread "Common-Cleaner" daemon [_thread_blocked, id=153164, stack(0x0000007a73000000,0x0000007a73100000)]
  0x000001a27a208be0 JavaThread "C1 CompilerThread1" daemon [_thread_blocked, id=153284, stack(0x0000007a73100000,0x0000007a73200000)]
  0x000001a27a20a140 JavaThread "C1 CompilerThread2" daemon [_thread_blocked, id=152224, stack(0x0000007a73200000,0x0000007a73300000)]
  0x000001a27a258460 JavaThread "Notification Thread" daemon [_thread_blocked, id=152572, stack(0x0000007a73300000,0x0000007a73400000)]
  0x000001a27badb480 JavaThread "ForkJoinPool.commonPool-worker-1" daemon [_thread_blocked, id=151044, stack(0x0000007a73800000,0x0000007a73900000)]
  0x000001a27bbd9450 JavaThread "pool-7-thread-1" [_thread_blocked, id=153344, stack(0x0000007a73900000,0x0000007a73a00000)]
  0x000001a27bbd9920 JavaThread "LanguageServerApp-lifecycle" [_thread_blocked, id=153236, stack(0x0000007a73a00000,0x0000007a73b00000)]
  0x000001a26c8e0ff0 JavaThread "DestroyJavaVM" [_thread_blocked, id=149080, stack(0x0000007a72100000,0x0000007a72200000)]
  0x000001a27bc89430 JavaThread "pool-8-thread-1" [_thread_in_native, id=145224, stack(0x0000007a73b00000,0x0000007a73c00000)]
  0x000001a27bc8a9a0 JavaThread "ClassGraph-worker-0" daemon [_thread_blocked, id=151744, stack(0x0000007a73c00000,0x0000007a73d00000)]
  0x000001a27bd0db00 JavaThread "ClassGraph-worker-1" daemon [_thread_blocked, id=120456, stack(0x0000007a73d00000,0x0000007a73e00000)]
  0x000001a27bd0dfd0 JavaThread "ClassGraph-worker-2" daemon [_thread_blocked, id=111436, stack(0x0000007a73e00000,0x0000007a73f00000)]
  0x000001a27bd2a030 JavaThread "ClassGraph-worker-3" daemon [_thread_blocked, id=106188, stack(0x0000007a73f00000,0x0000007a74000000)]
  0x000001a27bd2aee0 JavaThread "ClassGraph-worker-4" daemon [_thread_blocked, id=149848, stack(0x0000007a74000000,0x0000007a74100000)]
  0x000001a27bd2a500 JavaThread "ClassGraph-worker-5" daemon [_thread_blocked, id=152708, stack(0x0000007a74100000,0x0000007a74200000)]
  0x000001a27bd2d5b0 JavaThread "ClassGraph-worker-6" daemon [_thread_blocked, id=152628, stack(0x0000007a74200000,0x0000007a74300000)]
  0x000001a27bd2edc0 JavaThread "ClassGraph-worker-7" daemon [_thread_blocked, id=153056, stack(0x0000007a74300000,0x0000007a74400000)]
  0x000001a27bd2b400 JavaThread "Simple-Language-Server main thread" daemon [_thread_blocked, id=145764, stack(0x0000007a74400000,0x0000007a74500000)]
  0x000001a27bd2da80 JavaThread "parallel-1" daemon [_thread_blocked, id=152300, stack(0x0000007a74500000,0x0000007a74600000)]

Other Threads:
=>0x000001a2793bb980 VMThread "VM Thread" [stack: 0x0000007a72700000,0x0000007a72800000] [id=148936]
  0x000001a27a258930 WatcherThread [stack: 0x0000007a73400000,0x0000007a73500000] [id=152484]
  0x000001a26c93be90 GCTaskThread "GC Thread#0" [stack: 0x0000007a72200000,0x0000007a72300000] [id=149052]
  0x000001a27aa00aa0 GCTaskThread "GC Thread#1" [stack: 0x0000007a73500000,0x0000007a73600000] [id=140088]
  0x000001a27aa00d50 GCTaskThread "GC Thread#2" [stack: 0x0000007a73600000,0x0000007a73700000] [id=89932]
  0x000001a27aaf9fd0 GCTaskThread "GC Thread#3" [stack: 0x0000007a73700000,0x0000007a73800000] [id=139548]
  0x000001a26c94c7e0 ConcurrentGCThread "G1 Main Marker" [stack: 0x0000007a72300000,0x0000007a72400000] [id=144884]
  0x000001a26c94d100 ConcurrentGCThread "G1 Conc#0" [stack: 0x0000007a72400000,0x0000007a72500000] [id=54972]
  0x000001a2792310b0 ConcurrentGCThread "G1 Refine#0" [stack: 0x0000007a72500000,0x0000007a72600000] [id=141912]
  0x000001a2792321f0 ConcurrentGCThread "G1 Service" [stack: 0x0000007a72600000,0x0000007a72700000] [id=151116]

Threads with active compile tasks:

VM state: at safepoint (normal execution)

VM Mutex/Monitor currently owned by a thread:  ([mutex/lock_event])
[0x000001a26a67ee80] Threads_lock - owner thread: 0x000001a2793bb980
[0x000001a26c8de9b0] Heap_lock - owner thread: 0x000001a27bc8a9a0

Heap address: 0x0000000082800000, size: 2008 MB, Compressed Oops mode: 32-bit

CDS archive(s) not mapped
Compressed class space mapped at: 0x0000000100000000-0x0000000140000000, reserved size: 1073741824
Narrow klass base: 0x0000000000000000, Narrow klass shift: 3, Narrow klass range: 0x140000000

GC Precious Log:
 CPUs: 4 total, 4 available
 Memory: 8026M
 Large Page Support: Disabled
 NUMA Support: Disabled
 Compressed Oops: Enabled (32-bit)
 Heap Region Size: 1M
 Heap Min Capacity: 8M
 Heap Initial Capacity: 126M
 Heap Max Capacity: 2008M
 Pre-touch: Disabled
 Parallel Workers: 4
 Concurrent Workers: 1
 Concurrent Refinement Workers: 4
 Periodic GC: Disabled

Heap:
 garbage-first heap   total 163840K, used 59571K [0x0000000082800000, 0x0000000100000000)
  region size 1024K, 8 young (8192K), 8 survivors (8192K)
 Metaspace       used 34121K, committed 34368K, reserved 1081344K
  class space    used 4418K, committed 4544K, reserved 1048576K

Heap Regions: E=young(eden), S=young(survivor), O=old, HS=humongous(starts), HC=humongous(continues), CS=collection set, F=free, OA=open archive, CA=closed archive, TAMS=top-at-mark-start (previous, next)
|   0|0x0000000082800000, 0x0000000082900000, 0x0000000082900000|100%| O|  |TAMS 0x0000000082900000, 0x0000000082800000| Untracked 
|   1|0x0000000082900000, 0x0000000082a00000, 0x0000000082a00000|100%| O|  |TAMS 0x0000000082a00000, 0x0000000082900000| Untracked 
|   2|0x0000000082a00000, 0x0000000082b00000, 0x0000000082b00000|100%| O|  |TAMS 0x0000000082b00000, 0x0000000082a00000| Untracked 
|   3|0x0000000082b00000, 0x0000000082c00000, 0x0000000082c00000|100%| O|  |TAMS 0x0000000082c00000, 0x0000000082b00000| Untracked 
|   4|0x0000000082c00000, 0x0000000082d00000, 0x0000000082d00000|100%| O|  |TAMS 0x0000000082d00000, 0x0000000082c00000| Untracked 
|   5|0x0000000082d00000, 0x0000000082e00000, 0x0000000082e00000|100%| O|  |TAMS 0x0000000082e00000, 0x0000000082d00000| Untracked 
|   6|0x0000000082e00000, 0x0000000082f00000, 0x0000000082f00000|100%| O|  |TAMS 0x0000000082f00000, 0x0000000082e00000| Untracked 
|   7|0x0000000082f00000, 0x0000000083000000, 0x0000000083000000|100%| O|  |TAMS 0x0000000083000000, 0x0000000082f00000| Untracked 
|   8|0x0000000083000000, 0x0000000083100000, 0x0000000083100000|100%| O|  |TAMS 0x0000000083100000, 0x0000000083000000| Untracked 
|   9|0x0000000083100000, 0x0000000083200000, 0x0000000083200000|100%| O|  |TAMS 0x0000000083200000, 0x0000000083100000| Untracked 
|  10|0x0000000083200000, 0x0000000083300000, 0x0000000083300000|100%| O|  |TAMS 0x0000000083300000, 0x0000000083200000| Untracked 
|  11|0x0000000083300000, 0x0000000083400000, 0x0000000083400000|100%| O|  |TAMS 0x0000000083400000, 0x0000000083300000| Untracked 
|  12|0x0000000083400000, 0x0000000083500000, 0x0000000083500000|100%| O|  |TAMS 0x0000000083500000, 0x0000000083400000| Untracked 
|  13|0x0000000083500000, 0x0000000083600000, 0x0000000083600000|100%| O|  |TAMS 0x0000000083500000, 0x0000000083500000| Untracked 
|  14|0x0000000083600000, 0x0000000083700000, 0x0000000083700000|100%| O|  |TAMS 0x0000000083700000, 0x0000000083600000| Untracked 
|  15|0x0000000083700000, 0x0000000083800000, 0x0000000083800000|100%| O|  |TAMS 0x0000000083800000, 0x0000000083700000| Untracked 
|  16|0x0000000083800000, 0x0000000083900000, 0x0000000083900000|100%| O|  |TAMS 0x0000000083900000, 0x0000000083800000| Untracked 
|  17|0x0000000083900000, 0x0000000083a00000, 0x0000000083a00000|100%| O|  |TAMS 0x0000000083a00000, 0x0000000083900000| Untracked 
|  18|0x0000000083a00000, 0x0000000083b00000, 0x0000000083b00000|100%| O|  |TAMS 0x0000000083b00000, 0x0000000083a00000| Untracked 
|  19|0x0000000083b00000, 0x0000000083c00000, 0x0000000083c00000|100%| O|  |TAMS 0x0000000083c00000, 0x0000000083b00000| Untracked 
|  20|0x0000000083c00000, 0x0000000083d00000, 0x0000000083d00000|100%| O|  |TAMS 0x0000000083d00000, 0x0000000083c00000| Untracked 
|  21|0x0000000083d00000, 0x0000000083e00000, 0x0000000083e00000|100%| O|  |TAMS 0x0000000083e00000, 0x0000000083d00000| Untracked 
|  22|0x0000000083e00000, 0x0000000083f00000, 0x0000000083f00000|100%| O|  |TAMS 0x0000000083f00000, 0x0000000083e00000| Untracked 
|  23|0x0000000083f00000, 0x0000000084000000, 0x0000000084000000|100%| O|  |TAMS 0x0000000084000000, 0x0000000083f00000| Untracked 
|  24|0x0000000084000000, 0x0000000084100000, 0x0000000084100000|100%| O|  |TAMS 0x0000000084100000, 0x0000000084000000| Untracked 
|  25|0x0000000084100000, 0x0000000084200000, 0x0000000084200000|100%| O|  |TAMS 0x0000000084200000, 0x0000000084100000| Untracked 
|  26|0x0000000084200000, 0x0000000084300000, 0x0000000084300000|100%| O|  |TAMS 0x0000000084300000, 0x0000000084200000| Untracked 
|  27|0x0000000084300000, 0x0000000084400000, 0x0000000084400000|100%| O|  |TAMS 0x0000000084400000, 0x0000000084300000| Untracked 
|  28|0x0000000084400000, 0x0000000084500000, 0x0000000084500000|100%| O|  |TAMS 0x0000000084500000, 0x0000000084400000| Untracked 
|  29|0x0000000084500000, 0x0000000084600000, 0x0000000084600000|100%| O|  |TAMS 0x0000000084600000, 0x0000000084500000| Untracked 
|  30|0x0000000084600000, 0x0000000084700000, 0x0000000084700000|100%| O|  |TAMS 0x0000000084700000, 0x0000000084600000| Untracked 
|  31|0x0000000084700000, 0x0000000084800000, 0x0000000084800000|100%| O|  |TAMS 0x0000000084800000, 0x0000000084700000| Untracked 
|  32|0x0000000084800000, 0x0000000084900000, 0x0000000084900000|100%| O|  |TAMS 0x0000000084900000, 0x0000000084800000| Untracked 
|  33|0x0000000084900000, 0x0000000084a00000, 0x0000000084a00000|100%| O|  |TAMS 0x0000000084a00000, 0x0000000084900000| Untracked 
|  34|0x0000000084a00000, 0x0000000084b00000, 0x0000000084b00000|100%| O|  |TAMS 0x0000000084b00000, 0x0000000084a00000| Untracked 
|  35|0x0000000084b00000, 0x0000000084c00000, 0x0000000084c00000|100%| O|  |TAMS 0x0000000084c00000, 0x0000000084b00000| Untracked 
|  36|0x0000000084c00000, 0x0000000084d00000, 0x0000000084d00000|100%| O|  |TAMS 0x0000000084d00000, 0x0000000084c00000| Untracked 
|  37|0x0000000084d00000, 0x0000000084e00000, 0x0000000084e00000|100%| O|  |TAMS 0x0000000084e00000, 0x0000000084d00000| Untracked 
|  38|0x0000000084e00000, 0x0000000084f00000, 0x0000000084f00000|100%| O|  |TAMS 0x0000000084f00000, 0x0000000084e00000| Untracked 
|  39|0x0000000084f00000, 0x0000000085000000, 0x0000000085000000|100%| O|  |TAMS 0x0000000085000000, 0x0000000084f00000| Untracked 
|  40|0x0000000085000000, 0x0000000085100000, 0x0000000085100000|100%| O|  |TAMS 0x0000000085080000, 0x0000000085000000| Untracked 
|  41|0x0000000085100000, 0x0000000085200000, 0x0000000085200000|100%| O|  |TAMS 0x0000000085100000, 0x0000000085100000| Untracked 
|  42|0x0000000085200000, 0x0000000085300000, 0x0000000085300000|100%| O|  |TAMS 0x0000000085200000, 0x0000000085200000| Untracked 
|  43|0x0000000085300000, 0x0000000085400000, 0x0000000085400000|100%| O|  |TAMS 0x0000000085300000, 0x0000000085300000| Untracked 
|  44|0x0000000085400000, 0x0000000085500000, 0x0000000085500000|100%| O|  |TAMS 0x0000000085400000, 0x0000000085400000| Untracked 
|  45|0x0000000085500000, 0x0000000085600000, 0x0000000085600000|100%| O|  |TAMS 0x0000000085500000, 0x0000000085500000| Untracked 
|  46|0x0000000085600000, 0x0000000085700000, 0x0000000085700000|100%| O|  |TAMS 0x0000000085600000, 0x0000000085600000| Untracked 
|  47|0x0000000085700000, 0x0000000085800000, 0x0000000085800000|100%| O|  |TAMS 0x0000000085700000, 0x0000000085700000| Untracked 
|  48|0x0000000085800000, 0x0000000085900000, 0x0000000085900000|100%| O|  |TAMS 0x0000000085800000, 0x0000000085800000| Untracked 
|  49|0x0000000085900000, 0x0000000085a00000, 0x0000000085a00000|100%| O|  |TAMS 0x0000000085900000, 0x0000000085900000| Untracked 
|  50|0x0000000085a00000, 0x0000000085a84a00, 0x0000000085b00000| 51%| O|  |TAMS 0x0000000085a00000, 0x0000000085a00000| Untracked 
|  51|0x0000000085b00000, 0x0000000085b00000, 0x0000000085c00000|  0%| F|  |TAMS 0x0000000085b00000, 0x0000000085b00000| Untracked 
|  52|0x0000000085c00000, 0x0000000085c00000, 0x0000000085d00000|  0%| F|  |TAMS 0x0000000085c00000, 0x0000000085c00000| Untracked 
|  53|0x0000000085d00000, 0x0000000085d00000, 0x0000000085e00000|  0%| F|  |TAMS 0x0000000085d00000, 0x0000000085d00000| Untracked 
|  54|0x0000000085e00000, 0x0000000085e00000, 0x0000000085f00000|  0%| F|  |TAMS 0x0000000085e00000, 0x0000000085e00000| Untracked 
|  55|0x0000000085f00000, 0x0000000085f00000, 0x0000000086000000|  0%| F|  |TAMS 0x0000000085f00000, 0x0000000085f00000| Untracked 
|  56|0x0000000086000000, 0x0000000086000000, 0x0000000086100000|  0%| F|  |TAMS 0x0000000086000000, 0x0000000086000000| Untracked 
|  57|0x0000000086100000, 0x0000000086100000, 0x0000000086200000|  0%| F|  |TAMS 0x0000000086100000, 0x0000000086100000| Untracked 
|  58|0x0000000086200000, 0x0000000086200000, 0x0000000086300000|  0%| F|  |TAMS 0x0000000086200000, 0x0000000086200000| Untracked 
|  59|0x0000000086300000, 0x0000000086300000, 0x0000000086400000|  0%| F|  |TAMS 0x0000000086300000, 0x0000000086300000| Untracked 
|  60|0x0000000086400000, 0x0000000086400000, 0x0000000086500000|  0%| F|  |TAMS 0x0000000086400000, 0x0000000086400000| Untracked 
|  61|0x0000000086500000, 0x0000000086500000, 0x0000000086600000|  0%| F|  |TAMS 0x0000000086500000, 0x0000000086500000| Untracked 
|  62|0x0000000086600000, 0x0000000086600000, 0x0000000086700000|  0%| F|  |TAMS 0x0000000086600000, 0x0000000086600000| Untracked 
|  63|0x0000000086700000, 0x0000000086700000, 0x0000000086800000|  0%| F|  |TAMS 0x0000000086700000, 0x0000000086700000| Untracked 
|  64|0x0000000086800000, 0x0000000086800000, 0x0000000086900000|  0%| F|  |TAMS 0x0000000086800000, 0x0000000086800000| Untracked 
|  65|0x0000000086900000, 0x0000000086900000, 0x0000000086a00000|  0%| F|  |TAMS 0x0000000086900000, 0x0000000086900000| Untracked 
|  66|0x0000000086a00000, 0x0000000086a00000, 0x0000000086b00000|  0%| F|  |TAMS 0x0000000086a00000, 0x0000000086a00000| Untracked 
|  67|0x0000000086b00000, 0x0000000086b00000, 0x0000000086c00000|  0%| F|  |TAMS 0x0000000086b00000, 0x0000000086b00000| Untracked 
|  68|0x0000000086c00000, 0x0000000086c00000, 0x0000000086d00000|  0%| F|  |TAMS 0x0000000086c00000, 0x0000000086c00000| Untracked 
|  69|0x0000000086d00000, 0x0000000086d00000, 0x0000000086e00000|  0%| F|  |TAMS 0x0000000086d00000, 0x0000000086d00000| Untracked 
|  70|0x0000000086e00000, 0x0000000086e00000, 0x0000000086f00000|  0%| F|  |TAMS 0x0000000086e00000, 0x0000000086e00000| Untracked 
|  71|0x0000000086f00000, 0x0000000086f00000, 0x0000000087000000|  0%| F|  |TAMS 0x0000000086f00000, 0x0000000086f00000| Untracked 
|  72|0x0000000087000000, 0x0000000087000000, 0x0000000087100000|  0%| F|  |TAMS 0x0000000087000000, 0x0000000087000000| Untracked 
|  73|0x0000000087100000, 0x00000000871a82e0, 0x0000000087200000| 65%| S|CS|TAMS 0x0000000087100000, 0x0000000087100000| Complete 
|  74|0x0000000087200000, 0x0000000087300000, 0x0000000087300000|100%| S|CS|TAMS 0x0000000087200000, 0x0000000087200000| Complete 
|  75|0x0000000087300000, 0x0000000087400000, 0x0000000087400000|100%| S|CS|TAMS 0x0000000087300000, 0x0000000087300000| Complete 
|  76|0x0000000087400000, 0x0000000087500000, 0x0000000087500000|100%| S|CS|TAMS 0x0000000087400000, 0x0000000087400000| Complete 
|  77|0x0000000087500000, 0x0000000087600000, 0x0000000087600000|100%| S|CS|TAMS 0x0000000087500000, 0x0000000087500000| Complete 
|  78|0x0000000087600000, 0x0000000087700000, 0x0000000087700000|100%| S|CS|TAMS 0x0000000087600000, 0x0000000087600000| Complete 
|  79|0x0000000087700000, 0x0000000087800000, 0x0000000087800000|100%| S|CS|TAMS 0x0000000087700000, 0x0000000087700000| Complete 
|  80|0x0000000087800000, 0x0000000087800000, 0x0000000087900000|  0%| F|  |TAMS 0x0000000087800000, 0x0000000087800000| Untracked 
|  81|0x0000000087900000, 0x0000000087900000, 0x0000000087a00000|  0%| F|  |TAMS 0x0000000087900000, 0x0000000087900000| Untracked 
|  82|0x0000000087a00000, 0x0000000087a00000, 0x0000000087b00000|  0%| F|  |TAMS 0x0000000087a00000, 0x0000000087a00000| Untracked 
|  83|0x0000000087b00000, 0x0000000087b00000, 0x0000000087c00000|  0%| F|  |TAMS 0x0000000087b00000, 0x0000000087b00000| Untracked 
|  84|0x0000000087c00000, 0x0000000087c00000, 0x0000000087d00000|  0%| F|  |TAMS 0x0000000087c00000, 0x0000000087c00000| Untracked 
|  85|0x0000000087d00000, 0x0000000087e00000, 0x0000000087e00000|100%| S|CS|TAMS 0x0000000087d00000, 0x0000000087d00000| Complete 
|  86|0x0000000087e00000, 0x0000000087e00000, 0x0000000087f00000|  0%| F|  |TAMS 0x0000000087e00000, 0x0000000087e00000| Untracked 
|  87|0x0000000087f00000, 0x0000000087f00000, 0x0000000088000000|  0%| F|  |TAMS 0x0000000087f00000, 0x0000000087f00000| Untracked 
|  88|0x0000000088000000, 0x0000000088000000, 0x0000000088100000|  0%| F|  |TAMS 0x0000000088000000, 0x0000000088000000| Untracked 
|  89|0x0000000088100000, 0x0000000088100000, 0x0000000088200000|  0%| F|  |TAMS 0x0000000088100000, 0x0000000088100000| Untracked 
|  90|0x0000000088200000, 0x0000000088200000, 0x0000000088300000|  0%| F|  |TAMS 0x0000000088200000, 0x0000000088200000| Untracked 
|  91|0x0000000088300000, 0x0000000088300000, 0x0000000088400000|  0%| F|  |TAMS 0x0000000088300000, 0x0000000088300000| Untracked 
|  92|0x0000000088400000, 0x0000000088400000, 0x0000000088500000|  0%| F|  |TAMS 0x0000000088400000, 0x0000000088400000| Untracked 
|  93|0x0000000088500000, 0x0000000088500000, 0x0000000088600000|  0%| F|  |TAMS 0x0000000088500000, 0x0000000088500000| Untracked 
|  94|0x0000000088600000, 0x0000000088600000, 0x0000000088700000|  0%| F|  |TAMS 0x0000000088600000, 0x0000000088600000| Untracked 
|  95|0x0000000088700000, 0x0000000088700000, 0x0000000088800000|  0%| F|  |TAMS 0x0000000088700000, 0x0000000088700000| Untracked 
|  96|0x0000000088800000, 0x0000000088800000, 0x0000000088900000|  0%| F|  |TAMS 0x0000000088800000, 0x0000000088800000| Untracked 
|  97|0x0000000088900000, 0x0000000088900000, 0x0000000088a00000|  0%| F|  |TAMS 0x0000000088900000, 0x0000000088900000| Untracked 
|  98|0x0000000088a00000, 0x0000000088a00000, 0x0000000088b00000|  0%| F|  |TAMS 0x0000000088a00000, 0x0000000088a00000| Untracked 
|  99|0x0000000088b00000, 0x0000000088b00000, 0x0000000088c00000|  0%| F|  |TAMS 0x0000000088b00000, 0x0000000088b00000| Untracked 
| 100|0x0000000088c00000, 0x0000000088c00000, 0x0000000088d00000|  0%| F|  |TAMS 0x0000000088c00000, 0x0000000088c00000| Untracked 
| 101|0x0000000088d00000, 0x0000000088d00000, 0x0000000088e00000|  0%| F|  |TAMS 0x0000000088d00000, 0x0000000088d00000| Untracked 
| 102|0x0000000088e00000, 0x0000000088e00000, 0x0000000088f00000|  0%| F|  |TAMS 0x0000000088e00000, 0x0000000088e00000| Untracked 
| 103|0x0000000088f00000, 0x0000000088f00000, 0x0000000089000000|  0%| F|  |TAMS 0x0000000088f00000, 0x0000000088f00000| Untracked 
| 104|0x0000000089000000, 0x0000000089000000, 0x0000000089100000|  0%| F|  |TAMS 0x0000000089000000, 0x0000000089000000| Untracked 
| 105|0x0000000089100000, 0x0000000089100000, 0x0000000089200000|  0%| F|  |TAMS 0x0000000089100000, 0x0000000089100000| Untracked 
| 106|0x0000000089200000, 0x0000000089200000, 0x0000000089300000|  0%| F|  |TAMS 0x0000000089200000, 0x0000000089200000| Untracked 
| 107|0x0000000089300000, 0x0000000089300000, 0x0000000089400000|  0%| F|  |TAMS 0x0000000089300000, 0x0000000089300000| Untracked 
| 108|0x0000000089400000, 0x0000000089400000, 0x0000000089500000|  0%| F|  |TAMS 0x0000000089400000, 0x0000000089400000| Untracked 
| 109|0x0000000089500000, 0x0000000089500000, 0x0000000089600000|  0%| F|  |TAMS 0x0000000089500000, 0x0000000089500000| Untracked 
| 110|0x0000000089600000, 0x0000000089600000, 0x0000000089700000|  0%| F|  |TAMS 0x0000000089600000, 0x0000000089600000| Untracked 
| 111|0x0000000089700000, 0x0000000089700000, 0x0000000089800000|  0%| F|  |TAMS 0x0000000089700000, 0x0000000089700000| Untracked 
| 112|0x0000000089800000, 0x0000000089800000, 0x0000000089900000|  0%| F|  |TAMS 0x0000000089800000, 0x0000000089800000| Untracked 
| 113|0x0000000089900000, 0x0000000089900000, 0x0000000089a00000|  0%| F|  |TAMS 0x0000000089900000, 0x0000000089900000| Untracked 
| 114|0x0000000089a00000, 0x0000000089a00000, 0x0000000089b00000|  0%| F|  |TAMS 0x0000000089a00000, 0x0000000089a00000| Untracked 
| 115|0x0000000089b00000, 0x0000000089b00000, 0x0000000089c00000|  0%| F|  |TAMS 0x0000000089b00000, 0x0000000089b00000| Untracked 
| 116|0x0000000089c00000, 0x0000000089c00000, 0x0000000089d00000|  0%| F|  |TAMS 0x0000000089c00000, 0x0000000089c00000| Untracked 
| 117|0x0000000089d00000, 0x0000000089d00000, 0x0000000089e00000|  0%| F|  |TAMS 0x0000000089d00000, 0x0000000089d00000| Untracked 
| 118|0x0000000089e00000, 0x0000000089e00000, 0x0000000089f00000|  0%| F|  |TAMS 0x0000000089e00000, 0x0000000089e00000| Untracked 
| 119|0x0000000089f00000, 0x0000000089f00000, 0x000000008a000000|  0%| F|  |TAMS 0x0000000089f00000, 0x0000000089f00000| Untracked 
| 120|0x000000008a000000, 0x000000008a000000, 0x000000008a100000|  0%| F|  |TAMS 0x000000008a000000, 0x000000008a000000| Untracked 
| 121|0x000000008a100000, 0x000000008a100000, 0x000000008a200000|  0%| F|  |TAMS 0x000000008a100000, 0x000000008a100000| Untracked 
| 122|0x000000008a200000, 0x000000008a200000, 0x000000008a300000|  0%| F|  |TAMS 0x000000008a200000, 0x000000008a200000| Untracked 
| 123|0x000000008a300000, 0x000000008a300000, 0x000000008a400000|  0%| F|  |TAMS 0x000000008a300000, 0x000000008a300000| Untracked 
| 124|0x000000008a400000, 0x000000008a400000, 0x000000008a500000|  0%| F|  |TAMS 0x000000008a400000, 0x000000008a400000| Untracked 
| 125|0x000000008a500000, 0x000000008a500000, 0x000000008a600000|  0%| F|  |TAMS 0x000000008a500000, 0x000000008a500000| Untracked 
| 126|0x000000008a600000, 0x000000008a600000, 0x000000008a700000|  0%| F|  |TAMS 0x000000008a600000, 0x000000008a600000| Untracked 
| 127|0x000000008a700000, 0x000000008a700000, 0x000000008a800000|  0%| F|  |TAMS 0x000000008a700000, 0x000000008a700000| Untracked 
| 128|0x000000008a800000, 0x000000008a800000, 0x000000008a900000|  0%| F|  |TAMS 0x000000008a800000, 0x000000008a800000| Untracked 
| 129|0x000000008a900000, 0x000000008a900000, 0x000000008aa00000|  0%| F|  |TAMS 0x000000008a900000, 0x000000008a900000| Untracked 
| 130|0x000000008aa00000, 0x000000008aa00000, 0x000000008ab00000|  0%| F|  |TAMS 0x000000008aa00000, 0x000000008aa00000| Untracked 
| 131|0x000000008ab00000, 0x000000008ab00000, 0x000000008ac00000|  0%| F|  |TAMS 0x000000008ab00000, 0x000000008ab00000| Untracked 
| 132|0x000000008ac00000, 0x000000008ac00000, 0x000000008ad00000|  0%| F|  |TAMS 0x000000008ac00000, 0x000000008ac00000| Untracked 
| 133|0x000000008ad00000, 0x000000008ad00000, 0x000000008ae00000|  0%| F|  |TAMS 0x000000008ad00000, 0x000000008ad00000| Untracked 
| 134|0x000000008ae00000, 0x000000008ae00000, 0x000000008af00000|  0%| F|  |TAMS 0x000000008ae00000, 0x000000008ae00000| Untracked 
| 135|0x000000008af00000, 0x000000008af00000, 0x000000008b000000|  0%| F|  |TAMS 0x000000008af00000, 0x000000008af00000| Untracked 
| 136|0x000000008b000000, 0x000000008b000000, 0x000000008b100000|  0%| F|  |TAMS 0x000000008b000000, 0x000000008b000000| Untracked 
| 137|0x000000008b100000, 0x000000008b100000, 0x000000008b200000|  0%| F|  |TAMS 0x000000008b100000, 0x000000008b100000| Untracked 
| 138|0x000000008b200000, 0x000000008b200000, 0x000000008b300000|  0%| F|  |TAMS 0x000000008b200000, 0x000000008b200000| Untracked 
| 139|0x000000008b300000, 0x000000008b300000, 0x000000008b400000|  0%| F|  |TAMS 0x000000008b300000, 0x000000008b300000| Untracked 
| 140|0x000000008b400000, 0x000000008b400000, 0x000000008b500000|  0%| F|  |TAMS 0x000000008b400000, 0x000000008b400000| Untracked 
| 141|0x000000008b500000, 0x000000008b500000, 0x000000008b600000|  0%| F|  |TAMS 0x000000008b500000, 0x000000008b500000| Untracked 
| 142|0x000000008b600000, 0x000000008b600000, 0x000000008b700000|  0%| F|  |TAMS 0x000000008b600000, 0x000000008b600000| Untracked 
| 143|0x000000008b700000, 0x000000008b700000, 0x000000008b800000|  0%| F|  |TAMS 0x000000008b700000, 0x000000008b700000| Untracked 
| 144|0x000000008b800000, 0x000000008b800000, 0x000000008b900000|  0%| F|  |TAMS 0x000000008b800000, 0x000000008b800000| Untracked 
| 145|0x000000008b900000, 0x000000008b900000, 0x000000008ba00000|  0%| F|  |TAMS 0x000000008b900000, 0x000000008b900000| Untracked 
| 146|0x000000008ba00000, 0x000000008ba00000, 0x000000008bb00000|  0%| F|  |TAMS 0x000000008ba00000, 0x000000008ba00000| Untracked 
| 147|0x000000008bb00000, 0x000000008bb00000, 0x000000008bc00000|  0%| F|  |TAMS 0x000000008bb00000, 0x000000008bb00000| Untracked 
| 148|0x000000008bc00000, 0x000000008bc00000, 0x000000008bd00000|  0%| F|  |TAMS 0x000000008bc00000, 0x000000008bc00000| Untracked 
| 149|0x000000008bd00000, 0x000000008bd00000, 0x000000008be00000|  0%| F|  |TAMS 0x000000008bd00000, 0x000000008bd00000| Untracked 
| 150|0x000000008be00000, 0x000000008be00000, 0x000000008bf00000|  0%| F|  |TAMS 0x000000008be00000, 0x000000008be00000| Untracked 
| 151|0x000000008bf00000, 0x000000008bf00000, 0x000000008c000000|  0%| F|  |TAMS 0x000000008bf00000, 0x000000008bf00000| Untracked 
| 152|0x000000008c000000, 0x000000008c000000, 0x000000008c100000|  0%| F|  |TAMS 0x000000008c000000, 0x000000008c000000| Untracked 
| 153|0x000000008c100000, 0x000000008c100000, 0x000000008c200000|  0%| F|  |TAMS 0x000000008c100000, 0x000000008c100000| Untracked 
| 154|0x000000008c200000, 0x000000008c200000, 0x000000008c300000|  0%| F|  |TAMS 0x000000008c200000, 0x000000008c200000| Untracked 
| 155|0x000000008c300000, 0x000000008c300000, 0x000000008c400000|  0%| F|  |TAMS 0x000000008c300000, 0x000000008c300000| Untracked 
| 156|0x000000008c400000, 0x000000008c400000, 0x000000008c500000|  0%| F|  |TAMS 0x000000008c400000, 0x000000008c400000| Untracked 
| 157|0x000000008c500000, 0x000000008c500000, 0x000000008c600000|  0%| F|  |TAMS 0x000000008c500000, 0x000000008c500000| Untracked 
| 158|0x000000008c600000, 0x000000008c600000, 0x000000008c700000|  0%| F|  |TAMS 0x000000008c600000, 0x000000008c600000| Untracked 
| 159|0x000000008c700000, 0x000000008c700000, 0x000000008c800000|  0%| F|  |TAMS 0x000000008c700000, 0x000000008c700000| Untracked 

Card table byte_map: [0x000001a272950000,0x000001a272d40000] _byte_map_base: 0x000001a27253c000

Marking Bits (Prev, Next): (CMBitMap*) 0x000001a26c93c3b0, (CMBitMap*) 0x000001a26c93c3f0
 Prev Bits: [0x000001a273130000, 0x000001a275090000)
 Next Bits: [0x000001a275090000, 0x000001a276ff0000)

Polling page: 0x000001a26c0b0000

Metaspace:

Usage:
  Non-class:     29.01 MB used.
      Class:      4.31 MB used.
       Both:     33.32 MB used.

Virtual space:
  Non-class space:       32.00 MB reserved,      29.12 MB ( 91%) committed,  4 nodes.
      Class space:        1.00 GB reserved,       4.44 MB ( <1%) committed,  1 nodes.
             Both:        1.03 GB reserved,      33.56 MB (  3%) committed. 

Chunk freelists:
   Non-Class:  2.06 MB
       Class:  3.58 MB
        Both:  5.64 MB

MaxMetaspaceSize: unlimited
CompressedClassSpaceSize: 1.00 GB
Initial GC threshold: 21.00 MB
Current GC threshold: 55.94 MB
CDS: off
MetaspaceReclaimPolicy: balanced
 - commit_granule_bytes: 65536.
 - commit_granule_words: 8192.
 - virtual_space_node_default_size: 1048576.
 - enlarge_chunks_in_place: 1.
 - new_chunks_are_fully_committed: 0.
 - uncommit_free_chunks: 1.
 - use_allocation_guard: 0.
 - handle_deallocations: 1.


Internal statistics:

num_allocs_failed_limit: 3.
num_arena_births: 296.
num_arena_deaths: 0.
num_vsnodes_births: 5.
num_vsnodes_deaths: 0.
num_space_committed: 537.
num_space_uncommitted: 0.
num_chunks_returned_to_freelist: 3.
num_chunks_taken_from_freelist: 1257.
num_chunk_merges: 3.
num_chunk_splits: 862.
num_chunks_enlarged: 674.
num_purges: 0.
num_inconsistent_stats: 0.

CodeCache: size=49152Kb used=8333Kb max_used=8333Kb free=40818Kb
 bounds [0x000001a26f560000, 0x000001a26fd90000, 0x000001a272560000]
 total_blobs=4083 nmethods=3564 adapters=444
 compilation: enabled
              stopped_count=0, restarted_count=0
 full_count=0

Compilation events (20 events):
Event: 6.700 Thread 0x000001a27a208be0 3556       1       java.lang.Exception::<init> (6 bytes)
Event: 6.700 Thread 0x000001a27a208be0 nmethod 3556 0x000001a26fd80a90 code [0x000001a26fd80c40, 0x000001a26fd80ec8]
Event: 6.889 Thread 0x000001a27a208be0 3557       1       io.github.classgraph.ScanResultObject::<init> (5 bytes)
Event: 6.889 Thread 0x000001a27a208be0 nmethod 3557 0x000001a26fd80f90 code [0x000001a26fd81120, 0x000001a26fd811d8]
Event: 6.897 Thread 0x000001a27a208be0 3558       1       io.github.classgraph.PotentiallyUnmodifiableList$1::hasNext (22 bytes)
Event: 6.898 Thread 0x000001a27a208be0 nmethod 3558 0x000001a26fd81290 code [0x000001a26fd81440, 0x000001a26fd81588]
Event: 6.910 Thread 0x000001a27a20a140 3559       1       sun.nio.fs.WindowsPath::getPathForExceptionMessage (5 bytes)
Event: 6.910 Thread 0x000001a27a20a140 nmethod 3559 0x000001a26fd81690 code [0x000001a26fd81820, 0x000001a26fd818f8]
Event: 6.964 Thread 0x000001a27940d740 3560       1       io.github.classgraph.MethodInfo::getThrownExceptionNames (19 bytes)
Event: 6.964 Thread 0x000001a27940d740 nmethod 3560 0x000001a26fd81990 code [0x000001a26fd81b20, 0x000001a26fd81cb8]
Event: 6.965 Thread 0x000001a27a20a140 3561       1       java.util.ArrayList::<init> (12 bytes)
Event: 6.965 Thread 0x000001a27a20a140 nmethod 3561 0x000001a26fd81d90 code [0x000001a26fd81f20, 0x000001a26fd82058]
Event: 6.965 Thread 0x000001a27940d740 3562       1       io.github.classgraph.PotentiallyUnmodifiableList::add (23 bytes)
Event: 6.965 Thread 0x000001a27a208be0 3563       1       io.github.classgraph.PotentiallyUnmodifiableList$1::next (10 bytes)
Event: 6.965 Thread 0x000001a27a208be0 nmethod 3563 0x000001a26fd82110 code [0x000001a26fd822a0, 0x000001a26fd82388]
Event: 6.966 Thread 0x000001a27940d740 nmethod 3562 0x000001a26fd82410 code [0x000001a26fd825c0, 0x000001a26fd82898]
Event: 6.966 Thread 0x000001a27a20a140 3564       1       nonapi.io.github.classgraph.types.Parser::peek (30 bytes)
Event: 6.966 Thread 0x000001a27a20a140 nmethod 3564 0x000001a26fd82a10 code [0x000001a26fd82bc0, 0x000001a26fd82dd8]
Event: 6.976 Thread 0x000001a27a208be0 3565       1       io.github.classgraph.MethodInfo::<init> (89 bytes)
Event: 6.977 Thread 0x000001a27a208be0 nmethod 3565 0x000001a26fd82f90 code [0x000001a26fd83160, 0x000001a26fd83668]

GC Heap History (20 events):
Event: 6.229 GC heap after
{Heap after GC invocations=16 (full 0):
 garbage-first heap   total 65536K, used 40937K [0x0000000082800000, 0x0000000100000000)
  region size 1024K, 2 young (2048K), 2 survivors (2048K)
 Metaspace       used 33892K, committed 34176K, reserved 1081344K
  class space    used 4394K, committed 4544K, reserved 1048576K
}
Event: 6.377 GC heap before
{Heap before GC invocations=17 (full 0):
 garbage-first heap   total 76800K, used 48105K [0x0000000082800000, 0x0000000100000000)
  region size 1024K, 10 young (10240K), 2 survivors (2048K)
 Metaspace       used 33894K, committed 34176K, reserved 1081344K
  class space    used 4395K, committed 4544K, reserved 1048576K
}
Event: 6.382 GC heap after
{Heap after GC invocations=18 (full 0):
 garbage-first heap   total 76800K, used 42253K [0x0000000082800000, 0x0000000100000000)
  region size 1024K, 1 young (1024K), 1 survivors (1024K)
 Metaspace       used 33894K, committed 34176K, reserved 1081344K
  class space    used 4395K, committed 4544K, reserved 1048576K
}
Event: 6.437 GC heap before
{Heap before GC invocations=18 (full 0):
 garbage-first heap   total 76800K, used 54541K [0x0000000082800000, 0x0000000100000000)
  region size 1024K, 14 young (14336K), 1 survivors (1024K)
 Metaspace       used 34121K, committed 34368K, reserved 1081344K
  class space    used 4418K, committed 4544K, reserved 1048576K
}
Event: 6.440 GC heap after
{Heap after GC invocations=19 (full 0):
 garbage-first heap   total 76800K, used 42947K [0x0000000082800000, 0x0000000100000000)
  region size 1024K, 2 young (2048K), 2 survivors (2048K)
 Metaspace       used 34121K, committed 34368K, reserved 1081344K
  class space    used 4418K, committed 4544K, reserved 1048576K
}
Event: 6.462 GC heap before
{Heap before GC invocations=19 (full 0):
 garbage-first heap   total 76800K, used 56259K [0x0000000082800000, 0x0000000100000000)
  region size 1024K, 16 young (16384K), 2 survivors (2048K)
 Metaspace       used 34121K, committed 34368K, reserved 1081344K
  class space    used 4418K, committed 4544K, reserved 1048576K
}
Event: 6.464 GC heap after
{Heap after GC invocations=20 (full 0):
 garbage-first heap   total 76800K, used 43643K [0x0000000082800000, 0x0000000100000000)
  region size 1024K, 2 young (2048K), 2 survivors (2048K)
 Metaspace       used 34121K, committed 34368K, reserved 1081344K
  class space    used 4418K, committed 4544K, reserved 1048576K
}
Event: 6.484 GC heap before
{Heap before GC invocations=20 (full 0):
 garbage-first heap   total 76800K, used 56955K [0x0000000082800000, 0x0000000100000000)
  region size 1024K, 16 young (16384K), 2 survivors (2048K)
 Metaspace       used 34121K, committed 34368K, reserved 1081344K
  class space    used 4418K, committed 4544K, reserved 1048576K
}
Event: 6.485 GC heap after
{Heap after GC invocations=21 (full 0):
 garbage-first heap   total 76800K, used 44375K [0x0000000082800000, 0x0000000100000000)
  region size 1024K, 2 young (2048K), 2 survivors (2048K)
 Metaspace       used 34121K, committed 34368K, reserved 1081344K
  class space    used 4418K, committed 4544K, reserved 1048576K
}
Event: 6.586 GC heap before
{Heap before GC invocations=22 (full 0):
 garbage-first heap   total 81920K, used 58711K [0x0000000082800000, 0x0000000100000000)
  region size 1024K, 17 young (17408K), 2 survivors (2048K)
 Metaspace       used 34121K, committed 34368K, reserved 1081344K
  class space    used 4418K, committed 4544K, reserved 1048576K
}
Event: 6.588 GC heap after
{Heap after GC invocations=23 (full 0):
 garbage-first heap   total 81920K, used 45299K [0x0000000082800000, 0x0000000100000000)
  region size 1024K, 3 young (3072K), 3 survivors (3072K)
 Metaspace       used 34121K, committed 34368K, reserved 1081344K
  class space    used 4418K, committed 4544K, reserved 1048576K
}
Event: 6.589 GC heap before
{Heap before GC invocations=23 (full 0):
 garbage-first heap   total 81920K, used 45299K [0x0000000082800000, 0x0000000100000000)
  region size 1024K, 4 young (4096K), 3 survivors (3072K)
 Metaspace       used 34121K, committed 34368K, reserved 1081344K
  class space    used 4418K, committed 4544K, reserved 1048576K
}
Event: 6.591 GC heap after
{Heap after GC invocations=24 (full 0):
 garbage-first heap   total 163840K, used 44753K [0x0000000082800000, 0x0000000100000000)
  region size 1024K, 1 young (1024K), 1 survivors (1024K)
 Metaspace       used 34121K, committed 34368K, reserved 1081344K
  class space    used 4418K, committed 4544K, reserved 1048576K
}
Event: 6.747 GC heap before
{Heap before GC invocations=24 (full 0):
 garbage-first heap   total 163840K, used 113361K [0x0000000082800000, 0x0000000100000000)
  region size 1024K, 69 young (70656K), 1 survivors (1024K)
 Metaspace       used 34121K, committed 34368K, reserved 1081344K
  class space    used 4418K, committed 4544K, reserved 1048576K
}
Event: 6.751 GC heap after
{Heap after GC invocations=25 (full 0):
 garbage-first heap   total 163840K, used 47872K [0x0000000082800000, 0x0000000100000000)
  region size 1024K, 4 young (4096K), 4 survivors (4096K)
 Metaspace       used 34121K, committed 34368K, reserved 1081344K
  class space    used 4418K, committed 4544K, reserved 1048576K
}
Event: 6.891 GC heap before
{Heap before GC invocations=25 (full 0):
 garbage-first heap   total 163840K, used 124672K [0x0000000082800000, 0x0000000100000000)
  region size 1024K, 80 young (81920K), 4 survivors (4096K)
 Metaspace       used 34121K, committed 34368K, reserved 1081344K
  class space    used 4418K, committed 4544K, reserved 1048576K
}
Event: 6.897 GC heap after
{Heap after GC invocations=26 (full 0):
 garbage-first heap   total 163840K, used 51814K [0x0000000082800000, 0x0000000100000000)
  region size 1024K, 8 young (8192K), 8 survivors (8192K)
 Metaspace       used 34121K, committed 34368K, reserved 1081344K
  class space    used 4418K, committed 4544K, reserved 1048576K
}
Event: 7.002 GC heap before
{Heap before GC invocations=26 (full 0):
 garbage-first heap   total 163840K, used 127590K [0x0000000082800000, 0x0000000100000000)
  region size 1024K, 83 young (84992K), 8 survivors (8192K)
 Metaspace       used 34121K, committed 34368K, reserved 1081344K
  class space    used 4418K, committed 4544K, reserved 1048576K
}
Event: 7.009 GC heap after
{Heap after GC invocations=27 (full 0):
 garbage-first heap   total 163840K, used 55532K [0x0000000082800000, 0x0000000100000000)
  region size 1024K, 8 young (8192K), 8 survivors (8192K)
 Metaspace       used 34121K, committed 34368K, reserved 1081344K
  class space    used 4418K, committed 4544K, reserved 1048576K
}
Event: 7.084 GC heap before
{Heap before GC invocations=27 (full 0):
 garbage-first heap   total 163840K, used 130284K [0x0000000082800000, 0x0000000100000000)
  region size 1024K, 82 young (83968K), 8 survivors (8192K)
 Metaspace       used 34121K, committed 34368K, reserved 1081344K
  class space    used 4418K, committed 4544K, reserved 1048576K
}

Deoptimization events (20 events):
Event: 2.843 Thread 0x000001a26c8e0ff0 DEOPT PACKING pc=0x000001a26fa08999 sp=0x0000007a721fd4f0
Event: 2.843 Thread 0x000001a26c8e0ff0 DEOPT UNPACKING pc=0x000001a26f5b2b43 sp=0x0000007a721fc9d0 mode 3
Event: 3.383 Thread 0x000001a26c8e0ff0 DEOPT PACKING pc=0x000001a26fac82f5 sp=0x0000007a721fcfa0
Event: 3.383 Thread 0x000001a26c8e0ff0 DEOPT UNPACKING pc=0x000001a26f5b2b43 sp=0x0000007a721fc410 mode 3
Event: 4.310 Thread 0x000001a26c8e0ff0 DEOPT PACKING pc=0x000001a26fb74b19 sp=0x0000007a721fca60
Event: 4.310 Thread 0x000001a26c8e0ff0 DEOPT UNPACKING pc=0x000001a26f5b2b43 sp=0x0000007a721fbf40 mode 3
Event: 4.708 Thread 0x000001a27badb480 DEOPT PACKING pc=0x000001a26fbe12ab sp=0x0000007a738fea00
Event: 4.708 Thread 0x000001a27badb480 DEOPT UNPACKING pc=0x000001a26f5b2b43 sp=0x0000007a738fdf48 mode 3
Event: 5.129 Thread 0x000001a27bd2b400 DEOPT PACKING pc=0x000001a26fcac035 sp=0x0000007a744fdbc0
Event: 5.129 Thread 0x000001a27bd2b400 DEOPT UNPACKING pc=0x000001a26f5b2b43 sp=0x0000007a744fd0e8 mode 3
Event: 5.149 Thread 0x000001a27bd2a500 DEOPT PACKING pc=0x000001a26fc812e0 sp=0x0000007a741fe6c0
Event: 5.149 Thread 0x000001a27bd2a500 DEOPT UNPACKING pc=0x000001a26f5b2b43 sp=0x0000007a741fde80 mode 0
Event: 5.168 Thread 0x000001a27bc8a9a0 DEOPT PACKING pc=0x000001a26fc80a84 sp=0x0000007a73cfe630
Event: 5.169 Thread 0x000001a27bc8a9a0 DEOPT UNPACKING pc=0x000001a26f5b2b43 sp=0x0000007a73cfdd80 mode 0
Event: 5.191 Thread 0x000001a27bd2aee0 DEOPT PACKING pc=0x000001a26fc80a84 sp=0x0000007a740fed50
Event: 5.191 Thread 0x000001a27bd2aee0 DEOPT UNPACKING pc=0x000001a26f5b2b43 sp=0x0000007a740fe4a0 mode 0
Event: 5.551 Thread 0x000001a27bc8a9a0 DEOPT PACKING pc=0x000001a26fa09d81 sp=0x0000007a73cfea70
Event: 5.551 Thread 0x000001a27bc8a9a0 DEOPT UNPACKING pc=0x000001a26f5b2b43 sp=0x0000007a73cfdf00 mode 3
Event: 6.008 Thread 0x000001a27bd2d5b0 DEOPT PACKING pc=0x000001a26fa02397 sp=0x0000007a742feb90
Event: 6.008 Thread 0x000001a27bd2d5b0 DEOPT UNPACKING pc=0x000001a26f5b2b43 sp=0x0000007a742fdfe8 mode 3

Classes unloaded (0 events):
No events

Classes redefined (0 events):
No events

Internal exceptions (20 events):
Event: 7.058 Thread 0x000001a27bd2aee0 Exception <a 'sun/nio/fs/WindowsException'{0x0000000089bffe18}> (0x0000000089bffe18) 
thrown [e:\jenkins\tmp\workspace\build\src\src\hotspot\share\prims\jni.cpp, line 516]
Event: 7.058 Thread 0x000001a27bd2aee0 Exception <a 'sun/nio/fs/WindowsException'{0x000000008993b750}> (0x000000008993b750) 
thrown [e:\jenkins\tmp\workspace\build\src\src\hotspot\share\prims\jni.cpp, line 516]
Event: 7.059 Thread 0x000001a27bd2a500 Exception <a 'sun/nio/fs/WindowsException'{0x00000000899ad320}> (0x00000000899ad320) 
thrown [e:\jenkins\tmp\workspace\build\src\src\hotspot\share\prims\jni.cpp, line 516]
Event: 7.059 Thread 0x000001a27bd2a500 Exception <a 'sun/nio/fs/WindowsException'{0x00000000899ad738}> (0x00000000899ad738) 
thrown [e:\jenkins\tmp\workspace\build\src\src\hotspot\share\prims\jni.cpp, line 516]
Event: 7.059 Thread 0x000001a27bc8a9a0 Exception <a 'sun/nio/fs/WindowsException'{0x0000000089aeb670}> (0x0000000089aeb670) 
thrown [e:\jenkins\tmp\workspace\build\src\src\hotspot\share\prims\jni.cpp, line 516]
Event: 7.059 Thread 0x000001a27bc8a9a0 Exception <a 'sun/nio/fs/WindowsException'{0x0000000089aebab0}> (0x0000000089aebab0) 
thrown [e:\jenkins\tmp\workspace\build\src\src\hotspot\share\prims\jni.cpp, line 516]
Event: 7.068 Thread 0x000001a27bd2a500 Exception <a 'sun/nio/fs/WindowsException'{0x0000000089057f00}> (0x0000000089057f00) 
thrown [e:\jenkins\tmp\workspace\build\src\src\hotspot\share\prims\jni.cpp, line 516]
Event: 7.068 Thread 0x000001a27bc8a9a0 Exception <a 'sun/nio/fs/WindowsException'{0x00000000893c3808}> (0x00000000893c3808) 
thrown [e:\jenkins\tmp\workspace\build\src\src\hotspot\share\prims\jni.cpp, line 516]
Event: 7.068 Thread 0x000001a27bd2a500 Exception <a 'sun/nio/fs/WindowsException'{0x0000000089058370}> (0x0000000089058370) 
thrown [e:\jenkins\tmp\workspace\build\src\src\hotspot\share\prims\jni.cpp, line 516]
Event: 7.068 Thread 0x000001a27bc8a9a0 Exception <a 'sun/nio/fs/WindowsException'{0x00000000893c3c88}> (0x00000000893c3c88) 
thrown [e:\jenkins\tmp\workspace\build\src\src\hotspot\share\prims\jni.cpp, line 516]
Event: 7.068 Thread 0x000001a27bd0db00 Exception <a 'sun/nio/fs/WindowsException'{0x00000000890f9238}> (0x00000000890f9238) 
thrown [e:\jenkins\tmp\workspace\build\src\src\hotspot\share\prims\jni.cpp, line 516]
Event: 7.068 Thread 0x000001a27bd0db00 Exception <a 'sun/nio/fs/WindowsException'{0x00000000890f9688}> (0x00000000890f9688) 
thrown [e:\jenkins\tmp\workspace\build\src\src\hotspot\share\prims\jni.cpp, line 516]
Event: 7.069 Thread 0x000001a27bd2edc0 Exception <a 'sun/nio/fs/WindowsException'{0x0000000088d34fe0}> (0x0000000088d34fe0) 
thrown [e:\jenkins\tmp\workspace\build\src\src\hotspot\share\prims\jni.cpp, line 516]
Event: 7.069 Thread 0x000001a27bd2edc0 Exception <a 'sun/nio/fs/WindowsException'{0x0000000088d35420}> (0x0000000088d35420) 
thrown [e:\jenkins\tmp\workspace\build\src\src\hotspot\share\prims\jni.cpp, line 516]
Event: 7.069 Thread 0x000001a27bd2edc0 Exception <a 'sun/nio/fs/WindowsException'{0x0000000088d35fc0}> (0x0000000088d35fc0) 
thrown [e:\jenkins\tmp\workspace\build\src\src\hotspot\share\prims\jni.cpp, line 516]
Event: 7.069 Thread 0x000001a27bd2edc0 Exception <a 'sun/nio/fs/WindowsException'{0x0000000088d363f0}> (0x0000000088d363f0) 
thrown [e:\jenkins\tmp\workspace\build\src\src\hotspot\share\prims\jni.cpp, line 516]
Event: 7.073 Thread 0x000001a27bd0dfd0 Exception <a 'sun/nio/fs/WindowsException'{0x0000000088b647f8}> (0x0000000088b647f8) 
thrown [e:\jenkins\tmp\workspace\build\src\src\hotspot\share\prims\jni.cpp, line 516]
Event: 7.073 Thread 0x000001a27bd0dfd0 Exception <a 'sun/nio/fs/WindowsException'{0x0000000088b64c18}> (0x0000000088b64c18) 
thrown [e:\jenkins\tmp\workspace\build\src\src\hotspot\share\prims\jni.cpp, line 516]
Event: 7.074 Thread 0x000001a27bd0db00 Exception <a 'sun/nio/fs/WindowsException'{0x0000000088ae7630}> (0x0000000088ae7630) 
thrown [e:\jenkins\tmp\workspace\build\src\src\hotspot\share\prims\jni.cpp, line 516]
Event: 7.074 Thread 0x000001a27bd0db00 Exception <a 'sun/nio/fs/WindowsException'{0x0000000088ae7a50}> (0x0000000088ae7a50) 
thrown [e:\jenkins\tmp\workspace\build\src\src\hotspot\share\prims\jni.cpp, line 516]

VM Operations (20 events):
Event: 6.530 Executing VM operation: G1Concurrent done
Event: 6.570 Executing VM operation: G1Concurrent
Event: 6.570 Executing VM operation: G1Concurrent done
Event: 6.586 Executing VM operation: G1CollectForAllocation
Event: 6.586 Executing VM operation: G1CollectForAllocation done
Event: 6.586 Executing VM operation: G1CollectForAllocation
Event: 6.588 Executing VM operation: G1CollectForAllocation done
Event: 6.588 Executing VM operation: G1CollectForAllocation
Event: 6.591 Executing VM operation: G1CollectForAllocation done
Event: 6.747 Executing VM operation: G1CollectForAllocation
Event: 6.751 Executing VM operation: G1CollectForAllocation done
Event: 6.891 Executing VM operation: G1CollectForAllocation
Event: 6.891 Executing VM operation: G1CollectForAllocation done
Event: 6.891 Executing VM operation: G1CollectForAllocation
Event: 6.897 Executing VM operation: G1CollectForAllocation done
Event: 6.985 Executing VM operation: G1CollectForAllocation
Event: 7.009 Executing VM operation: G1CollectForAllocation done
Event: 7.084 Executing VM operation: G1CollectForAllocation
Event: 7.084 Executing VM operation: G1CollectForAllocation done
Event: 7.084 Executing VM operation: G1CollectForAllocation

Events (20 events):
Event: 5.197 loading class java/util/concurrent/atomic/AtomicLongFieldUpdater done
Event: 5.197 loading class java/util/concurrent/atomic/AtomicLongFieldUpdater$CASUpdater
Event: 5.197 loading class java/util/concurrent/atomic/AtomicLongFieldUpdater$CASUpdater done
Event: 5.197 loading class java/util/concurrent/atomic/AtomicLongFieldUpdater$CASUpdater$1
Event: 5.197 loading class java/util/concurrent/atomic/AtomicLongFieldUpdater$CASUpdater$1 done
Event: 5.206 loading class java/io/PrintWriter
Event: 5.206 loading class java/io/PrintWriter done
Event: 5.363 Thread 0x000001a27bd2da80 Thread added: 0x000001a27bd2da80
Event: 5.451 loading class java/util/concurrent/CompletionException
Event: 5.452 loading class java/util/concurrent/CompletionException done
Event: 5.459 loading class sun/nio/cs/StringUTF16
Event: 5.459 loading class sun/nio/cs/StringUTF16 done
Event: 5.461 loading class java/util/WeakHashMap$EntrySet
Event: 5.461 loading class java/util/WeakHashMap$EntrySet done
Event: 5.461 loading class java/util/WeakHashMap$EntryIterator
Event: 5.461 loading class java/util/WeakHashMap$HashIterator
Event: 5.461 loading class java/util/WeakHashMap$HashIterator done
Event: 5.461 loading class java/util/WeakHashMap$EntryIterator done
Event: 6.198 loading class sun/nio/fs/WindowsChannelFactory$2
Event: 6.198 loading class sun/nio/fs/WindowsChannelFactory$2 done


Dynamic libraries:
0x00007ff705c70000 - 0x00007ff705c7e000 	c:\Users\andre\.vscode\extensions\redhat.java-1.7.0-win32-x64\jre\17.0.3-win32-x86_64\bin\java.exe
0x00007fffc64c0000 - 0x00007fffc66c9000 	C:\WINDOWS\SYSTEM32\ntdll.dll
0x00007fffc6260000 - 0x00007fffc631d000 	C:\WINDOWS\System32\KERNEL32.DLL
0x00007fffc3fd0000 - 0x00007fffc4349000 	C:\WINDOWS\System32\KERNELBASE.dll
0x00007fffc3df0000 - 0x00007fffc3f01000 	C:\WINDOWS\System32\ucrtbase.dll
0x00007fffa41d0000 - 0x00007fffa41e8000 	c:\Users\andre\.vscode\extensions\redhat.java-1.7.0-win32-x64\jre\17.0.3-win32-x86_64\bin\jli.dll
0x00007fffa0580000 - 0x00007fffa0599000 	c:\Users\andre\.vscode\extensions\redhat.java-1.7.0-win32-x64\jre\17.0.3-win32-x86_64\bin\VCRUNTIME140.dll
0x00007fffc5730000 - 0x00007fffc58dc000 	C:\WINDOWS\System32\USER32.dll
0x00007fffc3b60000 - 0x00007fffc3b86000 	C:\WINDOWS\System32\win32u.dll
0x00007fffc5210000 - 0x00007fffc5239000 	C:\WINDOWS\System32\GDI32.dll
0x00007fffc39a0000 - 0x00007fffc3ab2000 	C:\WINDOWS\System32\gdi32full.dll
0x00007fffc3ac0000 - 0x00007fffc3b5d000 	C:\WINDOWS\System32\msvcp_win.dll
0x00007fffada60000 - 0x00007fffadd05000 	C:\WINDOWS\WinSxS\amd64_microsoft.windows.common-controls_6595b64144ccf1df_6.0.22000.120_none_9d947278b86cc467\COMCTL32.dll
0x00007fffc4510000 - 0x00007fffc45b3000 	C:\WINDOWS\System32\msvcrt.dll
0x00007fffc45c0000 - 0x00007fffc45f1000 	C:\WINDOWS\System32\IMM32.DLL
0x00007fffb2190000 - 0x00007fffb219c000 	c:\Users\andre\.vscode\extensions\redhat.java-1.7.0-win32-x64\jre\17.0.3-win32-x86_64\bin\vcruntime140_1.dll
0x00007fff7d260000 - 0x00007fff7d2f1000 	c:\Users\andre\.vscode\extensions\redhat.java-1.7.0-win32-x64\jre\17.0.3-win32-x86_64\bin\msvcp140.dll
0x00007fff64b40000 - 0x00007fff65788000 	c:\Users\andre\.vscode\extensions\redhat.java-1.7.0-win32-x64\jre\17.0.3-win32-x86_64\bin\server\jvm.dll
0x00007fffc43d0000 - 0x00007fffc447e000 	C:\WINDOWS\System32\ADVAPI32.dll
0x00007fffc5240000 - 0x00007fffc52de000 	C:\WINDOWS\System32\sechost.dll
0x00007fffc52e0000 - 0x00007fffc5400000 	C:\WINDOWS\System32\RPCRT4.dll
0x00007fffc4480000 - 0x00007fffc4488000 	C:\WINDOWS\System32\PSAPI.DLL
0x00007fffae8f0000 - 0x00007fffae8f9000 	C:\WINDOWS\SYSTEM32\WSOCK32.dll
0x00007fffc56c0000 - 0x00007fffc572f000 	C:\WINDOWS\System32\WS2_32.dll
0x00007fffbd850000 - 0x00007fffbd883000 	C:\WINDOWS\SYSTEM32\WINMM.dll
0x00007fffbd780000 - 0x00007fffbd78a000 	C:\WINDOWS\SYSTEM32\VERSION.dll
0x00007fffc2aa0000 - 0x00007fffc2ab8000 	C:\WINDOWS\SYSTEM32\kernel.appcore.dll
0x00007fffaffc0000 - 0x00007fffaffca000 	c:\Users\andre\.vscode\extensions\redhat.java-1.7.0-win32-x64\jre\17.0.3-win32-x86_64\bin\jimage.dll
0x00007fffb64d0000 - 0x00007fffb66f1000 	C:\WINDOWS\SYSTEM32\DBGHELP.DLL
0x00007fffaddd0000 - 0x00007fffade01000 	C:\WINDOWS\SYSTEM32\dbgcore.DLL
0x00007fffc3b90000 - 0x00007fffc3c0f000 	C:\WINDOWS\System32\bcryptPrimitives.dll
0x00007fff9e0a0000 - 0x00007fff9e0c5000 	c:\Users\andre\.vscode\extensions\redhat.java-1.7.0-win32-x64\jre\17.0.3-win32-x86_64\bin\java.dll
0x00007fff9f8d0000 - 0x00007fff9f8e8000 	c:\Users\andre\.vscode\extensions\redhat.java-1.7.0-win32-x64\jre\17.0.3-win32-x86_64\bin\zip.dll
0x00007fffc5aa0000 - 0x00007fffc6258000 	C:\WINDOWS\System32\SHELL32.dll
0x00007fffc1b10000 - 0x00007fffc2378000 	C:\WINDOWS\SYSTEM32\windows.storage.dll
0x00007fffc4600000 - 0x00007fffc4979000 	C:\WINDOWS\System32\combase.dll
0x00007fffc19a0000 - 0x00007fffc1b06000 	C:\WINDOWS\SYSTEM32\wintypes.dll
0x00007fffc50b0000 - 0x00007fffc519a000 	C:\WINDOWS\System32\SHCORE.dll
0x00007fffc51a0000 - 0x00007fffc51fd000 	C:\WINDOWS\System32\shlwapi.dll
0x00007fffc38d0000 - 0x00007fffc38f1000 	C:\WINDOWS\SYSTEM32\profapi.dll
0x00007fffa0560000 - 0x00007fffa0579000 	C:\Users\andre\.vscode\extensions\redhat.java-1.7.0-win32-x64\jre\17.0.3-win32-x86_64\bin\net.dll
0x00007fffbc910000 - 0x00007fffbca1c000 	C:\WINDOWS\SYSTEM32\WINHTTP.dll
0x00007fffc2ed0000 - 0x00007fffc2f37000 	C:\WINDOWS\system32\mswsock.dll
0x00007fffa0540000 - 0x00007fffa0555000 	C:\Users\andre\.vscode\extensions\redhat.java-1.7.0-win32-x64\jre\17.0.3-win32-x86_64\bin\nio.dll
0x00007fffa4e70000 - 0x00007fffa4e80000 	c:\Users\andre\.vscode\extensions\redhat.java-1.7.0-win32-x64\jre\17.0.3-win32-x86_64\bin\verify.dll
0x00007fffa00d0000 - 0x00007fffa00d9000 	C:\Users\andre\.vscode\extensions\redhat.java-1.7.0-win32-x64\jre\17.0.3-win32-x86_64\bin\management.dll
0x00007fff9cb90000 - 0x00007fff9cb9b000 	C:\Users\andre\.vscode\extensions\redhat.java-1.7.0-win32-x64\jre\17.0.3-win32-x86_64\bin\management_ext.dll
0x00007fff89a70000 - 0x00007fff89a87000 	C:\WINDOWS\system32\napinsp.dll
0x00007fff89a50000 - 0x00007fff89a6b000 	C:\WINDOWS\system32\pnrpnsp.dll
0x00007fffc2640000 - 0x00007fffc2728000 	C:\WINDOWS\SYSTEM32\DNSAPI.dll
0x00007fffc2610000 - 0x00007fffc263d000 	C:\WINDOWS\SYSTEM32\IPHLPAPI.DLL
0x00007fffc5200000 - 0x00007fffc5209000 	C:\WINDOWS\System32\NSI.dll
0x00007fff89a30000 - 0x00007fff89a42000 	C:\WINDOWS\System32\winrnr.dll
0x00007fff91980000 - 0x00007fff91995000 	C:\WINDOWS\system32\wshbth.dll
0x00007fff89a10000 - 0x00007fff89a2f000 	C:\WINDOWS\system32\nlansp_c.dll
0x00007fffb56f0000 - 0x00007fffb56fa000 	C:\Windows\System32\rasadhlp.dll
0x00007fffb5660000 - 0x00007fffb56e1000 	C:\WINDOWS\System32\fwpuclnt.dll
0x00007fffc3120000 - 0x00007fffc3138000 	C:\WINDOWS\SYSTEM32\CRYPTSP.dll
0x00007fffc2a00000 - 0x00007fffc2a35000 	C:\WINDOWS\system32\rsaenh.dll
0x00007fffc2fc0000 - 0x00007fffc2fe9000 	C:\WINDOWS\SYSTEM32\USERENV.dll
0x00007fffc3300000 - 0x00007fffc3327000 	C:\WINDOWS\SYSTEM32\bcrypt.dll
0x00007fffc3110000 - 0x00007fffc311c000 	C:\WINDOWS\SYSTEM32\CRYPTBASE.dll
0x00007fffbc8f0000 - 0x00007fffbc909000 	C:\WINDOWS\SYSTEM32\dhcpcsvc6.DLL
0x00007fffbcb40000 - 0x00007fffbcb5e000 	C:\WINDOWS\SYSTEM32\dhcpcsvc.DLL

dbghelp: loaded successfully - version: 4.0.5 - missing functions: none
symbol engine: initialized successfully - sym options: 0x614 - pdb path: .;c:\Users\andre\.vscode\extensions\redhat.java-1.7.0-win32-x64\jre\17.0.3-win32-x86_64\bin;C:\WINDOWS\SYSTEM32;C:\WINDOWS\WinSxS\amd64_microsoft.windows.common-controls_6595b64144ccf1df_6.0.22000.120_none_9d947278b86cc467;c:\Users\andre\.vscode\extensions\redhat.java-1.7.0-win32-x64\jre\17.0.3-win32-x86_64\bin\server

VM Arguments:
jvm_args: --add-modules=ALL-SYSTEM --add-exports=jdk.compiler/com.sun.tools.javac.file=ALL-UNNAMED --add-exports=jdk.compiler/com.sun.tools.javac.util=ALL-UNNAMED --add-exports=jdk.compiler/com.sun.tools.javac.comp=ALL-UNNAMED --add-exports=jdk.compiler/com.sun.tools.javac.main=ALL-UNNAMED --add-exports=jdk.compiler/com.sun.tools.javac.tree=ALL-UNNAMED --add-exports=jdk.compiler/com.sun.tools.javac.code=ALL-UNNAMED -Dsts.lsp.client=vscode -Dsts.log.file=/dev/null -XX:TieredStopAtLevel=1 -Dspring.config.location=file:c:\Users\andre\.vscode\extensions\pivotal.vscode-spring-boot-1.35.0\language-server\BOOT-INF\classes\application.properties 
java_command: org.springframework.ide.vscode.boot.app.BootLanguageServerBootApp
java_class_path (initial): c:\Users\andre\.vscode\extensions\pivotal.vscode-spring-boot-1.35.0\language-server\BOOT-INF\classes;c:\Users\andre\.vscode\extensions\pivotal.vscode-spring-boot-1.35.0\language-server\BOOT-INF\lib\annotations-23.0.0.jar;c:\Users\andre\.vscode\extensions\pivotal.vscode-spring-boot-1.35.0\language-server\BOOT-INF\lib\antlr-runtime-3.5.2.jar;c:\Users\andre\.vscode\extensions\pivotal.vscode-spring-boot-1.35.0\language-server\BOOT-INF\lib\antlr4-4.9.3.jar;c:\Users\andre\.vscode\extensions\pivotal.vscode-spring-boot-1.35.0\language-server\BOOT-INF\lib\antlr4-runtime-4.9.3.jar;c:\Users\andre\.vscode\extensions\pivotal.vscode-spring-boot-1.35.0\language-server\BOOT-INF\lib\asm-9.3.jar;c:\Users\andre\.vscode\extensions\pivotal.vscode-spring-boot-1.35.0\language-server\BOOT-INF\lib\asm-analysis-9.3.jar;c:\Users\andre\.vscode\extensions\pivotal.vscode-spring-boot-1.35.0\language-server\BOOT-INF\lib\asm-tree-9.3.jar;c:\Users\andre\.vscode\extensions\pivotal.vscode-spring-boot-1.35.0\language-server\BOOT-INF\lib\asm-util-9.3.jar;c:\Users\andre\.vscode\extensions\pivotal.vscode-spring-boot-1.35.0\language-server\BOOT-INF\lib\byte-buddy-1.10.18.jar;c:\Users\andre\.vscode\extensions\pivotal.vscode-spring-boot-1.35.0\language-server\BOOT-INF\lib\caffeine-2.8.6.jar;c:\Users\andre\.vscode\extensions\pivotal.vscode-spring-boot-1.35.0\language-server\BOOT-INF\lib\checker-qual-3.12.0.jar;c:\Users\andre\.vscode\extensions\pivotal.vscode-spring-boot-1.35.0\language-server\BOOT-INF\lib\classgraph-4.8.146.jar;c:\Users\andre\.vscode\extensions\pivotal.vscode-spring-boot-1.35.0\language-server\BOOT-INF\lib\commons-codec-1.14.jar;c:\Users\andre\.vscode\extensions\pivotal.vscode-spring-boot-1.35.0\language-server\BOOT-INF\lib\commons-compress-1.21.jar;c:\Users\andre\.vscode\extensions\pivotal.vscode-spring-boot-1.35.0\language-server\BOOT-INF\lib\commons-exec-1.3.jar;c:\Users\andre\.vscode\extensions\pivotal.vscode-spring-boot-1.35.0\language-server\BOOT-INF\lib\com
Launcher Type: SUN_STANDARD

[Global flags]
     intx CICompilerCount                          = 3                                         {product} {ergonomic}
     uint ConcGCThreads                            = 1                                         {product} {ergonomic}
     uint G1ConcRefinementThreads                  = 4                                         {product} {ergonomic}
   size_t G1HeapRegionSize                         = 1048576                                   {product} {ergonomic}
    uintx GCDrainStackTargetSize                   = 64                                        {product} {ergonomic}
   size_t InitialHeapSize                          = 132120576                                 {product} {ergonomic}
   size_t MarkStackSize                            = 4194304                                   {product} {ergonomic}
   size_t MaxHeapSize                              = 2105540608                                {product} {ergonomic}
   size_t MaxNewSize                               = 1262485504                                {product} {ergonomic}
   size_t MinHeapDeltaBytes                        = 1048576                                   {product} {ergonomic}
   size_t MinHeapSize                              = 8388608                                   {product} {ergonomic}
    uintx NonProfiledCodeHeapSize                  = 0                                      {pd product} {ergonomic}
     bool ProfileInterpreter                       = false                                  {pd product} {command line}
    uintx ProfiledCodeHeapSize                     = 0                                      {pd product} {ergonomic}
   size_t SoftMaxHeapSize                          = 2105540608                             {manageable} {ergonomic}
     intx TieredStopAtLevel                        = 1                                         {product} {command line}
     bool UseCompressedClassPointers               = true                           {product lp64_product} {ergonomic}
     bool UseCompressedOops                        = true                           {product lp64_product} {ergonomic}
     bool UseG1GC                                  = true                                      {product} {ergonomic}
     bool UseLargePagesIndividualAllocation        = false                                  {pd product} {ergonomic}

Logging:
Log output configuration:
 #0: stdout all=warning uptime,level,tags
 #1: stderr all=off uptime,level,tags

Environment Variables:
PATH=C:\Program Files\Common Files\Oracle\Java\javapath;C:\WINDOWS\system32;C:\WINDOWS;C:\WINDOWS\System32\Wbem;C:\WINDOWS\System32\WindowsPowerShell\v1.0\;C:\WINDOWS\System32\OpenSSH\;C:\Program Files (x86)\HP\Common\HPDestPlgIn\;C:\Program Files\nodejs\;C:\Program Files\MongoDB\Server\5.0\bin;C:\Program Files\Git\cmd;C:\Program Files\apache-maven-3.8.5\bin;C:\Users\andre\AppData\Local\Microsoft\WindowsApps;C:\Program Files (x86)\HP\Common\HPDestPlgIn\;C:\Users\andre\AppData\Local\Programs\Microsoft VS Code\bin;C:\Users\andre\AppData\Roaming\npm;
USERNAME=andre
SHELL=C:\Program Files\Git\usr\bin\bash.exe
DISPLAY=needs-to-be-defined
LC_CTYPE=en_US.UTF-8
OS=Windows_NT
PROCESSOR_IDENTIFIER=Intel64 Family 6 Model 142 Stepping 12, GenuineIntel



---------------  S Y S T E M  ---------------

OS:
 Windows 11 , 64 bit Build 22000 (10.0.22000.708)
OS uptime: 5 days 18:35 hours

CPU: total 4 (initial active 4) (2 cores per cpu, 2 threads per core) family 6 model 142 stepping 12 microcode 0xec, cx8, cmov, fxsr, ht, mmx, 3dnowpref, sse, sse2, sse3, ssse3, sse4.1, sse4.2, popcnt, lzcnt, tsc, tscinvbit, avx, avx2, aes, erms, clmul, bmi1, bmi2, adx, fma, vzeroupper, clflush, clflushopt

Memory: 4k page, system-wide physical 8026M (579M free)
TotalPageFile size 19573M (AvailPageFile size 139M)
current process WorkingSet (physical memory assigned to process): 251M, peak: 251M
current process commit charge ("private bytes"): 282M, peak: 529M

vm_info: OpenJDK 64-Bit Server VM (17.0.3+7) for windows-amd64 JRE (17.0.3+7), built on Apr 19 2022 16:55:35 by "" with MS VC++ 16.7 (VS2019)

END.
