#
# There is insufficient memory for the Java Runtime Environment to continue.
# Native memory allocation (mmap) failed to map 80740352 bytes for G1 virtual space
# Possible reasons:
#   The system is out of physical RAM or swap space
#   The process is running with CompressedOops enabled, and the Java Heap may be blocking the growth of the native heap
# Possible solutions:
#   Reduce memory load on the system
#   Increase physical memory or swap space
#   Check if swap backing store is full
#   Decrease Java heap size (-Xmx/-Xms)
#   Decrease number of Java threads
#   Decrease Java thread stack sizes (-Xss)
#   Set larger code cache with -XX:ReservedCodeCacheSize=
#   JVM is running with Unscaled Compressed Oops mode in which the Java heap is
#     placed in the first 4GB address space. The Java Heap base address is the
#     maximum limit for the native heap growth. Please use -XX:HeapBaseMinAddress
#     to set the Java Heap base and to place the Java Heap above 4GB virtual address.
# This output file may be truncated or incomplete.
#
#  Out of Memory Error (os_windows.cpp:3535), pid=153128, tid=113636
#
# JRE version: OpenJDK Runtime Environment Temurin-17.0.3+7 (17.0.3+7) (build 17.0.3+7)
# Java VM: OpenJDK 64-Bit Server VM Temurin-17.0.3+7 (17.0.3+7, mixed mode, emulated-client, tiered, compressed oops, compressed class ptrs, g1 gc, windows-amd64)
# No core dump will be written. Minidumps are not enabled by default on client versions of Windows
#

---------------  S U M M A R Y ------------

Command Line: --add-modules=ALL-SYSTEM --add-exports=jdk.compiler/com.sun.tools.javac.file=ALL-UNNAMED --add-exports=jdk.compiler/com.sun.tools.javac.util=ALL-UNNAMED --add-exports=jdk.compiler/com.sun.tools.javac.comp=ALL-UNNAMED --add-exports=jdk.compiler/com.sun.tools.javac.main=ALL-UNNAMED --add-exports=jdk.compiler/com.sun.tools.javac.tree=ALL-UNNAMED --add-exports=jdk.compiler/com.sun.tools.javac.code=ALL-UNNAMED -Dsts.lsp.client=vscode -Dsts.log.file=/dev/null -XX:TieredStopAtLevel=1 -Dspring.config.location=file:c:\Users\andre\.vscode\extensions\pivotal.vscode-spring-boot-1.35.0\language-server\BOOT-INF\classes\application.properties org.springframework.ide.vscode.boot.app.BootLanguageServerBootApp

Host: Intel(R) Core(TM) i3-10110U CPU @ 2.10GHz, 4 cores, 7G,  Windows 11 , 64 bit Build 22000 (10.0.22000.708)
Time: Thu Jun 16 16:58:07 2022 SE Asia Standard Time elapsed time: 9.051914 seconds (0d 0h 0m 9s)

---------------  T H R E A D  ---------------

Current thread (0x0000015aea978730):  VMThread "VM Thread" [stack: 0x00000048d3200000,0x00000048d3300000] [id=113636]

Stack: [0x00000048d3200000,0x00000048d3300000]
Native frames: (J=compiled Java code, j=interpreted, Vv=VM code, C=native code)
V  [jvm.dll+0x675efa]
V  [jvm.dll+0x830a24]
V  [jvm.dll+0x8321ce]
V  [jvm.dll+0x832833]
V  [jvm.dll+0x2454b5]
V  [jvm.dll+0x672de9]
V  [jvm.dll+0x667732]
V  [jvm.dll+0x3043ab]
V  [jvm.dll+0x30b8f6]
V  [jvm.dll+0x35b62e]
V  [jvm.dll+0x35b85f]
V  [jvm.dll+0x2db248]
V  [jvm.dll+0x2d94fc]
V  [jvm.dll+0x2d8acc]
V  [jvm.dll+0x31ca2b]
V  [jvm.dll+0x836cdb]
V  [jvm.dll+0x837a14]
V  [jvm.dll+0x837f2c]
V  [jvm.dll+0x838304]
V  [jvm.dll+0x8383d0]
V  [jvm.dll+0x7e0cfa]
V  [jvm.dll+0x674d85]
C  [ucrtbase.dll+0x26c0c]
C  [KERNEL32.DLL+0x154e0]
C  [ntdll.dll+0x485b]

VM_Operation (0x00000048d4afe2f0): G1CollectForAllocation, mode: safepoint, requested by thread 0x0000015aebc5d070


---------------  P R O C E S S  ---------------

Threads class SMR info:
_java_thread_list=0x0000015aed3fef60, length=27, elements={
0x0000015aea98e030, 0x0000015aea98f550, 0x0000015aeb41a010, 0x0000015aeb41ab90,
0x0000015aeb41c5c0, 0x0000015aeb41ce80, 0x0000015aeb41d740, 0x0000015aeb41e040,
0x0000015aea913680, 0x0000015aeb5fd460, 0x0000015aeb5fd970, 0x0000015aeb655a60,
0x0000015aebe07030, 0x0000015aed1540a0, 0x0000015aebd04030, 0x0000015adde9f920,
0x0000015aed3f1140, 0x0000015aed4c5f60, 0x0000015aed4c6430, 0x0000015aed4c6900,
0x0000015aebc5d070, 0x0000015aebc5f6f0, 0x0000015aebc5dee0, 0x0000015aebc5d540,
0x0000015aebc5e3b0, 0x0000015aebc5e880, 0x0000015aebc5ed50
}

Java Threads: ( => current thread )
  0x0000015aea98e030 JavaThread "Reference Handler" daemon [_thread_blocked, id=144480, stack(0x00000048d3300000,0x00000048d3400000)]
  0x0000015aea98f550 JavaThread "Finalizer" daemon [_thread_blocked, id=152400, stack(0x00000048d3400000,0x00000048d3500000)]
  0x0000015aeb41a010 JavaThread "Signal Dispatcher" daemon [_thread_blocked, id=150184, stack(0x00000048d3500000,0x00000048d3600000)]
  0x0000015aeb41ab90 JavaThread "Attach Listener" daemon [_thread_blocked, id=144676, stack(0x00000048d3600000,0x00000048d3700000)]
  0x0000015aeb41c5c0 JavaThread "Service Thread" daemon [_thread_blocked, id=147628, stack(0x00000048d3700000,0x00000048d3800000)]
  0x0000015aeb41ce80 JavaThread "Monitor Deflation Thread" daemon [_thread_blocked, id=142212, stack(0x00000048d3800000,0x00000048d3900000)]
  0x0000015aeb41d740 JavaThread "C1 CompilerThread0" daemon [_thread_blocked, id=151944, stack(0x00000048d3900000,0x00000048d3a00000)]
  0x0000015aeb41e040 JavaThread "Sweeper thread" daemon [_thread_blocked, id=152304, stack(0x00000048d3a00000,0x00000048d3b00000)]
  0x0000015aea913680 JavaThread "Common-Cleaner" daemon [_thread_blocked, id=151192, stack(0x00000048d3b00000,0x00000048d3c00000)]
  0x0000015aeb5fd460 JavaThread "C1 CompilerThread1" daemon [_thread_blocked, id=118656, stack(0x00000048d3c00000,0x00000048d3d00000)]
  0x0000015aeb5fd970 JavaThread "C1 CompilerThread2" daemon [_thread_blocked, id=143884, stack(0x00000048d3d00000,0x00000048d3e00000)]
  0x0000015aeb655a60 JavaThread "Notification Thread" daemon [_thread_blocked, id=148220, stack(0x00000048d3e00000,0x00000048d3f00000)]
  0x0000015aebe07030 JavaThread "ForkJoinPool.commonPool-worker-1" daemon [_thread_blocked, id=152820, stack(0x00000048d4300000,0x00000048d4400000)]
  0x0000015aed1540a0 JavaThread "pool-7-thread-1" [_thread_blocked, id=153064, stack(0x00000048d4400000,0x00000048d4500000)]
  0x0000015aebd04030 JavaThread "LanguageServerApp-lifecycle" [_thread_blocked, id=84964, stack(0x00000048d4500000,0x00000048d4600000)]
  0x0000015adde9f920 JavaThread "DestroyJavaVM" [_thread_blocked, id=134352, stack(0x00000048d2c00000,0x00000048d2d00000)]
  0x0000015aed3f1140 JavaThread "ClassGraph-worker-0" daemon [_thread_blocked, id=149852, stack(0x00000048d4600000,0x00000048d4700000)]
  0x0000015aed4c5f60 JavaThread "pool-8-thread-1" [_thread_in_native, id=151036, stack(0x00000048d4700000,0x00000048d4800000)]
  0x0000015aed4c6430 JavaThread "ClassGraph-worker-1" daemon [_thread_blocked, id=144684, stack(0x00000048d4800000,0x00000048d4900000)]
  0x0000015aed4c6900 JavaThread "ClassGraph-worker-2" daemon [_thread_blocked, id=152880, stack(0x00000048d4900000,0x00000048d4a00000)]
  0x0000015aebc5d070 JavaThread "ClassGraph-worker-3" daemon [_thread_blocked, id=149464, stack(0x00000048d4a00000,0x00000048d4b00000)]
  0x0000015aebc5f6f0 JavaThread "ClassGraph-worker-4" daemon [_thread_blocked, id=153416, stack(0x00000048d4b00000,0x00000048d4c00000)]
  0x0000015aebc5dee0 JavaThread "ClassGraph-worker-5" daemon [_thread_blocked, id=152748, stack(0x00000048d4c00000,0x00000048d4d00000)]
  0x0000015aebc5d540 JavaThread "ClassGraph-worker-6" daemon [_thread_blocked, id=153320, stack(0x00000048d4d00000,0x00000048d4e00000)]
  0x0000015aebc5e3b0 JavaThread "ClassGraph-worker-7" daemon [_thread_blocked, id=146540, stack(0x00000048d4e00000,0x00000048d4f00000)]
  0x0000015aebc5e880 JavaThread "Simple-Language-Server main thread" daemon [_thread_blocked, id=150952, stack(0x00000048d4f00000,0x00000048d5000000)]
  0x0000015aebc5ed50 JavaThread "parallel-1" daemon [_thread_blocked, id=139352, stack(0x00000048d5000000,0x00000048d5100000)]

Other Threads:
=>0x0000015aea978730 VMThread "VM Thread" [stack: 0x00000048d3200000,0x00000048d3300000] [id=113636]
  0x0000015aeb656740 WatcherThread [stack: 0x00000048d3f00000,0x00000048d4000000] [id=153260]
  0x0000015addef84c0 GCTaskThread "GC Thread#0" [stack: 0x00000048d2d00000,0x00000048d2e00000] [id=150412]
  0x0000015aebe2a200 GCTaskThread "GC Thread#1" [stack: 0x00000048d4000000,0x00000048d4100000] [id=122404]
  0x0000015aebe2a4b0 GCTaskThread "GC Thread#2" [stack: 0x00000048d4100000,0x00000048d4200000] [id=153568]
  0x0000015aebfec050 GCTaskThread "GC Thread#3" [stack: 0x00000048d4200000,0x00000048d4300000] [id=153468]
  0x0000015addf08e10 ConcurrentGCThread "G1 Main Marker" [stack: 0x00000048d2e00000,0x00000048d2f00000] [id=145888]
  0x0000015addf09730 ConcurrentGCThread "G1 Conc#0" [stack: 0x00000048d2f00000,0x00000048d3000000] [id=148216]
  0x0000015addf6e6e0 ConcurrentGCThread "G1 Refine#0" [stack: 0x00000048d3000000,0x00000048d3100000] [id=147836]
  0x0000015aea7e2200 ConcurrentGCThread "G1 Service" [stack: 0x00000048d3100000,0x00000048d3200000] [id=151940]

Threads with active compile tasks:

VM state: at safepoint (normal execution)

VM Mutex/Monitor currently owned by a thread:  ([mutex/lock_event])
[0x0000015adde9bea0] Threads_lock - owner thread: 0x0000015aea978730
[0x0000015adde9bbd0] Heap_lock - owner thread: 0x0000015aebc5d070

Heap address: 0x0000000082800000, size: 2008 MB, Compressed Oops mode: 32-bit

CDS archive(s) not mapped
Compressed class space mapped at: 0x0000000100000000-0x0000000140000000, reserved size: 1073741824
Narrow klass base: 0x0000000000000000, Narrow klass shift: 3, Narrow klass range: 0x140000000

GC Precious Log:
 CPUs: 4 total, 4 available
 Memory: 8026M
 Large Page Support: Disabled
 NUMA Support: Disabled
 Compressed Oops: Enabled (32-bit)
 Heap Region Size: 1M
 Heap Min Capacity: 8M
 Heap Initial Capacity: 126M
 Heap Max Capacity: 2008M
 Pre-touch: Disabled
 Parallel Workers: 4
 Concurrent Workers: 1
 Concurrent Refinement Workers: 4
 Periodic GC: Disabled

Heap:
 garbage-first heap   total 129024K, used 44171K [0x0000000082800000, 0x0000000100000000)
  region size 1024K, 2 young (2048K), 2 survivors (2048K)
 Metaspace       used 34122K, committed 34368K, reserved 1081344K
  class space    used 4419K, committed 4544K, reserved 1048576K

Heap Regions: E=young(eden), S=young(survivor), O=old, HS=humongous(starts), HC=humongous(continues), CS=collection set, F=free, OA=open archive, CA=closed archive, TAMS=top-at-mark-start (previous, next)
|   0|0x0000000082800000, 0x0000000082900000, 0x0000000082900000|100%| O|  |TAMS 0x0000000082900000, 0x0000000082900000| Untracked 
|   1|0x0000000082900000, 0x0000000082a00000, 0x0000000082a00000|100%| O|  |TAMS 0x0000000082a00000, 0x0000000082a00000| Untracked 
|   2|0x0000000082a00000, 0x0000000082b00000, 0x0000000082b00000|100%| O|  |TAMS 0x0000000082b00000, 0x0000000082b00000| Untracked 
|   3|0x0000000082b00000, 0x0000000082c00000, 0x0000000082c00000|100%| O|  |TAMS 0x0000000082c00000, 0x0000000082c00000| Untracked 
|   4|0x0000000082c00000, 0x0000000082d00000, 0x0000000082d00000|100%| O|  |TAMS 0x0000000082d00000, 0x0000000082d00000| Untracked 
|   5|0x0000000082d00000, 0x0000000082e00000, 0x0000000082e00000|100%| O|  |TAMS 0x0000000082e00000, 0x0000000082e00000| Untracked 
|   6|0x0000000082e00000, 0x0000000082f00000, 0x0000000082f00000|100%| O|  |TAMS 0x0000000082f00000, 0x0000000082f00000| Untracked 
|   7|0x0000000082f00000, 0x0000000083000000, 0x0000000083000000|100%| O|  |TAMS 0x0000000083000000, 0x0000000083000000| Untracked 
|   8|0x0000000083000000, 0x0000000083100000, 0x0000000083100000|100%| O|  |TAMS 0x0000000083100000, 0x0000000083100000| Untracked 
|   9|0x0000000083100000, 0x0000000083200000, 0x0000000083200000|100%| O|  |TAMS 0x0000000083200000, 0x0000000083200000| Untracked 
|  10|0x0000000083200000, 0x0000000083300000, 0x0000000083300000|100%| O|  |TAMS 0x0000000083300000, 0x0000000083300000| Untracked 
|  11|0x0000000083300000, 0x0000000083400000, 0x0000000083400000|100%| O|  |TAMS 0x0000000083400000, 0x0000000083400000| Untracked 
|  12|0x0000000083400000, 0x0000000083500000, 0x0000000083500000|100%| O|  |TAMS 0x0000000083500000, 0x0000000083500000| Untracked 
|  13|0x0000000083500000, 0x0000000083600000, 0x0000000083600000|100%| O|  |TAMS 0x0000000083600000, 0x0000000083600000| Untracked 
|  14|0x0000000083600000, 0x0000000083700000, 0x0000000083700000|100%| O|  |TAMS 0x0000000083700000, 0x0000000083700000| Untracked 
|  15|0x0000000083700000, 0x0000000083800000, 0x0000000083800000|100%| O|  |TAMS 0x0000000083800000, 0x0000000083800000| Untracked 
|  16|0x0000000083800000, 0x0000000083900000, 0x0000000083900000|100%| O|  |TAMS 0x0000000083900000, 0x0000000083900000| Untracked 
|  17|0x0000000083900000, 0x0000000083a00000, 0x0000000083a00000|100%| O|  |TAMS 0x0000000083a00000, 0x0000000083a00000| Untracked 
|  18|0x0000000083a00000, 0x0000000083b00000, 0x0000000083b00000|100%| O|  |TAMS 0x0000000083b00000, 0x0000000083b00000| Untracked 
|  19|0x0000000083b00000, 0x0000000083c00000, 0x0000000083c00000|100%| O|  |TAMS 0x0000000083c00000, 0x0000000083c00000| Untracked 
|  20|0x0000000083c00000, 0x0000000083d00000, 0x0000000083d00000|100%| O|  |TAMS 0x0000000083d00000, 0x0000000083d00000| Untracked 
|  21|0x0000000083d00000, 0x0000000083e00000, 0x0000000083e00000|100%| O|  |TAMS 0x0000000083e00000, 0x0000000083e00000| Untracked 
|  22|0x0000000083e00000, 0x0000000083f00000, 0x0000000083f00000|100%| O|  |TAMS 0x0000000083f00000, 0x0000000083f00000| Untracked 
|  23|0x0000000083f00000, 0x0000000084000000, 0x0000000084000000|100%| O|  |TAMS 0x0000000084000000, 0x0000000084000000| Untracked 
|  24|0x0000000084000000, 0x0000000084100000, 0x0000000084100000|100%| O|  |TAMS 0x0000000084100000, 0x0000000084100000| Untracked 
|  25|0x0000000084100000, 0x0000000084200000, 0x0000000084200000|100%| O|  |TAMS 0x0000000084200000, 0x0000000084200000| Untracked 
|  26|0x0000000084200000, 0x0000000084300000, 0x0000000084300000|100%| O|  |TAMS 0x0000000084300000, 0x0000000084300000| Untracked 
|  27|0x0000000084300000, 0x0000000084400000, 0x0000000084400000|100%| O|  |TAMS 0x0000000084400000, 0x0000000084400000| Untracked 
|  28|0x0000000084400000, 0x0000000084500000, 0x0000000084500000|100%| O|  |TAMS 0x0000000084500000, 0x0000000084500000| Untracked 
|  29|0x0000000084500000, 0x0000000084600000, 0x0000000084600000|100%| O|  |TAMS 0x0000000084600000, 0x0000000084600000| Untracked 
|  30|0x0000000084600000, 0x0000000084700000, 0x0000000084700000|100%| O|  |TAMS 0x0000000084700000, 0x0000000084700000| Untracked 
|  31|0x0000000084700000, 0x0000000084800000, 0x0000000084800000|100%| O|  |TAMS 0x0000000084800000, 0x0000000084800000| Untracked 
|  32|0x0000000084800000, 0x0000000084900000, 0x0000000084900000|100%| O|  |TAMS 0x0000000084900000, 0x0000000084900000| Untracked 
|  33|0x0000000084900000, 0x0000000084a00000, 0x0000000084a00000|100%| O|  |TAMS 0x0000000084a00000, 0x0000000084a00000| Untracked 
|  34|0x0000000084a00000, 0x0000000084b00000, 0x0000000084b00000|100%| O|  |TAMS 0x0000000084b00000, 0x0000000084b00000| Untracked 
|  35|0x0000000084b00000, 0x0000000084c00000, 0x0000000084c00000|100%| O|  |TAMS 0x0000000084c00000, 0x0000000084c00000| Untracked 
|  36|0x0000000084c00000, 0x0000000084d00000, 0x0000000084d00000|100%| O|  |TAMS 0x0000000084cd1400, 0x0000000084d00000| Untracked 
|  37|0x0000000084d00000, 0x0000000084e00000, 0x0000000084e00000|100%| O|  |TAMS 0x0000000084d00000, 0x0000000084e00000| Untracked 
|  38|0x0000000084e00000, 0x0000000084f00000, 0x0000000084f00000|100%| O|  |TAMS 0x0000000084e00000, 0x0000000084f00000| Untracked 
|  39|0x0000000084f00000, 0x0000000085000000, 0x0000000085000000|100%| O|  |TAMS 0x0000000084f00000, 0x0000000084f00000| Untracked 
|  40|0x0000000085000000, 0x0000000085100000, 0x0000000085100000|100%| O|  |TAMS 0x0000000085000000, 0x0000000085000000| Untracked 
|  41|0x0000000085100000, 0x000000008512ce00, 0x0000000085200000| 17%| O|  |TAMS 0x0000000085100000, 0x0000000085100000| Untracked 
|  42|0x0000000085200000, 0x0000000085200000, 0x0000000085300000|  0%| F|  |TAMS 0x0000000085200000, 0x0000000085200000| Untracked 
|  43|0x0000000085300000, 0x0000000085300000, 0x0000000085400000|  0%| F|  |TAMS 0x0000000085300000, 0x0000000085300000| Untracked 
|  44|0x0000000085400000, 0x0000000085400000, 0x0000000085500000|  0%| F|  |TAMS 0x0000000085400000, 0x0000000085400000| Untracked 
|  45|0x0000000085500000, 0x0000000085500000, 0x0000000085600000|  0%| F|  |TAMS 0x0000000085500000, 0x0000000085500000| Untracked 
|  46|0x0000000085600000, 0x0000000085600000, 0x0000000085700000|  0%| F|  |TAMS 0x0000000085600000, 0x0000000085600000| Untracked 
|  47|0x0000000085700000, 0x0000000085700000, 0x0000000085800000|  0%| F|  |TAMS 0x0000000085700000, 0x0000000085700000| Untracked 
|  48|0x0000000085800000, 0x0000000085800000, 0x0000000085900000|  0%| F|  |TAMS 0x0000000085800000, 0x0000000085800000| Untracked 
|  49|0x0000000085900000, 0x0000000085900000, 0x0000000085a00000|  0%| F|  |TAMS 0x0000000085900000, 0x0000000085900000| Untracked 
|  50|0x0000000085a00000, 0x0000000085a00000, 0x0000000085b00000|  0%| F|  |TAMS 0x0000000085a00000, 0x0000000085a00000| Untracked 
|  51|0x0000000085b00000, 0x0000000085b00000, 0x0000000085c00000|  0%| F|  |TAMS 0x0000000085b00000, 0x0000000085b00000| Untracked 
|  52|0x0000000085c00000, 0x0000000085c00000, 0x0000000085d00000|  0%| F|  |TAMS 0x0000000085c00000, 0x0000000085c00000| Untracked 
|  53|0x0000000085d00000, 0x0000000085d00000, 0x0000000085e00000|  0%| F|  |TAMS 0x0000000085d00000, 0x0000000085d00000| Untracked 
|  54|0x0000000085e00000, 0x0000000085e00000, 0x0000000085f00000|  0%| F|  |TAMS 0x0000000085e00000, 0x0000000085e00000| Untracked 
|  55|0x0000000085f00000, 0x0000000085f00000, 0x0000000086000000|  0%| F|  |TAMS 0x0000000085f00000, 0x0000000085f00000| Untracked 
|  56|0x0000000086000000, 0x0000000086000000, 0x0000000086100000|  0%| F|  |TAMS 0x0000000086000000, 0x0000000086000000| Untracked 
|  57|0x0000000086100000, 0x00000000861f5ea0, 0x0000000086200000| 96%| S|CS|TAMS 0x0000000086100000, 0x0000000086100000| Complete 
|  58|0x0000000086200000, 0x0000000086300000, 0x0000000086300000|100%| S|CS|TAMS 0x0000000086200000, 0x0000000086200000| Complete 
|  59|0x0000000086300000, 0x0000000086300000, 0x0000000086400000|  0%| F|  |TAMS 0x0000000086300000, 0x0000000086300000| Untracked 
|  60|0x0000000086400000, 0x0000000086400000, 0x0000000086500000|  0%| F|  |TAMS 0x0000000086400000, 0x0000000086400000| Untracked 
|  61|0x0000000086500000, 0x0000000086500000, 0x0000000086600000|  0%| F|  |TAMS 0x0000000086500000, 0x0000000086500000| Untracked 
|  62|0x0000000086600000, 0x0000000086600000, 0x0000000086700000|  0%| F|  |TAMS 0x0000000086600000, 0x0000000086600000| Untracked 
|  63|0x0000000086700000, 0x0000000086700000, 0x0000000086800000|  0%| F|  |TAMS 0x0000000086700000, 0x0000000086700000| Untracked 
|  64|0x0000000086800000, 0x0000000086800000, 0x0000000086900000|  0%| F|  |TAMS 0x0000000086800000, 0x0000000086800000| Untracked 
|  65|0x0000000086900000, 0x0000000086900000, 0x0000000086a00000|  0%| F|  |TAMS 0x0000000086900000, 0x0000000086900000| Untracked 
|  66|0x0000000086a00000, 0x0000000086a00000, 0x0000000086b00000|  0%| F|  |TAMS 0x0000000086a00000, 0x0000000086a00000| Untracked 
|  67|0x0000000086b00000, 0x0000000086b00000, 0x0000000086c00000|  0%| F|  |TAMS 0x0000000086b00000, 0x0000000086b00000| Untracked 
|  68|0x0000000086c00000, 0x0000000086c00000, 0x0000000086d00000|  0%| F|  |TAMS 0x0000000086c00000, 0x0000000086c00000| Untracked 
|  69|0x0000000086d00000, 0x0000000086d00000, 0x0000000086e00000|  0%| F|  |TAMS 0x0000000086d00000, 0x0000000086d00000| Untracked 
|  70|0x0000000086e00000, 0x0000000086e00000, 0x0000000086f00000|  0%| F|  |TAMS 0x0000000086e00000, 0x0000000086e00000| Untracked 
|  71|0x0000000086f00000, 0x0000000086f00000, 0x0000000087000000|  0%| F|  |TAMS 0x0000000086f00000, 0x0000000086f00000| Untracked 
|  72|0x0000000087000000, 0x0000000087000000, 0x0000000087100000|  0%| F|  |TAMS 0x0000000087000000, 0x0000000087000000| Untracked 
|  73|0x0000000087100000, 0x0000000087100000, 0x0000000087200000|  0%| F|  |TAMS 0x0000000087100000, 0x0000000087100000| Untracked 
|  74|0x0000000087200000, 0x0000000087200000, 0x0000000087300000|  0%| F|  |TAMS 0x0000000087200000, 0x0000000087200000| Untracked 
|  75|0x0000000087300000, 0x0000000087300000, 0x0000000087400000|  0%| F|  |TAMS 0x0000000087300000, 0x0000000087300000| Untracked 
|  76|0x0000000087400000, 0x0000000087400000, 0x0000000087500000|  0%| F|  |TAMS 0x0000000087400000, 0x0000000087400000| Untracked 
|  77|0x0000000087500000, 0x0000000087500000, 0x0000000087600000|  0%| F|  |TAMS 0x0000000087500000, 0x0000000087500000| Untracked 
|  78|0x0000000087600000, 0x0000000087600000, 0x0000000087700000|  0%| F|  |TAMS 0x0000000087600000, 0x0000000087600000| Untracked 
|  79|0x0000000087700000, 0x0000000087700000, 0x0000000087800000|  0%| F|  |TAMS 0x0000000087700000, 0x0000000087700000| Untracked 
|  80|0x0000000087800000, 0x0000000087800000, 0x0000000087900000|  0%| F|  |TAMS 0x0000000087800000, 0x0000000087800000| Untracked 
|  81|0x0000000087900000, 0x0000000087900000, 0x0000000087a00000|  0%| F|  |TAMS 0x0000000087900000, 0x0000000087900000| Untracked 
|  82|0x0000000087a00000, 0x0000000087a00000, 0x0000000087b00000|  0%| F|  |TAMS 0x0000000087a00000, 0x0000000087a00000| Untracked 
|  83|0x0000000087b00000, 0x0000000087b00000, 0x0000000087c00000|  0%| F|  |TAMS 0x0000000087b00000, 0x0000000087b00000| Untracked 
|  84|0x0000000087c00000, 0x0000000087c00000, 0x0000000087d00000|  0%| F|  |TAMS 0x0000000087c00000, 0x0000000087c00000| Untracked 
|  85|0x0000000087d00000, 0x0000000087d00000, 0x0000000087e00000|  0%| F|  |TAMS 0x0000000087d00000, 0x0000000087d00000| Untracked 
|  86|0x0000000087e00000, 0x0000000087e00000, 0x0000000087f00000|  0%| F|  |TAMS 0x0000000087e00000, 0x0000000087e00000| Untracked 
|  87|0x0000000087f00000, 0x0000000087f00000, 0x0000000088000000|  0%| F|  |TAMS 0x0000000087f00000, 0x0000000087f00000| Untracked 
|  88|0x0000000088000000, 0x0000000088000000, 0x0000000088100000|  0%| F|  |TAMS 0x0000000088000000, 0x0000000088000000| Untracked 
|  89|0x0000000088100000, 0x0000000088100000, 0x0000000088200000|  0%| F|  |TAMS 0x0000000088100000, 0x0000000088100000| Untracked 
|  90|0x0000000088200000, 0x0000000088200000, 0x0000000088300000|  0%| F|  |TAMS 0x0000000088200000, 0x0000000088200000| Untracked 
|  91|0x0000000088300000, 0x0000000088300000, 0x0000000088400000|  0%| F|  |TAMS 0x0000000088300000, 0x0000000088300000| Untracked 
|  92|0x0000000088400000, 0x0000000088400000, 0x0000000088500000|  0%| F|  |TAMS 0x0000000088400000, 0x0000000088400000| Untracked 
|  93|0x0000000088500000, 0x0000000088500000, 0x0000000088600000|  0%| F|  |TAMS 0x0000000088500000, 0x0000000088500000| Untracked 
|  94|0x0000000088600000, 0x0000000088600000, 0x0000000088700000|  0%| F|  |TAMS 0x0000000088600000, 0x0000000088600000| Untracked 
|  95|0x0000000088700000, 0x0000000088700000, 0x0000000088800000|  0%| F|  |TAMS 0x0000000088700000, 0x0000000088700000| Untracked 
|  96|0x0000000088800000, 0x0000000088800000, 0x0000000088900000|  0%| F|  |TAMS 0x0000000088800000, 0x0000000088800000| Untracked 
|  97|0x0000000088900000, 0x0000000088900000, 0x0000000088a00000|  0%| F|  |TAMS 0x0000000088900000, 0x0000000088900000| Untracked 
|  98|0x0000000088a00000, 0x0000000088a00000, 0x0000000088b00000|  0%| F|  |TAMS 0x0000000088a00000, 0x0000000088a00000| Untracked 
|  99|0x0000000088b00000, 0x0000000088b00000, 0x0000000088c00000|  0%| F|  |TAMS 0x0000000088b00000, 0x0000000088b00000| Untracked 
| 100|0x0000000088c00000, 0x0000000088c00000, 0x0000000088d00000|  0%| F|  |TAMS 0x0000000088c00000, 0x0000000088c00000| Untracked 
| 101|0x0000000088d00000, 0x0000000088d00000, 0x0000000088e00000|  0%| F|  |TAMS 0x0000000088d00000, 0x0000000088d00000| Untracked 
| 102|0x0000000088e00000, 0x0000000088e00000, 0x0000000088f00000|  0%| F|  |TAMS 0x0000000088e00000, 0x0000000088e00000| Untracked 
| 103|0x0000000088f00000, 0x0000000088f00000, 0x0000000089000000|  0%| F|  |TAMS 0x0000000088f00000, 0x0000000088f00000| Untracked 
| 104|0x0000000089000000, 0x0000000089000000, 0x0000000089100000|  0%| F|  |TAMS 0x0000000089000000, 0x0000000089000000| Untracked 
| 105|0x0000000089100000, 0x0000000089100000, 0x0000000089200000|  0%| F|  |TAMS 0x0000000089100000, 0x0000000089100000| Untracked 
| 106|0x0000000089200000, 0x0000000089200000, 0x0000000089300000|  0%| F|  |TAMS 0x0000000089200000, 0x0000000089200000| Untracked 
| 107|0x0000000089300000, 0x0000000089300000, 0x0000000089400000|  0%| F|  |TAMS 0x0000000089300000, 0x0000000089300000| Untracked 
| 108|0x0000000089400000, 0x0000000089400000, 0x0000000089500000|  0%| F|  |TAMS 0x0000000089400000, 0x0000000089400000| Untracked 
| 109|0x0000000089500000, 0x0000000089500000, 0x0000000089600000|  0%| F|  |TAMS 0x0000000089500000, 0x0000000089500000| Untracked 
| 110|0x0000000089600000, 0x0000000089600000, 0x0000000089700000|  0%| F|  |TAMS 0x0000000089600000, 0x0000000089600000| Untracked 
| 111|0x0000000089700000, 0x0000000089700000, 0x0000000089800000|  0%| F|  |TAMS 0x0000000089700000, 0x0000000089700000| Untracked 
| 112|0x0000000089800000, 0x0000000089800000, 0x0000000089900000|  0%| F|  |TAMS 0x0000000089800000, 0x0000000089800000| Untracked 
| 113|0x0000000089900000, 0x0000000089900000, 0x0000000089a00000|  0%| F|  |TAMS 0x0000000089900000, 0x0000000089900000| Untracked 
| 114|0x0000000089a00000, 0x0000000089a00000, 0x0000000089b00000|  0%| F|  |TAMS 0x0000000089a00000, 0x0000000089a00000| Untracked 
| 115|0x0000000089b00000, 0x0000000089b00000, 0x0000000089c00000|  0%| F|  |TAMS 0x0000000089b00000, 0x0000000089b00000| Untracked 
| 116|0x0000000089c00000, 0x0000000089c00000, 0x0000000089d00000|  0%| F|  |TAMS 0x0000000089c00000, 0x0000000089c00000| Untracked 
| 117|0x0000000089d00000, 0x0000000089d00000, 0x0000000089e00000|  0%| F|  |TAMS 0x0000000089d00000, 0x0000000089d00000| Untracked 
| 118|0x0000000089e00000, 0x0000000089e00000, 0x0000000089f00000|  0%| F|  |TAMS 0x0000000089e00000, 0x0000000089e00000| Untracked 
| 119|0x0000000089f00000, 0x0000000089f00000, 0x000000008a000000|  0%| F|  |TAMS 0x0000000089f00000, 0x0000000089f00000| Untracked 
| 120|0x000000008a000000, 0x000000008a000000, 0x000000008a100000|  0%| F|  |TAMS 0x000000008a000000, 0x000000008a000000| Untracked 
| 121|0x000000008a100000, 0x000000008a100000, 0x000000008a200000|  0%| F|  |TAMS 0x000000008a100000, 0x000000008a100000| Untracked 
| 122|0x000000008a200000, 0x000000008a200000, 0x000000008a300000|  0%| F|  |TAMS 0x000000008a200000, 0x000000008a200000| Untracked 
| 123|0x000000008a300000, 0x000000008a300000, 0x000000008a400000|  0%| F|  |TAMS 0x000000008a300000, 0x000000008a300000| Untracked 
| 124|0x000000008a400000, 0x000000008a400000, 0x000000008a500000|  0%| F|  |TAMS 0x000000008a400000, 0x000000008a400000| Untracked 
| 125|0x000000008a500000, 0x000000008a500000, 0x000000008a600000|  0%| F|  |TAMS 0x000000008a500000, 0x000000008a500000| Untracked 

Card table byte_map: [0x0000015ae3f10000,0x0000015ae4300000] _byte_map_base: 0x0000015ae3afc000

Marking Bits (Prev, Next): (CMBitMap*) 0x0000015addef8a20, (CMBitMap*) 0x0000015addef89e0
 Prev Bits: [0x0000015ae6650000, 0x0000015ae85b0000)
 Next Bits: [0x0000015ae46f0000, 0x0000015ae6650000)

Polling page: 0x0000015add670000

Metaspace:

Usage:
  Non-class:     29.01 MB used.
      Class:      4.32 MB used.
       Both:     33.32 MB used.

Virtual space:
  Non-class space:       32.00 MB reserved,      29.12 MB ( 91%) committed,  4 nodes.
      Class space:        1.00 GB reserved,       4.44 MB ( <1%) committed,  1 nodes.
             Both:        1.03 GB reserved,      33.56 MB (  3%) committed. 

Chunk freelists:
   Non-Class:  1.94 MB
       Class:  3.58 MB
        Both:  5.52 MB

MaxMetaspaceSize: unlimited
CompressedClassSpaceSize: 1.00 GB
Initial GC threshold: 21.00 MB
Current GC threshold: 55.94 MB
CDS: off
MetaspaceReclaimPolicy: balanced
 - commit_granule_bytes: 65536.
 - commit_granule_words: 8192.
 - virtual_space_node_default_size: 1048576.
 - enlarge_chunks_in_place: 1.
 - new_chunks_are_fully_committed: 0.
 - uncommit_free_chunks: 1.
 - use_allocation_guard: 0.
 - handle_deallocations: 1.


Internal statistics:

num_allocs_failed_limit: 3.
num_arena_births: 296.
num_arena_deaths: 0.
num_vsnodes_births: 5.
num_vsnodes_deaths: 0.
num_space_committed: 537.
num_space_uncommitted: 0.
num_chunks_returned_to_freelist: 3.
num_chunks_taken_from_freelist: 1258.
num_chunk_merges: 3.
num_chunk_splits: 858.
num_chunks_enlarged: 674.
num_purges: 0.
num_inconsistent_stats: 0.

CodeCache: size=49152Kb used=8334Kb max_used=8334Kb free=40817Kb
 bounds [0x0000015ae0b20000, 0x0000015ae1350000, 0x0000015ae3b20000]
 total_blobs=4096 nmethods=3576 adapters=444
 compilation: enabled
              stopped_count=0, restarted_count=0
 full_count=0

Compilation events (20 events):
Event: 8.914 Thread 0x0000015aeb5fd970 3567   !   1       nonapi.io.github.classgraph.fileslice.Slice$1::close (28 bytes)
Event: 8.915 Thread 0x0000015aeb5fd970 nmethod 3567 0x0000015ae133ed10 code [0x0000015ae133eee0, 0x0000015ae133f1b8]
Event: 8.915 Thread 0x0000015aeb5fd970 3568       1       nonapi.io.github.classgraph.recycler.Recycler::recycle (67 bytes)
Event: 8.915 Thread 0x0000015aeb5fd970 nmethod 3568 0x0000015ae133f390 code [0x0000015ae133f580, 0x0000015ae133f8e8]
Event: 8.915 Thread 0x0000015aeb5fd970 3569       1       nonapi.io.github.classgraph.fastzipfilereader.NestedJarHandler$RecyclableInflater::reset (8 bytes)
Event: 8.915 Thread 0x0000015aeb5fd970 nmethod 3569 0x0000015ae133fa90 code [0x0000015ae133fc20, 0x0000015ae133fd08]
Event: 8.917 Thread 0x0000015aeb41d740 3570   !   1       nonapi.io.github.classgraph.fastzipfilereader.NestedJarHandler$8::read (225 bytes)
Event: 8.917 Thread 0x0000015aeb5fd460 3571       1       io.github.classgraph.ClasspathElementZip$1::close (28 bytes)
Event: 8.918 Thread 0x0000015aeb41d740 nmethod 3570 0x0000015ae133fe10 code [0x0000015ae1340080, 0x0000015ae13408c8]
Event: 8.918 Thread 0x0000015aeb5fd460 nmethod 3571 0x0000015ae1340f90 code [0x0000015ae1341160, 0x0000015ae13414d8]
Event: 8.926 Thread 0x0000015aeb5fd460 3572       1       io.github.classgraph.ClasspathElementZip$1::openClassfile (13 bytes)
Event: 8.926 Thread 0x0000015aeb5fd460 nmethod 3572 0x0000015ae1341710 code [0x0000015ae13418c0, 0x0000015ae1341bc8]
Event: 8.926 Thread 0x0000015aeb5fd460 3573   !   1       io.github.classgraph.ClasspathElementZip$1::open (79 bytes)
Event: 8.927 Thread 0x0000015aeb5fd460 nmethod 3573 0x0000015ae1341c90 code [0x0000015ae1341ee0, 0x0000015ae1342798]
Event: 8.928 Thread 0x0000015aeb5fd460 3574       1       nonapi.io.github.classgraph.fileslice.reader.ClassfileReader::<init> (29 bytes)
Event: 8.928 Thread 0x0000015aeb5fd460 nmethod 3574 0x0000015ae1342d10 code [0x0000015ae1342ea0, 0x0000015ae1343118]
Event: 8.944 Thread 0x0000015aeb5fd970 3575       1       java.lang.Throwable::<init> (34 bytes)
Event: 8.944 Thread 0x0000015aeb5fd970 nmethod 3575 0x0000015ae1343190 code [0x0000015ae1343340, 0x0000015ae13435c8]
Event: 8.947 Thread 0x0000015aeb5fd970 3576       1       java.util.concurrent.ThreadLocalRandom::getProbe (13 bytes)
Event: 8.948 Thread 0x0000015aeb5fd970 nmethod 3576 0x0000015ae1343690 code [0x0000015ae1343820, 0x0000015ae13438d8]

GC Heap History (20 events):
Event: 6.656 GC heap after
{Heap after GC invocations=11 (full 0):
 garbage-first heap   total 54272K, used 18845K [0x0000000082800000, 0x0000000100000000)
  region size 1024K, 2 young (2048K), 2 survivors (2048K)
 Metaspace       used 32318K, committed 32576K, reserved 1081344K
  class space    used 4099K, committed 4224K, reserved 1048576K
}
Event: 6.856 GC heap before
{Heap before GC invocations=11 (full 0):
 garbage-first heap   total 54272K, used 38301K [0x0000000082800000, 0x0000000100000000)
  region size 1024K, 23 young (23552K), 2 survivors (2048K)
 Metaspace       used 32695K, committed 32960K, reserved 1081344K
  class space    used 4157K, committed 4288K, reserved 1048576K
}
Event: 6.862 GC heap after
{Heap after GC invocations=12 (full 0):
 garbage-first heap   total 54272K, used 23349K [0x0000000082800000, 0x0000000100000000)
  region size 1024K, 3 young (3072K), 3 survivors (3072K)
 Metaspace       used 32695K, committed 32960K, reserved 1081344K
  class space    used 4157K, committed 4288K, reserved 1048576K
}
Event: 7.183 GC heap before
{Heap before GC invocations=12 (full 0):
 garbage-first heap   total 54272K, used 38709K [0x0000000082800000, 0x0000000100000000)
  region size 1024K, 19 young (19456K), 3 survivors (3072K)
 Metaspace       used 33477K, committed 33792K, reserved 1081344K
  class space    used 4309K, committed 4480K, reserved 1048576K
}
Event: 7.190 GC heap after
{Heap after GC invocations=13 (full 0):
 garbage-first heap   total 54272K, used 26467K [0x0000000082800000, 0x0000000100000000)
  region size 1024K, 3 young (3072K), 3 survivors (3072K)
 Metaspace       used 33477K, committed 33792K, reserved 1081344K
  class space    used 4309K, committed 4480K, reserved 1048576K
}
Event: 7.810 GC heap before
{Heap before GC invocations=13 (full 0):
 garbage-first heap   total 54272K, used 38755K [0x0000000082800000, 0x0000000100000000)
  region size 1024K, 16 young (16384K), 3 survivors (3072K)
 Metaspace       used 33848K, committed 34176K, reserved 1081344K
  class space    used 4386K, committed 4544K, reserved 1048576K
}
Event: 7.820 GC heap after
{Heap after GC invocations=14 (full 0):
 garbage-first heap   total 54272K, used 31421K [0x0000000082800000, 0x0000000100000000)
  region size 1024K, 2 young (2048K), 2 survivors (2048K)
 Metaspace       used 33848K, committed 34176K, reserved 1081344K
  class space    used 4386K, committed 4544K, reserved 1048576K
}
Event: 8.271 GC heap before
{Heap before GC invocations=14 (full 0):
 garbage-first heap   total 54272K, used 39613K [0x0000000082800000, 0x0000000100000000)
  region size 1024K, 11 young (11264K), 2 survivors (2048K)
 Metaspace       used 33850K, committed 34176K, reserved 1081344K
  class space    used 4387K, committed 4544K, reserved 1048576K
}
Event: 8.276 GC heap after
{Heap after GC invocations=15 (full 0):
 garbage-first heap   total 65536K, used 32192K [0x0000000082800000, 0x0000000100000000)
  region size 1024K, 1 young (1024K), 1 survivors (1024K)
 Metaspace       used 33850K, committed 34176K, reserved 1081344K
  class space    used 4387K, committed 4544K, reserved 1048576K
}
Event: 8.589 GC heap before
{Heap before GC invocations=16 (full 0):
 garbage-first heap   total 65536K, used 46528K [0x0000000082800000, 0x0000000100000000)
  region size 1024K, 16 young (16384K), 1 survivors (1024K)
 Metaspace       used 33902K, committed 34176K, reserved 1081344K
  class space    used 4396K, committed 4544K, reserved 1048576K
}
Event: 8.602 GC heap after
{Heap after GC invocations=17 (full 0):
 garbage-first heap   total 65536K, used 39749K [0x0000000082800000, 0x0000000100000000)
  region size 1024K, 2 young (2048K), 2 survivors (2048K)
 Metaspace       used 33902K, committed 34176K, reserved 1081344K
  class space    used 4396K, committed 4544K, reserved 1048576K
}
Event: 8.815 GC heap before
{Heap before GC invocations=17 (full 0):
 garbage-first heap   total 65536K, used 47941K [0x0000000082800000, 0x0000000100000000)
  region size 1024K, 11 young (11264K), 2 survivors (2048K)
 Metaspace       used 33903K, committed 34176K, reserved 1081344K
  class space    used 4397K, committed 4544K, reserved 1048576K
}
Event: 8.818 GC heap after
{Heap after GC invocations=18 (full 0):
 garbage-first heap   total 65536K, used 40898K [0x0000000082800000, 0x0000000100000000)
  region size 1024K, 1 young (1024K), 1 survivors (1024K)
 Metaspace       used 33903K, committed 34176K, reserved 1081344K
  class space    used 4397K, committed 4544K, reserved 1048576K
}
Event: 8.915 GC heap before
{Heap before GC invocations=18 (full 0):
 garbage-first heap   total 83968K, used 49090K [0x0000000082800000, 0x0000000100000000)
  region size 1024K, 10 young (10240K), 1 survivors (1024K)
 Metaspace       used 34122K, committed 34368K, reserved 1081344K
  class space    used 4419K, committed 4544K, reserved 1048576K
}
Event: 8.917 GC heap after
{Heap after GC invocations=19 (full 0):
 garbage-first heap   total 83968K, used 41332K [0x0000000082800000, 0x0000000100000000)
  region size 1024K, 2 young (2048K), 2 survivors (2048K)
 Metaspace       used 34122K, committed 34368K, reserved 1081344K
  class space    used 4419K, committed 4544K, reserved 1048576K
}
Event: 8.951 GC heap before
{Heap before GC invocations=20 (full 0):
 garbage-first heap   total 83968K, used 60788K [0x0000000082800000, 0x0000000100000000)
  region size 1024K, 22 young (22528K), 2 survivors (2048K)
 Metaspace       used 34122K, committed 34368K, reserved 1081344K
  class space    used 4419K, committed 4544K, reserved 1048576K
}
Event: 8.953 GC heap after
{Heap after GC invocations=21 (full 0):
 garbage-first heap   total 83968K, used 42331K [0x0000000082800000, 0x0000000100000000)
  region size 1024K, 3 young (3072K), 3 survivors (3072K)
 Metaspace       used 34122K, committed 34368K, reserved 1081344K
  class space    used 4419K, committed 4544K, reserved 1048576K
}
Event: 9.008 GC heap before
{Heap before GC invocations=21 (full 0):
 garbage-first heap   total 83968K, used 61787K [0x0000000082800000, 0x0000000100000000)
  region size 1024K, 23 young (23552K), 3 survivors (3072K)
 Metaspace       used 34122K, committed 34368K, reserved 1081344K
  class space    used 4419K, committed 4544K, reserved 1048576K
}
Event: 9.010 GC heap after
{Heap after GC invocations=22 (full 0):
 garbage-first heap   total 83968K, used 43228K [0x0000000082800000, 0x0000000100000000)
  region size 1024K, 2 young (2048K), 2 survivors (2048K)
 Metaspace       used 34122K, committed 34368K, reserved 1081344K
  class space    used 4419K, committed 4544K, reserved 1048576K
}
Event: 9.045 GC heap before
{Heap before GC invocations=22 (full 0):
 garbage-first heap   total 83968K, used 63708K [0x0000000082800000, 0x0000000100000000)
  region size 1024K, 23 young (23552K), 2 survivors (2048K)
 Metaspace       used 34122K, committed 34368K, reserved 1081344K
  class space    used 4419K, committed 4544K, reserved 1048576K
}

Deoptimization events (20 events):
Event: 6.023 Thread 0x0000015adde9f920 DEOPT PACKING pc=0x0000015ae114b919 sp=0x00000048d2cfca50
Event: 6.023 Thread 0x0000015adde9f920 DEOPT UNPACKING pc=0x0000015ae0b72b43 sp=0x00000048d2cfbf30 mode 3
Event: 6.183 Thread 0x0000015aebe07030 DEOPT PACKING pc=0x0000015ae11960ab sp=0x00000048d43fe580
Event: 6.183 Thread 0x0000015aebe07030 DEOPT UNPACKING pc=0x0000015ae0b72b43 sp=0x00000048d43fdac8 mode 3
Event: 6.966 Thread 0x0000015aebc5e880 DEOPT PACKING pc=0x0000015ae12a2b35 sp=0x00000048d4ffd870
Event: 6.966 Thread 0x0000015aebc5e880 DEOPT UNPACKING pc=0x0000015ae0b72b43 sp=0x00000048d4ffcd98 mode 3
Event: 7.003 Thread 0x0000015aebc5dee0 DEOPT PACKING pc=0x0000015ae1222714 sp=0x00000048d4cfed70
Event: 7.003 Thread 0x0000015aebc5dee0 DEOPT UNPACKING pc=0x0000015ae0b72b43 sp=0x00000048d4cfe528 mode 0
Event: 7.048 Thread 0x0000015aed4c6900 DEOPT PACKING pc=0x0000015ae1222584 sp=0x00000048d49fea60
Event: 7.048 Thread 0x0000015aed4c6900 DEOPT UNPACKING pc=0x0000015ae0b72b43 sp=0x00000048d49fe1b0 mode 0
Event: 7.057 Thread 0x0000015aebc5e3b0 DEOPT PACKING pc=0x0000015ae1222584 sp=0x00000048d4efecc0
Event: 7.057 Thread 0x0000015aebc5e3b0 DEOPT UNPACKING pc=0x0000015ae0b72b43 sp=0x00000048d4efe410 mode 0
Event: 7.070 Thread 0x0000015aebc5d070 DEOPT PACKING pc=0x0000015ae1222584 sp=0x00000048d4afe7a0
Event: 7.070 Thread 0x0000015aebc5d070 DEOPT UNPACKING pc=0x0000015ae0b72b43 sp=0x00000048d4afdef0 mode 0
Event: 7.169 Thread 0x0000015aed3f1140 DEOPT PACKING pc=0x0000015ae0fd6b81 sp=0x00000048d46fea80
Event: 7.169 Thread 0x0000015aed3f1140 DEOPT UNPACKING pc=0x0000015ae0b72b43 sp=0x00000048d46fdf10 mode 3
Event: 7.222 Thread 0x0000015aebc5f6f0 DEOPT PACKING pc=0x0000015ae12cb434 sp=0x00000048d4bfef50
Event: 7.222 Thread 0x0000015aebc5f6f0 DEOPT UNPACKING pc=0x0000015ae0b72b43 sp=0x00000048d4bfe520 mode 0
Event: 8.081 Thread 0x0000015aed4c6430 DEOPT PACKING pc=0x0000015ae0fcf517 sp=0x00000048d48ff060
Event: 8.081 Thread 0x0000015aed4c6430 DEOPT UNPACKING pc=0x0000015ae0b72b43 sp=0x00000048d48fe4b8 mode 3

Classes unloaded (0 events):
No events

Classes redefined (0 events):
No events

Internal exceptions (20 events):
Event: 8.944 Thread 0x0000015aebc5d540 Exception <a 'sun/nio/fs/WindowsException'{0x0000000086827f90}> (0x0000000086827f90) 
thrown [e:\jenkins\tmp\workspace\build\src\src\hotspot\share\prims\jni.cpp, line 516]
Event: 8.944 Thread 0x0000015aebc5d540 Exception <a 'sun/nio/fs/WindowsException'{0x00000000868283f8}> (0x00000000868283f8) 
thrown [e:\jenkins\tmp\workspace\build\src\src\hotspot\share\prims\jni.cpp, line 516]
Event: 8.950 Thread 0x0000015aebc5f6f0 Exception <a 'sun/nio/fs/WindowsException'{0x00000000865ffe20}> (0x00000000865ffe20) 
thrown [e:\jenkins\tmp\workspace\build\src\src\hotspot\share\prims\jni.cpp, line 516]
Event: 8.950 Thread 0x0000015aebc5f6f0 Exception <a 'sun/nio/fs/WindowsException'{0x000000008646cdc0}> (0x000000008646cdc0) 
thrown [e:\jenkins\tmp\workspace\build\src\src\hotspot\share\prims\jni.cpp, line 516]
Event: 8.951 Thread 0x0000015aebc5d540 Exception <a 'sun/nio/fs/WindowsException'{0x00000000864f92e0}> (0x00000000864f92e0) 
thrown [e:\jenkins\tmp\workspace\build\src\src\hotspot\share\prims\jni.cpp, line 516]
Event: 8.953 Thread 0x0000015aebc5d540 Exception <a 'sun/nio/fs/WindowsException'{0x000000008a500000}> (0x000000008a500000) 
thrown [e:\jenkins\tmp\workspace\build\src\src\hotspot\share\prims\jni.cpp, line 516]
Event: 8.957 Thread 0x0000015aebc5dee0 Exception <a 'sun/nio/fs/WindowsException'{0x0000000088f48470}> (0x0000000088f48470) 
thrown [e:\jenkins\tmp\workspace\build\src\src\hotspot\share\prims\jni.cpp, line 516]
Event: 8.957 Thread 0x0000015aebc5dee0 Exception <a 'sun/nio/fs/WindowsException'{0x0000000088f488d8}> (0x0000000088f488d8) 
thrown [e:\jenkins\tmp\workspace\build\src\src\hotspot\share\prims\jni.cpp, line 516]
Event: 8.966 Thread 0x0000015aebc5d540 Exception <a 'sun/nio/fs/WindowsException'{0x000000008702d260}> (0x000000008702d260) 
thrown [e:\jenkins\tmp\workspace\build\src\src\hotspot\share\prims\jni.cpp, line 516]
Event: 8.966 Thread 0x0000015aebc5d540 Exception <a 'sun/nio/fs/WindowsException'{0x000000008702d6a8}> (0x000000008702d6a8) 
thrown [e:\jenkins\tmp\workspace\build\src\src\hotspot\share\prims\jni.cpp, line 516]
Event: 9.005 Thread 0x0000015aed4c6430 Exception <a 'sun/nio/fs/WindowsException'{0x0000000086733a48}> (0x0000000086733a48) 
thrown [e:\jenkins\tmp\workspace\build\src\src\hotspot\share\prims\jni.cpp, line 516]
Event: 9.005 Thread 0x0000015aed4c6430 Exception <a 'sun/nio/fs/WindowsException'{0x0000000086733e68}> (0x0000000086733e68) 
thrown [e:\jenkins\tmp\workspace\build\src\src\hotspot\share\prims\jni.cpp, line 516]
Event: 9.014 Thread 0x0000015aebc5e3b0 Exception <a 'sun/nio/fs/WindowsException'{0x000000008910b568}> (0x000000008910b568) 
thrown [e:\jenkins\tmp\workspace\build\src\src\hotspot\share\prims\jni.cpp, line 516]
Event: 9.015 Thread 0x0000015aebc5e3b0 Exception <a 'sun/nio/fs/WindowsException'{0x000000008910ba08}> (0x000000008910ba08) 
thrown [e:\jenkins\tmp\workspace\build\src\src\hotspot\share\prims\jni.cpp, line 516]
Event: 9.016 Thread 0x0000015aebc5e3b0 Exception <a 'sun/nio/fs/WindowsException'{0x000000008913f020}> (0x000000008913f020) 
thrown [e:\jenkins\tmp\workspace\build\src\src\hotspot\share\prims\jni.cpp, line 516]
Event: 9.016 Thread 0x0000015aebc5e3b0 Exception <a 'sun/nio/fs/WindowsException'{0x000000008913f438}> (0x000000008913f438) 
thrown [e:\jenkins\tmp\workspace\build\src\src\hotspot\share\prims\jni.cpp, line 516]
Event: 9.016 Thread 0x0000015aebc5e3b0 Exception <a 'sun/nio/fs/WindowsException'{0x0000000089144040}> (0x0000000089144040) 
thrown [e:\jenkins\tmp\workspace\build\src\src\hotspot\share\prims\jni.cpp, line 516]
Event: 9.016 Thread 0x0000015aebc5e3b0 Exception <a 'sun/nio/fs/WindowsException'{0x0000000089144470}> (0x0000000089144470) 
thrown [e:\jenkins\tmp\workspace\build\src\src\hotspot\share\prims\jni.cpp, line 516]
Event: 9.037 Thread 0x0000015aebc5d070 Exception <a 'sun/nio/fs/WindowsException'{0x00000000868963f0}> (0x00000000868963f0) 
thrown [e:\jenkins\tmp\workspace\build\src\src\hotspot\share\prims\jni.cpp, line 516]
Event: 9.037 Thread 0x0000015aebc5d070 Exception <a 'sun/nio/fs/WindowsException'{0x0000000086896850}> (0x0000000086896850) 
thrown [e:\jenkins\tmp\workspace\build\src\src\hotspot\share\prims\jni.cpp, line 516]

VM Operations (20 events):
Event: 8.879 Executing VM operation: ICBufferFull done
Event: 8.883 Executing VM operation: HandshakeAllThreads
Event: 8.883 Executing VM operation: HandshakeAllThreads done
Event: 8.884 Executing VM operation: HandshakeAllThreads
Event: 8.884 Executing VM operation: HandshakeAllThreads done
Event: 8.885 Executing VM operation: HandshakeAllThreads
Event: 8.885 Executing VM operation: HandshakeAllThreads done
Event: 8.905 Executing VM operation: G1Concurrent
Event: 8.907 Executing VM operation: G1Concurrent done
Event: 8.915 Executing VM operation: G1CollectForAllocation
Event: 8.917 Executing VM operation: G1CollectForAllocation done
Event: 8.950 Executing VM operation: G1Concurrent
Event: 8.950 Executing VM operation: G1Concurrent done
Event: 8.951 Executing VM operation: G1CollectForAllocation
Event: 8.951 Executing VM operation: G1CollectForAllocation done
Event: 8.951 Executing VM operation: G1CollectForAllocation
Event: 8.953 Executing VM operation: G1CollectForAllocation done
Event: 9.007 Executing VM operation: G1CollectForAllocation
Event: 9.010 Executing VM operation: G1CollectForAllocation done
Event: 9.045 Executing VM operation: G1CollectForAllocation

Events (20 events):
Event: 6.999 loading class java/util/concurrent/locks/ReadWriteLock done
Event: 7.004 loading class java/util/logging/LogRecord
Event: 7.004 loading class java/util/logging/LogRecord done
Event: 7.006 loading class java/io/PrintWriter
Event: 7.006 loading class java/io/PrintWriter done
Event: 7.169 loading class java/util/concurrent/locks/AbstractQueuedSynchronizer$ExclusiveNode
Event: 7.169 loading class java/util/concurrent/locks/AbstractQueuedSynchronizer$ExclusiveNode done
Event: 7.368 Thread 0x0000015aebc5ed50 Thread added: 0x0000015aebc5ed50
Event: 7.380 loading class java/util/concurrent/CompletionException
Event: 7.380 loading class java/util/concurrent/CompletionException done
Event: 7.672 loading class sun/nio/cs/StringUTF16
Event: 7.672 loading class sun/nio/cs/StringUTF16 done
Event: 7.675 loading class java/util/WeakHashMap$EntrySet
Event: 7.676 loading class java/util/WeakHashMap$EntrySet done
Event: 7.676 loading class java/util/WeakHashMap$EntryIterator
Event: 7.676 loading class java/util/WeakHashMap$HashIterator
Event: 7.676 loading class java/util/WeakHashMap$HashIterator done
Event: 7.676 loading class java/util/WeakHashMap$EntryIterator done
Event: 8.553 loading class sun/nio/fs/WindowsChannelFactory$2
Event: 8.553 loading class sun/nio/fs/WindowsChannelFactory$2 done


Dynamic libraries:
0x00007ff705c70000 - 0x00007ff705c7e000 	c:\Users\andre\.vscode\extensions\redhat.java-1.7.0-win32-x64\jre\17.0.3-win32-x86_64\bin\java.exe
0x00007fffc64c0000 - 0x00007fffc66c9000 	C:\WINDOWS\SYSTEM32\ntdll.dll
0x00007fffc6260000 - 0x00007fffc631d000 	C:\WINDOWS\System32\KERNEL32.DLL
0x00007fffc3fd0000 - 0x00007fffc4349000 	C:\WINDOWS\System32\KERNELBASE.dll
0x00007fffc3df0000 - 0x00007fffc3f01000 	C:\WINDOWS\System32\ucrtbase.dll
0x00007fffa41d0000 - 0x00007fffa41e8000 	c:\Users\andre\.vscode\extensions\redhat.java-1.7.0-win32-x64\jre\17.0.3-win32-x86_64\bin\jli.dll
0x00007fffc5730000 - 0x00007fffc58dc000 	C:\WINDOWS\System32\USER32.dll
0x00007fffc3b60000 - 0x00007fffc3b86000 	C:\WINDOWS\System32\win32u.dll
0x00007fffc5210000 - 0x00007fffc5239000 	C:\WINDOWS\System32\GDI32.dll
0x00007fffc39a0000 - 0x00007fffc3ab2000 	C:\WINDOWS\System32\gdi32full.dll
0x00007fffc3ac0000 - 0x00007fffc3b5d000 	C:\WINDOWS\System32\msvcp_win.dll
0x00007fffa0580000 - 0x00007fffa0599000 	c:\Users\andre\.vscode\extensions\redhat.java-1.7.0-win32-x64\jre\17.0.3-win32-x86_64\bin\VCRUNTIME140.dll
0x00007fffada60000 - 0x00007fffadd05000 	C:\WINDOWS\WinSxS\amd64_microsoft.windows.common-controls_6595b64144ccf1df_6.0.22000.120_none_9d947278b86cc467\COMCTL32.dll
0x00007fffc4510000 - 0x00007fffc45b3000 	C:\WINDOWS\System32\msvcrt.dll
0x00007fffc45c0000 - 0x00007fffc45f1000 	C:\WINDOWS\System32\IMM32.DLL
0x00007fffb2190000 - 0x00007fffb219c000 	c:\Users\andre\.vscode\extensions\redhat.java-1.7.0-win32-x64\jre\17.0.3-win32-x86_64\bin\vcruntime140_1.dll
0x00007fff7d260000 - 0x00007fff7d2f1000 	c:\Users\andre\.vscode\extensions\redhat.java-1.7.0-win32-x64\jre\17.0.3-win32-x86_64\bin\msvcp140.dll
0x00007fff64b40000 - 0x00007fff65788000 	c:\Users\andre\.vscode\extensions\redhat.java-1.7.0-win32-x64\jre\17.0.3-win32-x86_64\bin\server\jvm.dll
0x00007fffc43d0000 - 0x00007fffc447e000 	C:\WINDOWS\System32\ADVAPI32.dll
0x00007fffc5240000 - 0x00007fffc52de000 	C:\WINDOWS\System32\sechost.dll
0x00007fffc52e0000 - 0x00007fffc5400000 	C:\WINDOWS\System32\RPCRT4.dll
0x00007fffc4480000 - 0x00007fffc4488000 	C:\WINDOWS\System32\PSAPI.DLL
0x00007fffae8f0000 - 0x00007fffae8f9000 	C:\WINDOWS\SYSTEM32\WSOCK32.dll
0x00007fffc56c0000 - 0x00007fffc572f000 	C:\WINDOWS\System32\WS2_32.dll
0x00007fffbd850000 - 0x00007fffbd883000 	C:\WINDOWS\SYSTEM32\WINMM.dll
0x00007fffbd780000 - 0x00007fffbd78a000 	C:\WINDOWS\SYSTEM32\VERSION.dll
0x00007fffc2aa0000 - 0x00007fffc2ab8000 	C:\WINDOWS\SYSTEM32\kernel.appcore.dll
0x00007fffaffc0000 - 0x00007fffaffca000 	c:\Users\andre\.vscode\extensions\redhat.java-1.7.0-win32-x64\jre\17.0.3-win32-x86_64\bin\jimage.dll
0x00007fffb64d0000 - 0x00007fffb66f1000 	C:\WINDOWS\SYSTEM32\DBGHELP.DLL
0x00007fffaddd0000 - 0x00007fffade01000 	C:\WINDOWS\SYSTEM32\dbgcore.DLL
0x00007fffc3b90000 - 0x00007fffc3c0f000 	C:\WINDOWS\System32\bcryptPrimitives.dll
0x00007fff9e0a0000 - 0x00007fff9e0c5000 	c:\Users\andre\.vscode\extensions\redhat.java-1.7.0-win32-x64\jre\17.0.3-win32-x86_64\bin\java.dll
0x00007fff9f8d0000 - 0x00007fff9f8e8000 	c:\Users\andre\.vscode\extensions\redhat.java-1.7.0-win32-x64\jre\17.0.3-win32-x86_64\bin\zip.dll
0x00007fffc5aa0000 - 0x00007fffc6258000 	C:\WINDOWS\System32\SHELL32.dll
0x00007fffc1b10000 - 0x00007fffc2378000 	C:\WINDOWS\SYSTEM32\windows.storage.dll
0x00007fffc4600000 - 0x00007fffc4979000 	C:\WINDOWS\System32\combase.dll
0x00007fffc19a0000 - 0x00007fffc1b06000 	C:\WINDOWS\SYSTEM32\wintypes.dll
0x00007fffc50b0000 - 0x00007fffc519a000 	C:\WINDOWS\System32\SHCORE.dll
0x00007fffc51a0000 - 0x00007fffc51fd000 	C:\WINDOWS\System32\shlwapi.dll
0x00007fffc38d0000 - 0x00007fffc38f1000 	C:\WINDOWS\SYSTEM32\profapi.dll
0x00007fffa0560000 - 0x00007fffa0579000 	C:\Users\andre\.vscode\extensions\redhat.java-1.7.0-win32-x64\jre\17.0.3-win32-x86_64\bin\net.dll
0x00007fffbc910000 - 0x00007fffbca1c000 	C:\WINDOWS\SYSTEM32\WINHTTP.dll
0x00007fffc2ed0000 - 0x00007fffc2f37000 	C:\WINDOWS\system32\mswsock.dll
0x00007fffa0540000 - 0x00007fffa0555000 	C:\Users\andre\.vscode\extensions\redhat.java-1.7.0-win32-x64\jre\17.0.3-win32-x86_64\bin\nio.dll
0x00007fffa4e70000 - 0x00007fffa4e80000 	c:\Users\andre\.vscode\extensions\redhat.java-1.7.0-win32-x64\jre\17.0.3-win32-x86_64\bin\verify.dll
0x00007fffa00d0000 - 0x00007fffa00d9000 	C:\Users\andre\.vscode\extensions\redhat.java-1.7.0-win32-x64\jre\17.0.3-win32-x86_64\bin\management.dll
0x00007fff9cb90000 - 0x00007fff9cb9b000 	C:\Users\andre\.vscode\extensions\redhat.java-1.7.0-win32-x64\jre\17.0.3-win32-x86_64\bin\management_ext.dll
0x00007fff89a70000 - 0x00007fff89a87000 	C:\WINDOWS\system32\napinsp.dll
0x00007fff89a50000 - 0x00007fff89a6b000 	C:\WINDOWS\system32\pnrpnsp.dll
0x00007fffc2640000 - 0x00007fffc2728000 	C:\WINDOWS\SYSTEM32\DNSAPI.dll
0x00007fffc2610000 - 0x00007fffc263d000 	C:\WINDOWS\SYSTEM32\IPHLPAPI.DLL
0x00007fffc5200000 - 0x00007fffc5209000 	C:\WINDOWS\System32\NSI.dll
0x00007fff89a30000 - 0x00007fff89a42000 	C:\WINDOWS\System32\winrnr.dll
0x00007fff91980000 - 0x00007fff91995000 	C:\WINDOWS\system32\wshbth.dll
0x00007fff89a10000 - 0x00007fff89a2f000 	C:\WINDOWS\system32\nlansp_c.dll
0x00007fffb56f0000 - 0x00007fffb56fa000 	C:\Windows\System32\rasadhlp.dll
0x00007fffb5660000 - 0x00007fffb56e1000 	C:\WINDOWS\System32\fwpuclnt.dll
0x00007fffc3120000 - 0x00007fffc3138000 	C:\WINDOWS\SYSTEM32\CRYPTSP.dll
0x00007fffc2a00000 - 0x00007fffc2a35000 	C:\WINDOWS\system32\rsaenh.dll
0x00007fffc2fc0000 - 0x00007fffc2fe9000 	C:\WINDOWS\SYSTEM32\USERENV.dll
0x00007fffc3300000 - 0x00007fffc3327000 	C:\WINDOWS\SYSTEM32\bcrypt.dll
0x00007fffc3110000 - 0x00007fffc311c000 	C:\WINDOWS\SYSTEM32\CRYPTBASE.dll
0x00007fffbc8f0000 - 0x00007fffbc909000 	C:\WINDOWS\SYSTEM32\dhcpcsvc6.DLL
0x00007fffbcb40000 - 0x00007fffbcb5e000 	C:\WINDOWS\SYSTEM32\dhcpcsvc.DLL

dbghelp: loaded successfully - version: 4.0.5 - missing functions: none
symbol engine: initialized successfully - sym options: 0x614 - pdb path: .;c:\Users\andre\.vscode\extensions\redhat.java-1.7.0-win32-x64\jre\17.0.3-win32-x86_64\bin;C:\WINDOWS\SYSTEM32;C:\WINDOWS\WinSxS\amd64_microsoft.windows.common-controls_6595b64144ccf1df_6.0.22000.120_none_9d947278b86cc467;c:\Users\andre\.vscode\extensions\redhat.java-1.7.0-win32-x64\jre\17.0.3-win32-x86_64\bin\server

VM Arguments:
jvm_args: --add-modules=ALL-SYSTEM --add-exports=jdk.compiler/com.sun.tools.javac.file=ALL-UNNAMED --add-exports=jdk.compiler/com.sun.tools.javac.util=ALL-UNNAMED --add-exports=jdk.compiler/com.sun.tools.javac.comp=ALL-UNNAMED --add-exports=jdk.compiler/com.sun.tools.javac.main=ALL-UNNAMED --add-exports=jdk.compiler/com.sun.tools.javac.tree=ALL-UNNAMED --add-exports=jdk.compiler/com.sun.tools.javac.code=ALL-UNNAMED -Dsts.lsp.client=vscode -Dsts.log.file=/dev/null -XX:TieredStopAtLevel=1 -Dspring.config.location=file:c:\Users\andre\.vscode\extensions\pivotal.vscode-spring-boot-1.35.0\language-server\BOOT-INF\classes\application.properties 
java_command: org.springframework.ide.vscode.boot.app.BootLanguageServerBootApp
java_class_path (initial): c:\Users\andre\.vscode\extensions\pivotal.vscode-spring-boot-1.35.0\language-server\BOOT-INF\classes;c:\Users\andre\.vscode\extensions\pivotal.vscode-spring-boot-1.35.0\language-server\BOOT-INF\lib\annotations-23.0.0.jar;c:\Users\andre\.vscode\extensions\pivotal.vscode-spring-boot-1.35.0\language-server\BOOT-INF\lib\antlr-runtime-3.5.2.jar;c:\Users\andre\.vscode\extensions\pivotal.vscode-spring-boot-1.35.0\language-server\BOOT-INF\lib\antlr4-4.9.3.jar;c:\Users\andre\.vscode\extensions\pivotal.vscode-spring-boot-1.35.0\language-server\BOOT-INF\lib\antlr4-runtime-4.9.3.jar;c:\Users\andre\.vscode\extensions\pivotal.vscode-spring-boot-1.35.0\language-server\BOOT-INF\lib\asm-9.3.jar;c:\Users\andre\.vscode\extensions\pivotal.vscode-spring-boot-1.35.0\language-server\BOOT-INF\lib\asm-analysis-9.3.jar;c:\Users\andre\.vscode\extensions\pivotal.vscode-spring-boot-1.35.0\language-server\BOOT-INF\lib\asm-tree-9.3.jar;c:\Users\andre\.vscode\extensions\pivotal.vscode-spring-boot-1.35.0\language-server\BOOT-INF\lib\asm-util-9.3.jar;c:\Users\andre\.vscode\extensions\pivotal.vscode-spring-boot-1.35.0\language-server\BOOT-INF\lib\byte-buddy-1.10.18.jar;c:\Users\andre\.vscode\extensions\pivotal.vscode-spring-boot-1.35.0\language-server\BOOT-INF\lib\caffeine-2.8.6.jar;c:\Users\andre\.vscode\extensions\pivotal.vscode-spring-boot-1.35.0\language-server\BOOT-INF\lib\checker-qual-3.12.0.jar;c:\Users\andre\.vscode\extensions\pivotal.vscode-spring-boot-1.35.0\language-server\BOOT-INF\lib\classgraph-4.8.146.jar;c:\Users\andre\.vscode\extensions\pivotal.vscode-spring-boot-1.35.0\language-server\BOOT-INF\lib\commons-codec-1.14.jar;c:\Users\andre\.vscode\extensions\pivotal.vscode-spring-boot-1.35.0\language-server\BOOT-INF\lib\commons-compress-1.21.jar;c:\Users\andre\.vscode\extensions\pivotal.vscode-spring-boot-1.35.0\language-server\BOOT-INF\lib\commons-exec-1.3.jar;c:\Users\andre\.vscode\extensions\pivotal.vscode-spring-boot-1.35.0\language-server\BOOT-INF\lib\com
Launcher Type: SUN_STANDARD

[Global flags]
     intx CICompilerCount                          = 3                                         {product} {ergonomic}
     uint ConcGCThreads                            = 1                                         {product} {ergonomic}
     uint G1ConcRefinementThreads                  = 4                                         {product} {ergonomic}
   size_t G1HeapRegionSize                         = 1048576                                   {product} {ergonomic}
    uintx GCDrainStackTargetSize                   = 64                                        {product} {ergonomic}
   size_t InitialHeapSize                          = 132120576                                 {product} {ergonomic}
   size_t MarkStackSize                            = 4194304                                   {product} {ergonomic}
   size_t MaxHeapSize                              = 2105540608                                {product} {ergonomic}
   size_t MaxNewSize                               = 1262485504                                {product} {ergonomic}
   size_t MinHeapDeltaBytes                        = 1048576                                   {product} {ergonomic}
   size_t MinHeapSize                              = 8388608                                   {product} {ergonomic}
    uintx NonProfiledCodeHeapSize                  = 0                                      {pd product} {ergonomic}
     bool ProfileInterpreter                       = false                                  {pd product} {command line}
    uintx ProfiledCodeHeapSize                     = 0                                      {pd product} {ergonomic}
   size_t SoftMaxHeapSize                          = 2105540608                             {manageable} {ergonomic}
     intx TieredStopAtLevel                        = 1                                         {product} {command line}
     bool UseCompressedClassPointers               = true                           {product lp64_product} {ergonomic}
     bool UseCompressedOops                        = true                           {product lp64_product} {ergonomic}
     bool UseG1GC                                  = true                                      {product} {ergonomic}
     bool UseLargePagesIndividualAllocation        = false                                  {pd product} {ergonomic}

Logging:
Log output configuration:
 #0: stdout all=warning uptime,level,tags
 #1: stderr all=off uptime,level,tags

Environment Variables:
PATH=C:\Program Files\Common Files\Oracle\Java\javapath;C:\WINDOWS\system32;C:\WINDOWS;C:\WINDOWS\System32\Wbem;C:\WINDOWS\System32\WindowsPowerShell\v1.0\;C:\WINDOWS\System32\OpenSSH\;C:\Program Files (x86)\HP\Common\HPDestPlgIn\;C:\Program Files\nodejs\;C:\Program Files\MongoDB\Server\5.0\bin;C:\Program Files\Git\cmd;C:\Program Files\apache-maven-3.8.5\bin;C:\Users\andre\AppData\Local\Microsoft\WindowsApps;C:\Program Files (x86)\HP\Common\HPDestPlgIn\;C:\Users\andre\AppData\Local\Programs\Microsoft VS Code\bin;C:\Users\andre\AppData\Roaming\npm;
USERNAME=andre
SHELL=C:\Program Files\Git\usr\bin\bash.exe
DISPLAY=needs-to-be-defined
LC_CTYPE=en_US.UTF-8
OS=Windows_NT
PROCESSOR_IDENTIFIER=Intel64 Family 6 Model 142 Stepping 12, GenuineIntel



---------------  S Y S T E M  ---------------

OS:
 Windows 11 , 64 bit Build 22000 (10.0.22000.708)
OS uptime: 5 days 18:35 hours

CPU: total 4 (initial active 4) (2 cores per cpu, 2 threads per core) family 6 model 142 stepping 12 microcode 0xec, cx8, cmov, fxsr, ht, mmx, 3dnowpref, sse, sse2, sse3, ssse3, sse4.1, sse4.2, popcnt, lzcnt, tsc, tscinvbit, avx, avx2, aes, erms, clmul, bmi1, bmi2, adx, fma, vzeroupper, clflush, clflushopt

Memory: 4k page, system-wide physical 8026M (387M free)
TotalPageFile size 19573M (AvailPageFile size 71M)
current process WorkingSet (physical memory assigned to process): 176M, peak: 176M
current process commit charge ("private bytes"): 250M, peak: 327M

vm_info: OpenJDK 64-Bit Server VM (17.0.3+7) for windows-amd64 JRE (17.0.3+7), built on Apr 19 2022 16:55:35 by "" with MS VC++ 16.7 (VS2019)

END.
