#
# There is insufficient memory for the Java Runtime Environment to continue.
# Native memory allocation (malloc) failed to allocate 2097152 bytes for AllocateHeap
# Possible reasons:
#   The system is out of physical RAM or swap space
#   The process is running with CompressedOops enabled, and the Java Heap may be blocking the growth of the native heap
# Possible solutions:
#   Reduce memory load on the system
#   Increase physical memory or swap space
#   Check if swap backing store is full
#   Decrease Java heap size (-Xmx/-Xms)
#   Decrease number of Java threads
#   Decrease Java thread stack sizes (-Xss)
#   Set larger code cache with -XX:ReservedCodeCacheSize=
#   JVM is running with Unscaled Compressed Oops mode in which the Java heap is
#     placed in the first 4GB address space. The Java Heap base address is the
#     maximum limit for the native heap growth. Please use -XX:HeapBaseMinAddress
#     to set the Java Heap base and to place the Java Heap above 4GB virtual address.
# This output file may be truncated or incomplete.
#
#  Out of Memory Error (allocation.cpp:44), pid=148860, tid=149080
#
# JRE version: OpenJDK Runtime Environment Temurin-17.0.3+7 (17.0.3+7) (build 17.0.3+7)
# Java VM: OpenJDK 64-Bit Server VM Temurin-17.0.3+7 (17.0.3+7, mixed mode, emulated-client, tiered, compressed oops, compressed class ptrs, g1 gc, windows-amd64)
# No core dump will be written. Minidumps are not enabled by default on client versions of Windows
#

---------------  S U M M A R Y ------------

Command Line: --add-modules=ALL-SYSTEM --add-exports=jdk.compiler/com.sun.tools.javac.file=ALL-UNNAMED --add-exports=jdk.compiler/com.sun.tools.javac.util=ALL-UNNAMED --add-exports=jdk.compiler/com.sun.tools.javac.comp=ALL-UNNAMED --add-exports=jdk.compiler/com.sun.tools.javac.main=ALL-UNNAMED --add-exports=jdk.compiler/com.sun.tools.javac.tree=ALL-UNNAMED --add-exports=jdk.compiler/com.sun.tools.javac.code=ALL-UNNAMED -Dsts.lsp.client=vscode -Dsts.log.file=/dev/null -XX:TieredStopAtLevel=1 -Dspring.config.location=file:c:\Users\andre\.vscode\extensions\pivotal.vscode-spring-boot-1.35.0\language-server\BOOT-INF\classes\application.properties org.springframework.ide.vscode.boot.app.BootLanguageServerBootApp

Host: Intel(R) Core(TM) i3-10110U CPU @ 2.10GHz, 4 cores, 7G,  Windows 11 , 64 bit Build 22000 (10.0.22000.708)
Time: Thu Jun 16 16:57:58 2022 SE Asia Standard Time elapsed time: 4684.848274 seconds (0d 1h 18m 4s)

---------------  T H R E A D  ---------------

Current thread (0x000001f78648f900):  VMThread "VM Thread" [stack: 0x000000c8fdb00000,0x000000c8fdc00000] [id=149080]

Stack: [0x000000c8fdb00000,0x000000c8fdc00000]
Native frames: (J=compiled Java code, j=interpreted, Vv=VM code, C=native code)
V  [jvm.dll+0x675efa]
V  [jvm.dll+0x830a24]
V  [jvm.dll+0x8321ce]
V  [jvm.dll+0x832833]
V  [jvm.dll+0x2454b5]
V  [jvm.dll+0xa6393]
V  [jvm.dll+0x2f5651]
V  [jvm.dll+0x2f12d0]
V  [jvm.dll+0x2d99b7]
V  [jvm.dll+0x31cac7]
V  [jvm.dll+0x836cdb]
V  [jvm.dll+0x837a14]
V  [jvm.dll+0x837f2c]
V  [jvm.dll+0x838304]
V  [jvm.dll+0x8383d0]
V  [jvm.dll+0x7e0cfa]
V  [jvm.dll+0x674d85]
C  [ucrtbase.dll+0x26c0c]
C  [KERNEL32.DLL+0x154e0]
C  [ntdll.dll+0x485b]

VM_Operation (0x000000c8fedfeaf0): G1CollectFull, mode: safepoint, requested by thread 0x000001f788d84020


---------------  P R O C E S S  ---------------

Threads class SMR info:
_java_thread_list=0x000001f788ea0310, length=17, elements={
0x000001f7864bd030, 0x000001f7864bda50, 0x000001f7864f8010, 0x000001f7864f8a30,
0x000001f7864fa460, 0x000001f7864fad20, 0x000001f7864fb690, 0x000001f7864fdfa0,
0x000001f786446880, 0x000001f7872537e0, 0x000001f788d84020, 0x000001f787abefb0,
0x000001f7f7a109a0, 0x000001f78794f3b0, 0x000001f7879506f0, 0x000001f787950bc0,
0x000001f78794e070
}

Java Threads: ( => current thread )
  0x000001f7864bd030 JavaThread "Reference Handler" daemon [_thread_blocked, id=149096, stack(0x000000c8fdc00000,0x000000c8fdd00000)]
  0x000001f7864bda50 JavaThread "Finalizer" daemon [_thread_blocked, id=149100, stack(0x000000c8fdd00000,0x000000c8fde00000)]
  0x000001f7864f8010 JavaThread "Signal Dispatcher" daemon [_thread_blocked, id=149104, stack(0x000000c8fde00000,0x000000c8fdf00000)]
  0x000001f7864f8a30 JavaThread "Attach Listener" daemon [_thread_blocked, id=149108, stack(0x000000c8fdf00000,0x000000c8fe000000)]
  0x000001f7864fa460 JavaThread "Service Thread" daemon [_thread_blocked, id=149112, stack(0x000000c8fe000000,0x000000c8fe100000)]
  0x000001f7864fad20 JavaThread "Monitor Deflation Thread" daemon [_thread_blocked, id=149116, stack(0x000000c8fe100000,0x000000c8fe200000)]
  0x000001f7864fb690 JavaThread "C1 CompilerThread0" daemon [_thread_blocked, id=149120, stack(0x000000c8fe200000,0x000000c8fe300000)]
  0x000001f7864fdfa0 JavaThread "Sweeper thread" daemon [_thread_blocked, id=149124, stack(0x000000c8fe300000,0x000000c8fe400000)]
  0x000001f786446880 JavaThread "Common-Cleaner" daemon [_thread_blocked, id=149180, stack(0x000000c8fe400000,0x000000c8fe500000)]
  0x000001f7872537e0 JavaThread "Notification Thread" daemon [_thread_blocked, id=149192, stack(0x000000c8fe500000,0x000000c8fe600000)]
  0x000001f788d84020 JavaThread "pool-7-thread-1" [_thread_blocked, id=144884, stack(0x000000c8fed00000,0x000000c8fee00000)]
  0x000001f787abefb0 JavaThread "LanguageServerApp-lifecycle" [_thread_blocked, id=54972, stack(0x000000c8fee00000,0x000000c8fef00000)]
  0x000001f7f7a109a0 JavaThread "DestroyJavaVM" [_thread_blocked, id=149052, stack(0x000000c8fd400000,0x000000c8fd500000)]
  0x000001f78794f3b0 JavaThread "pool-8-thread-1" [_thread_in_native, id=141912, stack(0x000000c8ff700000,0x000000c8ff800000)]
  0x000001f7879506f0 JavaThread "Simple-Language-Server main thread" daemon [_thread_blocked, id=144876, stack(0x000000c8ff800000,0x000000c8ff900000)]
  0x000001f787950bc0 JavaThread "parallel-1" daemon [_thread_blocked, id=148936, stack(0x000000c8ff900000,0x000000c8ffa00000)]
  0x000001f78794e070 JavaThread "pool-3-thread-1" [_thread_blocked, id=149224, stack(0x000000c8ffa00000,0x000000c8ffb00000)]

Other Threads:
=>0x000001f78648f900 VMThread "VM Thread" [stack: 0x000000c8fdb00000,0x000000c8fdc00000] [id=149080]
  0x000001f787253cb0 WatcherThread [stack: 0x000000c8fe600000,0x000000c8fe700000] [id=149196]
  0x000001f7f7a6b5c0 GCTaskThread "GC Thread#0" [stack: 0x000000c8fd600000,0x000000c8fd700000] [id=149060]
  0x000001f787a1e100 GCTaskThread "GC Thread#1" [stack: 0x000000c8fe800000,0x000000c8fe900000] [id=149352]
  0x000001f787a1e3b0 GCTaskThread "GC Thread#2" [stack: 0x000000c8fe900000,0x000000c8fea00000] [id=149356]
  0x000001f787b0c9c0 GCTaskThread "GC Thread#3" [stack: 0x000000c8fea00000,0x000000c8feb00000] [id=149360]
  0x000001f7f7a7bf10 ConcurrentGCThread "G1 Main Marker" [stack: 0x000000c8fd700000,0x000000c8fd800000] [id=149064]
  0x000001f7f7a7c830 ConcurrentGCThread "G1 Conc#0" [stack: 0x000000c8fd800000,0x000000c8fd900000] [id=149068]
  0x000001f7f7ad37e0 ConcurrentGCThread "G1 Refine#0" [stack: 0x000000c8fd900000,0x000000c8fda00000] [id=149072]
  0x000001f78ab050f0 ConcurrentGCThread "G1 Refine#1" [stack: 0x000000c8feb00000,0x000000c8fec00000] [id=147972]
  0x000001f786320200 ConcurrentGCThread "G1 Service" [stack: 0x000000c8fda00000,0x000000c8fdb00000] [id=149076]

Threads with active compile tasks:

VM state: at safepoint (normal execution)

VM Mutex/Monitor currently owned by a thread:  ([mutex/lock_event])
[0x000001f7f7900450] Threads_lock - owner thread: 0x000001f78648f900
[0x000001f7f7a0f710] Heap_lock - owner thread: 0x000001f788d84020

Heap address: 0x0000000082800000, size: 2008 MB, Compressed Oops mode: 32-bit

CDS archive(s) not mapped
Compressed class space mapped at: 0x0000000100000000-0x0000000140000000, reserved size: 1073741824
Narrow klass base: 0x0000000000000000, Narrow klass shift: 3, Narrow klass range: 0x140000000

GC Precious Log:
 CPUs: 4 total, 4 available
 Memory: 8026M
 Large Page Support: Disabled
 NUMA Support: Disabled
 Compressed Oops: Enabled (32-bit)
 Heap Region Size: 1M
 Heap Min Capacity: 8M
 Heap Initial Capacity: 126M
 Heap Max Capacity: 2008M
 Pre-touch: Disabled
 Parallel Workers: 4
 Concurrent Workers: 1
 Concurrent Refinement Workers: 4
 Periodic GC: Disabled

Heap:
 garbage-first heap   total 78848K, used 23342K [0x0000000082800000, 0x0000000100000000)
  region size 1024K, 1 young (1024K), 0 survivors (0K)
 Metaspace       used 44079K, committed 44480K, reserved 1089536K
  class space    used 5933K, committed 6080K, reserved 1048576K

Heap Regions: E=young(eden), S=young(survivor), O=old, HS=humongous(starts), HC=humongous(continues), CS=collection set, F=free, OA=open archive, CA=closed archive, TAMS=top-at-mark-start (previous, next)
|   0|0x0000000082800000, 0x0000000082900000, 0x0000000082900000|100%| O|  |TAMS 0x0000000082900000, 0x0000000082800000| Untracked 
|   1|0x0000000082900000, 0x0000000082a00000, 0x0000000082a00000|100%| O|  |TAMS 0x0000000082a00000, 0x0000000082900000| Untracked 
|   2|0x0000000082a00000, 0x0000000082b00000, 0x0000000082b00000|100%| O|  |TAMS 0x0000000082b00000, 0x0000000082a00000| Untracked 
|   3|0x0000000082b00000, 0x0000000082bffff8, 0x0000000082c00000| 99%| O|  |TAMS 0x0000000082bffff8, 0x0000000082b00000| Untracked 
|   4|0x0000000082c00000, 0x0000000082cfffa0, 0x0000000082d00000| 99%| O|  |TAMS 0x0000000082cfffa0, 0x0000000082c00000| Untracked 
|   5|0x0000000082d00000, 0x0000000082dffee0, 0x0000000082e00000| 99%| O|  |TAMS 0x0000000082dffee0, 0x0000000082d00000| Untracked 
|   6|0x0000000082e00000, 0x0000000082f00000, 0x0000000082f00000|100%| O|  |TAMS 0x0000000082f00000, 0x0000000082e00000| Untracked 
|   7|0x0000000082f00000, 0x0000000082ffe1a0, 0x0000000083000000| 99%| O|  |TAMS 0x0000000082ffe1a0, 0x0000000082f00000| Untracked 
|   8|0x0000000083000000, 0x00000000830ffad0, 0x0000000083100000| 99%| O|  |TAMS 0x00000000830ffad0, 0x0000000083000000| Untracked 
|   9|0x0000000083100000, 0x0000000083200000, 0x0000000083200000|100%| O|  |TAMS 0x0000000083200000, 0x0000000083100000| Untracked 
|  10|0x0000000083200000, 0x00000000832fffe8, 0x0000000083300000| 99%| O|  |TAMS 0x00000000832fffe8, 0x0000000083200000| Untracked 
|  11|0x0000000083300000, 0x00000000833fc148, 0x0000000083400000| 98%| O|  |TAMS 0x00000000833fc148, 0x0000000083300000| Untracked 
|  12|0x0000000083400000, 0x00000000834fffe8, 0x0000000083500000| 99%| O|  |TAMS 0x00000000834fffe8, 0x0000000083400000| Untracked 
|  13|0x0000000083500000, 0x00000000835fffe0, 0x0000000083600000| 99%| O|  |TAMS 0x00000000835fffe0, 0x0000000083500000| Untracked 
|  14|0x0000000083600000, 0x00000000836ffda8, 0x0000000083700000| 99%| O|  |TAMS 0x00000000836ffda8, 0x0000000083600000| Untracked 
|  15|0x0000000083700000, 0x00000000837fb380, 0x0000000083800000| 98%| O|  |TAMS 0x00000000837fb380, 0x0000000083700000| Untracked 
|  16|0x0000000083800000, 0x00000000838fe9f0, 0x0000000083900000| 99%| O|  |TAMS 0x00000000838fe9f0, 0x0000000083800000| Untracked 
|  17|0x0000000083900000, 0x0000000083a00000, 0x0000000083a00000|100%| O|  |TAMS 0x0000000083a00000, 0x0000000083900000| Untracked 
|  18|0x0000000083a00000, 0x0000000083ad8b68, 0x0000000083b00000| 84%| O|  |TAMS 0x0000000083a00000, 0x0000000083a00000| Untracked 
|  19|0x0000000083b00000, 0x0000000083bfffe0, 0x0000000083c00000| 99%| O|  |TAMS 0x0000000083bfffe0, 0x0000000083b00000| Untracked 
|  20|0x0000000083c00000, 0x0000000083c00240, 0x0000000083d00000|  0%| O|  |TAMS 0x0000000083c00000, 0x0000000083c00000| Untracked 
|  21|0x0000000083d00000, 0x0000000083d00000, 0x0000000083e00000|  0%| F|  |TAMS 0x0000000083d00000, 0x0000000083d00000| Untracked 
|  22|0x0000000083e00000, 0x0000000083e00000, 0x0000000083f00000|  0%| F|  |TAMS 0x0000000083e00000, 0x0000000083e00000| Untracked 
|  23|0x0000000083f00000, 0x0000000083f00000, 0x0000000084000000|  0%| F|  |TAMS 0x0000000083f00000, 0x0000000083f00000| Untracked 
|  24|0x0000000084000000, 0x0000000084000000, 0x0000000084100000|  0%| F|  |TAMS 0x0000000084000000, 0x0000000084000000| Untracked 
|  25|0x0000000084100000, 0x00000000841ff768, 0x0000000084200000| 99%| O|  |TAMS 0x00000000841ff768, 0x0000000084100000| Untracked 
|  26|0x0000000084200000, 0x0000000084200000, 0x0000000084300000|  0%| F|  |TAMS 0x0000000084200000, 0x0000000084200000| Untracked 
|  27|0x0000000084300000, 0x00000000843ffe10, 0x0000000084400000| 99%| O|  |TAMS 0x00000000843ffe10, 0x0000000084300000| Untracked 
|  28|0x0000000084400000, 0x0000000084400000, 0x0000000084500000|  0%| F|  |TAMS 0x0000000084400000, 0x0000000084400000| Untracked 
|  29|0x0000000084500000, 0x0000000084500000, 0x0000000084600000|  0%| F|  |TAMS 0x0000000084500000, 0x0000000084500000| Untracked 
|  30|0x0000000084600000, 0x0000000084600000, 0x0000000084700000|  0%| F|  |TAMS 0x0000000084600000, 0x0000000084600000| Untracked 
|  31|0x0000000084700000, 0x0000000084700000, 0x0000000084800000|  0%| F|  |TAMS 0x0000000084700000, 0x0000000084700000| Untracked 
|  32|0x0000000084800000, 0x0000000084800000, 0x0000000084900000|  0%| F|  |TAMS 0x0000000084800000, 0x0000000084800000| Untracked 
|  33|0x0000000084900000, 0x0000000084900000, 0x0000000084a00000|  0%| F|  |TAMS 0x0000000084900000, 0x0000000084900000| Untracked 
|  34|0x0000000084a00000, 0x0000000084a00000, 0x0000000084b00000|  0%| F|  |TAMS 0x0000000084a00000, 0x0000000084a00000| Untracked 
|  35|0x0000000084b00000, 0x0000000084b00000, 0x0000000084c00000|  0%| F|  |TAMS 0x0000000084b00000, 0x0000000084b00000| Untracked 
|  36|0x0000000084c00000, 0x0000000084c00000, 0x0000000084d00000|  0%| F|  |TAMS 0x0000000084c00000, 0x0000000084c00000| Untracked 
|  37|0x0000000084d00000, 0x0000000084d00000, 0x0000000084e00000|  0%| F|  |TAMS 0x0000000084d00000, 0x0000000084d00000| Untracked 
|  38|0x0000000084e00000, 0x0000000084e00000, 0x0000000084f00000|  0%| F|  |TAMS 0x0000000084e00000, 0x0000000084e00000| Untracked 
|  39|0x0000000084f00000, 0x0000000084f00000, 0x0000000085000000|  0%| F|  |TAMS 0x0000000084f00000, 0x0000000084f00000| Untracked 
|  40|0x0000000085000000, 0x0000000085000000, 0x0000000085100000|  0%| F|  |TAMS 0x0000000085000000, 0x0000000085000000| Untracked 
|  41|0x0000000085100000, 0x0000000085100000, 0x0000000085200000|  0%| F|  |TAMS 0x0000000085100000, 0x0000000085100000| Untracked 
|  42|0x0000000085200000, 0x0000000085200000, 0x0000000085300000|  0%| F|  |TAMS 0x0000000085200000, 0x0000000085200000| Untracked 
|  43|0x0000000085300000, 0x0000000085300000, 0x0000000085400000|  0%| F|  |TAMS 0x0000000085300000, 0x0000000085300000| Untracked 
|  44|0x0000000085400000, 0x0000000085400000, 0x0000000085500000|  0%| F|  |TAMS 0x0000000085400000, 0x0000000085400000| Untracked 
|  45|0x0000000085500000, 0x0000000085600000, 0x0000000085600000|100%|HS|  |TAMS 0x0000000085600000, 0x0000000085500000| Untracked 
|  46|0x0000000085600000, 0x0000000085600000, 0x0000000085700000|  0%| F|  |TAMS 0x0000000085600000, 0x0000000085600000| Untracked 
|  47|0x0000000085700000, 0x0000000085700000, 0x0000000085800000|  0%| F|  |TAMS 0x0000000085700000, 0x0000000085700000| Untracked 
|  48|0x0000000085800000, 0x0000000085800000, 0x0000000085900000|  0%| F|  |TAMS 0x0000000085800000, 0x0000000085800000| Untracked 
|  49|0x0000000085900000, 0x0000000085900000, 0x0000000085a00000|  0%| F|  |TAMS 0x0000000085900000, 0x0000000085900000| Untracked 
|  50|0x0000000085a00000, 0x0000000085a00000, 0x0000000085b00000|  0%| F|  |TAMS 0x0000000085a00000, 0x0000000085a00000| Untracked 
|  51|0x0000000085b00000, 0x0000000085b00000, 0x0000000085c00000|  0%| F|  |TAMS 0x0000000085b00000, 0x0000000085b00000| Untracked 
|  52|0x0000000085c00000, 0x0000000085c00000, 0x0000000085d00000|  0%| F|  |TAMS 0x0000000085c00000, 0x0000000085c00000| Untracked 
|  53|0x0000000085d00000, 0x0000000085d00000, 0x0000000085e00000|  0%| F|  |TAMS 0x0000000085d00000, 0x0000000085d00000| Untracked 
|  54|0x0000000085e00000, 0x0000000085e00000, 0x0000000085f00000|  0%| F|  |TAMS 0x0000000085e00000, 0x0000000085e00000| Untracked 
|  55|0x0000000085f00000, 0x0000000085f00000, 0x0000000086000000|  0%| F|  |TAMS 0x0000000085f00000, 0x0000000085f00000| Untracked 
|  56|0x0000000086000000, 0x0000000086000000, 0x0000000086100000|  0%| F|  |TAMS 0x0000000086000000, 0x0000000086000000| Untracked 
|  57|0x0000000086100000, 0x0000000086100000, 0x0000000086200000|  0%| F|  |TAMS 0x0000000086100000, 0x0000000086100000| Untracked 
|  58|0x0000000086200000, 0x0000000086200000, 0x0000000086300000|  0%| F|  |TAMS 0x0000000086200000, 0x0000000086200000| Untracked 
|  59|0x0000000086300000, 0x0000000086300000, 0x0000000086400000|  0%| F|  |TAMS 0x0000000086300000, 0x0000000086300000| Untracked 
|  60|0x0000000086400000, 0x0000000086400000, 0x0000000086500000|  0%| F|  |TAMS 0x0000000086400000, 0x0000000086400000| Untracked 
|  61|0x0000000086500000, 0x0000000086500000, 0x0000000086600000|  0%| F|  |TAMS 0x0000000086500000, 0x0000000086500000| Untracked 
|  62|0x0000000086600000, 0x0000000086600000, 0x0000000086700000|  0%| F|  |TAMS 0x0000000086600000, 0x0000000086600000| Untracked 
|  63|0x0000000086700000, 0x0000000086700000, 0x0000000086800000|  0%| F|  |TAMS 0x0000000086700000, 0x0000000086700000| Untracked 
|  64|0x0000000086800000, 0x0000000086800000, 0x0000000086900000|  0%| F|  |TAMS 0x0000000086800000, 0x0000000086800000| Untracked 
|  65|0x0000000086900000, 0x0000000086900000, 0x0000000086a00000|  0%| F|  |TAMS 0x0000000086900000, 0x0000000086900000| Untracked 
|  66|0x0000000086a00000, 0x0000000086a00000, 0x0000000086b00000|  0%| F|  |TAMS 0x0000000086a00000, 0x0000000086a00000| Untracked 
|  67|0x0000000086b00000, 0x0000000086b00000, 0x0000000086c00000|  0%| F|  |TAMS 0x0000000086b00000, 0x0000000086b00000| Untracked 
|  68|0x0000000086c00000, 0x0000000086c00000, 0x0000000086d00000|  0%| F|  |TAMS 0x0000000086c00000, 0x0000000086c00000| Untracked 
|  69|0x0000000086d00000, 0x0000000086d00000, 0x0000000086e00000|  0%| F|  |TAMS 0x0000000086d00000, 0x0000000086d00000| Untracked 
|  70|0x0000000086e00000, 0x0000000086e00000, 0x0000000086f00000|  0%| F|  |TAMS 0x0000000086e00000, 0x0000000086e00000| Untracked 
|  71|0x0000000086f00000, 0x0000000086f00000, 0x0000000087000000|  0%| F|  |TAMS 0x0000000086f00000, 0x0000000086f00000| Untracked 
|  72|0x0000000087000000, 0x0000000087000000, 0x0000000087100000|  0%| F|  |TAMS 0x0000000087000000, 0x0000000087000000| Untracked 
|  73|0x0000000087100000, 0x0000000087100000, 0x0000000087200000|  0%| F|  |TAMS 0x0000000087100000, 0x0000000087100000| Untracked 
|  74|0x0000000087200000, 0x0000000087200000, 0x0000000087300000|  0%| F|  |TAMS 0x0000000087200000, 0x0000000087200000| Untracked 
|  75|0x0000000087300000, 0x0000000087300000, 0x0000000087400000|  0%| F|  |TAMS 0x0000000087300000, 0x0000000087300000| Untracked 
|  76|0x0000000087400000, 0x0000000087409930, 0x0000000087500000|  3%| E|  |TAMS 0x0000000087400000, 0x0000000087400000| Complete 

Card table byte_map: [0x000001f7ff700000,0x000001f7ffaf0000] _byte_map_base: 0x000001f7ff2ec000

Marking Bits (Prev, Next): (CMBitMap*) 0x000001f7f7a6bae0, (CMBitMap*) 0x000001f7f7a6bb20
 Prev Bits: [0x000001f780000000, 0x000001f781f60000)
 Next Bits: [0x000001f781f60000, 0x000001f783ec0000)

Polling page: 0x000001f7f7ae0000

Metaspace:

Usage:
  Non-class:     37.25 MB used.
      Class:      5.79 MB used.
       Both:     43.05 MB used.

Virtual space:
  Non-class space:       40.00 MB reserved,      37.50 MB ( 94%) committed,  5 nodes.
      Class space:        1.00 GB reserved,       5.94 MB ( <1%) committed,  1 nodes.
             Both:        1.04 GB reserved,      43.44 MB (  4%) committed. 

Chunk freelists:
   Non-Class:  2.21 MB
       Class:  1.94 MB
        Both:  4.15 MB

MaxMetaspaceSize: unlimited
CompressedClassSpaceSize: 1.00 GB
Initial GC threshold: 21.00 MB
Current GC threshold: 72.44 MB
CDS: off
MetaspaceReclaimPolicy: balanced
 - commit_granule_bytes: 65536.
 - commit_granule_words: 8192.
 - virtual_space_node_default_size: 1048576.
 - enlarge_chunks_in_place: 1.
 - new_chunks_are_fully_committed: 0.
 - uncommit_free_chunks: 1.
 - use_allocation_guard: 0.
 - handle_deallocations: 1.


Internal statistics:

num_allocs_failed_limit: 3.
num_arena_births: 424.
num_arena_deaths: 120.
num_vsnodes_births: 6.
num_vsnodes_deaths: 0.
num_space_committed: 695.
num_space_uncommitted: 0.
num_chunks_returned_to_freelist: 144.
num_chunks_taken_from_freelist: 1789.
num_chunk_merges: 45.
num_chunk_splits: 1239.
num_chunks_enlarged: 970.
num_purges: 8.
num_inconsistent_stats: 0.

CodeCache: size=49152Kb used=10750Kb max_used=11599Kb free=38401Kb
 bounds [0x000001f7fbe60000, 0x000001f7fc9c0000, 0x000001f7fee60000]
 total_blobs=6293 nmethods=5732 adapters=488
 compilation: enabled
              stopped_count=0, restarted_count=0
 full_count=0

Compilation events (20 events):
Event: 2752.945 Thread 0x000001f7864fb690 5718       1       java.lang.Process::<init> (5 bytes)
Event: 2752.945 Thread 0x000001f7864fb690 nmethod 5718 0x000001f7fc1ed410 code [0x000001f7fc1ed5a0, 0x000001f7fc1ed658]
Event: 2753.250 Thread 0x000001f7864fb690 5722   !   1       java.io.FilterOutputStream::close (183 bytes)
Event: 2753.276 Thread 0x000001f7864fb690 nmethod 5722 0x000001f7fc1ec690 code [0x000001f7fc1ec8a0, 0x000001f7fc1ecd78]
Event: 2753.276 Thread 0x000001f7864fb690 5723   !   1       java.io.FileOutputStream::close (69 bytes)
Event: 2753.276 Thread 0x000001f7864fb690 nmethod 5723 0x000001f7fc1ec010 code [0x000001f7fc1ec1e0, 0x000001f7fc1ec558]
Event: 2753.276 Thread 0x000001f7864fb690 5727       1       java.lang.ProcessImpl$$Lambda$586/0x00000001004cd400::run (8 bytes)
Event: 2753.276 Thread 0x000001f7864fb690 nmethod 5727 0x000001f7fc1ebd10 code [0x000001f7fc1ebea0, 0x000001f7fc1ebf88]
Event: 2753.276 Thread 0x000001f7864fb690 5728       1       java.lang.ProcessImpl::lambda$new$0 (6 bytes)
Event: 2753.276 Thread 0x000001f7864fb690 nmethod 5728 0x000001f7fc1eba10 code [0x000001f7fc1ebba0, 0x000001f7fc1ebc68]
Event: 2753.276 Thread 0x000001f7864fb690 5724       1       java.io.FileOutputStream$1::<init> (10 bytes)
Event: 2753.277 Thread 0x000001f7864fb690 nmethod 5724 0x000001f7fc1eb710 code [0x000001f7fc1eb8a0, 0x000001f7fc1eb9b8]
Event: 2753.277 Thread 0x000001f7864fb690 5725       1       java.io.FileOutputStream$1::close (11 bytes)
Event: 2753.277 Thread 0x000001f7864fb690 nmethod 5725 0x000001f7fc1eb090 code [0x000001f7fc1eb240, 0x000001f7fc1eb558]
Event: 4082.966 Thread 0x000001f7864fb690 5730       1       java.lang.ProcessImpl$2::run (242 bytes)
Event: 4082.971 Thread 0x000001f7864fb690 nmethod 5730 0x000001f7fc1e9210 code [0x000001f7fc1e94c0, 0x000001f7fc1ea258]
Event: 4082.971 Thread 0x000001f7864fb690 5731       1       java.io.BufferedOutputStream::<init> (9 bytes)
Event: 4082.971 Thread 0x000001f7864fb690 nmethod 5731 0x000001f7fc1e8c90 code [0x000001f7fc1e8e20, 0x000001f7fc1e90f8]
Event: 4082.971 Thread 0x000001f7864fb690 5732       1       java.lang.ProcessImpl::waitFor (136 bytes)
Event: 4082.972 Thread 0x000001f7864fb690 nmethod 5732 0x000001f7fc1e8410 code [0x000001f7fc1e8620, 0x000001f7fc1e8a18]

GC Heap History (20 events):
Event: 4580.482 GC heap before
{Heap before GC invocations=464 (full 431):
 garbage-first heap   total 78848K, used 23342K [0x0000000082800000, 0x0000000100000000)
  region size 1024K, 1 young (1024K), 0 survivors (0K)
 Metaspace       used 44079K, committed 44480K, reserved 1089536K
  class space    used 5933K, committed 6080K, reserved 1048576K
}
Event: 4580.534 GC heap after
{Heap after GC invocations=465 (full 432):
 garbage-first heap   total 78848K, used 23342K [0x0000000082800000, 0x0000000100000000)
  region size 1024K, 0 young (0K), 0 survivors (0K)
 Metaspace       used 44079K, committed 44480K, reserved 1089536K
  class space    used 5933K, committed 6080K, reserved 1048576K
}
Event: 4590.984 GC heap before
{Heap before GC invocations=465 (full 432):
 garbage-first heap   total 78848K, used 23342K [0x0000000082800000, 0x0000000100000000)
  region size 1024K, 1 young (1024K), 0 survivors (0K)
 Metaspace       used 44079K, committed 44480K, reserved 1089536K
  class space    used 5933K, committed 6080K, reserved 1048576K
}
Event: 4591.017 GC heap after
{Heap after GC invocations=466 (full 433):
 garbage-first heap   total 78848K, used 23342K [0x0000000082800000, 0x0000000100000000)
  region size 1024K, 0 young (0K), 0 survivors (0K)
 Metaspace       used 44079K, committed 44480K, reserved 1089536K
  class space    used 5933K, committed 6080K, reserved 1048576K
}
Event: 4601.411 GC heap before
{Heap before GC invocations=466 (full 433):
 garbage-first heap   total 78848K, used 23342K [0x0000000082800000, 0x0000000100000000)
  region size 1024K, 1 young (1024K), 0 survivors (0K)
 Metaspace       used 44079K, committed 44480K, reserved 1089536K
  class space    used 5933K, committed 6080K, reserved 1048576K
}
Event: 4601.457 GC heap after
{Heap after GC invocations=467 (full 434):
 garbage-first heap   total 78848K, used 23342K [0x0000000082800000, 0x0000000100000000)
  region size 1024K, 0 young (0K), 0 survivors (0K)
 Metaspace       used 44079K, committed 44480K, reserved 1089536K
  class space    used 5933K, committed 6080K, reserved 1048576K
}
Event: 4611.950 GC heap before
{Heap before GC invocations=467 (full 434):
 garbage-first heap   total 78848K, used 23342K [0x0000000082800000, 0x0000000100000000)
  region size 1024K, 1 young (1024K), 0 survivors (0K)
 Metaspace       used 44079K, committed 44480K, reserved 1089536K
  class space    used 5933K, committed 6080K, reserved 1048576K
}
Event: 4611.997 GC heap after
{Heap after GC invocations=468 (full 435):
 garbage-first heap   total 78848K, used 23342K [0x0000000082800000, 0x0000000100000000)
  region size 1024K, 0 young (0K), 0 survivors (0K)
 Metaspace       used 44079K, committed 44480K, reserved 1089536K
  class space    used 5933K, committed 6080K, reserved 1048576K
}
Event: 4622.381 GC heap before
{Heap before GC invocations=468 (full 435):
 garbage-first heap   total 78848K, used 23342K [0x0000000082800000, 0x0000000100000000)
  region size 1024K, 1 young (1024K), 0 survivors (0K)
 Metaspace       used 44079K, committed 44480K, reserved 1089536K
  class space    used 5933K, committed 6080K, reserved 1048576K
}
Event: 4622.423 GC heap after
{Heap after GC invocations=469 (full 436):
 garbage-first heap   total 78848K, used 23342K [0x0000000082800000, 0x0000000100000000)
  region size 1024K, 0 young (0K), 0 survivors (0K)
 Metaspace       used 44079K, committed 44480K, reserved 1089536K
  class space    used 5933K, committed 6080K, reserved 1048576K
}
Event: 4632.843 GC heap before
{Heap before GC invocations=469 (full 436):
 garbage-first heap   total 78848K, used 23342K [0x0000000082800000, 0x0000000100000000)
  region size 1024K, 1 young (1024K), 0 survivors (0K)
 Metaspace       used 44079K, committed 44480K, reserved 1089536K
  class space    used 5933K, committed 6080K, reserved 1048576K
}
Event: 4632.892 GC heap after
{Heap after GC invocations=470 (full 437):
 garbage-first heap   total 78848K, used 23342K [0x0000000082800000, 0x0000000100000000)
  region size 1024K, 0 young (0K), 0 survivors (0K)
 Metaspace       used 44079K, committed 44480K, reserved 1089536K
  class space    used 5933K, committed 6080K, reserved 1048576K
}
Event: 4643.338 GC heap before
{Heap before GC invocations=470 (full 437):
 garbage-first heap   total 78848K, used 23342K [0x0000000082800000, 0x0000000100000000)
  region size 1024K, 1 young (1024K), 0 survivors (0K)
 Metaspace       used 44079K, committed 44480K, reserved 1089536K
  class space    used 5933K, committed 6080K, reserved 1048576K
}
Event: 4643.368 GC heap after
{Heap after GC invocations=471 (full 438):
 garbage-first heap   total 78848K, used 23342K [0x0000000082800000, 0x0000000100000000)
  region size 1024K, 0 young (0K), 0 survivors (0K)
 Metaspace       used 44079K, committed 44480K, reserved 1089536K
  class space    used 5933K, committed 6080K, reserved 1048576K
}
Event: 4653.698 GC heap before
{Heap before GC invocations=471 (full 438):
 garbage-first heap   total 78848K, used 23342K [0x0000000082800000, 0x0000000100000000)
  region size 1024K, 1 young (1024K), 0 survivors (0K)
 Metaspace       used 44079K, committed 44480K, reserved 1089536K
  class space    used 5933K, committed 6080K, reserved 1048576K
}
Event: 4653.728 GC heap after
{Heap after GC invocations=472 (full 439):
 garbage-first heap   total 78848K, used 23342K [0x0000000082800000, 0x0000000100000000)
  region size 1024K, 0 young (0K), 0 survivors (0K)
 Metaspace       used 44079K, committed 44480K, reserved 1089536K
  class space    used 5933K, committed 6080K, reserved 1048576K
}
Event: 4664.070 GC heap before
{Heap before GC invocations=472 (full 439):
 garbage-first heap   total 78848K, used 23342K [0x0000000082800000, 0x0000000100000000)
  region size 1024K, 1 young (1024K), 0 survivors (0K)
 Metaspace       used 44079K, committed 44480K, reserved 1089536K
  class space    used 5933K, committed 6080K, reserved 1048576K
}
Event: 4664.096 GC heap after
{Heap after GC invocations=473 (full 440):
 garbage-first heap   total 78848K, used 23342K [0x0000000082800000, 0x0000000100000000)
  region size 1024K, 0 young (0K), 0 survivors (0K)
 Metaspace       used 44079K, committed 44480K, reserved 1089536K
  class space    used 5933K, committed 6080K, reserved 1048576K
}
Event: 4674.430 GC heap before
{Heap before GC invocations=473 (full 440):
 garbage-first heap   total 78848K, used 23342K [0x0000000082800000, 0x0000000100000000)
  region size 1024K, 1 young (1024K), 0 survivors (0K)
 Metaspace       used 44079K, committed 44480K, reserved 1089536K
  class space    used 5933K, committed 6080K, reserved 1048576K
}
Event: 4674.459 GC heap after
{Heap after GC invocations=474 (full 441):
 garbage-first heap   total 78848K, used 23342K [0x0000000082800000, 0x0000000100000000)
  region size 1024K, 0 young (0K), 0 survivors (0K)
 Metaspace       used 44079K, committed 44480K, reserved 1089536K
  class space    used 5933K, committed 6080K, reserved 1048576K
}

Deoptimization events (20 events):
Event: 17.067 Thread 0x000001f788b0b050 DEOPT PACKING pc=0x000001f7fc4cb1ab sp=0x000000c8fecfe500
Event: 17.067 Thread 0x000001f788b0b050 DEOPT UNPACKING pc=0x000001f7fbeb2b43 sp=0x000000c8fecfda48 mode 3
Event: 17.638 Thread 0x000001f787136df0 DEOPT PACKING pc=0x000001f7fc30a081 sp=0x000000c8ff3febd0
Event: 17.638 Thread 0x000001f787136df0 DEOPT UNPACKING pc=0x000001f7fbeb2b43 sp=0x000000c8ff3fe060 mode 3
Event: 17.752 Thread 0x000001f7879506f0 DEOPT PACKING pc=0x000001f7fc5fde35 sp=0x000000c8ff8fd800
Event: 17.752 Thread 0x000001f7879506f0 DEOPT UNPACKING pc=0x000001f7fbeb2b43 sp=0x000000c8ff8fcd18 mode 3
Event: 18.275 Thread 0x000001f787136450 DEOPT PACKING pc=0x000001f7fc304097 sp=0x000000c8ff1ff280
Event: 18.275 Thread 0x000001f787136450 DEOPT UNPACKING pc=0x000001f7fbeb2b43 sp=0x000000c8ff1fe6d8 mode 3
Event: 18.691 Thread 0x000001f78794fd50 DEOPT PACKING pc=0x000001f7fc607284 sp=0x000000c8ff6feb30
Event: 18.691 Thread 0x000001f78794fd50 DEOPT UNPACKING pc=0x000001f7fbeb2b43 sp=0x000000c8ff6fdfd0 mode 0
Event: 18.693 Thread 0x000001f787136920 DEOPT PACKING pc=0x000001f7fc641c1c sp=0x000000c8ff2fedb0
Event: 18.693 Thread 0x000001f787136920 DEOPT UNPACKING pc=0x000001f7fbeb2b43 sp=0x000000c8ff2fe248 mode 0
Event: 18.709 Thread 0x000001f787135f80 DEOPT PACKING pc=0x000001f7fc641c1c sp=0x000000c8ff0fea00
Event: 18.709 Thread 0x000001f787135f80 DEOPT UNPACKING pc=0x000001f7fbeb2b43 sp=0x000000c8ff0fde98 mode 0
Event: 24.890 Thread 0x000001f788b0b050 DEOPT PACKING pc=0x000001f7fc2eec52 sp=0x000000c8fecfcc10
Event: 24.890 Thread 0x000001f788b0b050 DEOPT UNPACKING pc=0x000001f7fbeb2b43 sp=0x000000c8fecfc118 mode 3
Event: 25.315 Thread 0x000001f788b0b050 DEOPT PACKING pc=0x000001f7fc92ad2c sp=0x000000c8fecfe2e0
Event: 25.315 Thread 0x000001f788b0b050 DEOPT UNPACKING pc=0x000001f7fbeb2b43 sp=0x000000c8fecfd770 mode 0
Event: 460.895 Thread 0x000001f78794f3b0 DEOPT PACKING pc=0x000001f7fc43b354 sp=0x000000c8ff7fec90
Event: 460.898 Thread 0x000001f78794f3b0 DEOPT UNPACKING pc=0x000001f7fbeb2b43 sp=0x000000c8ff7fe138 mode 0

Classes unloaded (20 events):
Event: 98.906 Thread 0x000001f78648f900 Unloading class 0x00000001000d4000 'java/lang/invoke/LambdaForm$MH+0x00000001000d4000'
Event: 109.236 Thread 0x000001f78648f900 Unloading class 0x0000000100619400 'java/lang/invoke/LambdaForm$DMH+0x0000000100619400'
Event: 109.236 Thread 0x000001f78648f900 Unloading class 0x0000000100615c00 'jdk/internal/reflect/GeneratedConstructorAccessor27'
Event: 109.236 Thread 0x000001f78648f900 Unloading class 0x0000000100615800 'jdk/internal/reflect/GeneratedConstructorAccessor26'
Event: 109.236 Thread 0x000001f78648f900 Unloading class 0x0000000100615400 'jdk/internal/reflect/GeneratedConstructorAccessor25'
Event: 109.236 Thread 0x000001f78648f900 Unloading class 0x0000000100615000 'jdk/internal/reflect/GeneratedConstructorAccessor24'
Event: 109.236 Thread 0x000001f78648f900 Unloading class 0x0000000100614c00 'jdk/internal/reflect/GeneratedConstructorAccessor23'
Event: 109.236 Thread 0x000001f78648f900 Unloading class 0x0000000100614800 'jdk/internal/reflect/GeneratedConstructorAccessor22'
Event: 109.236 Thread 0x000001f78648f900 Unloading class 0x0000000100614400 'jdk/internal/reflect/GeneratedConstructorAccessor21'
Event: 109.236 Thread 0x000001f78648f900 Unloading class 0x00000001005d8000 'jdk/internal/reflect/GeneratedMethodAccessor27'
Event: 109.236 Thread 0x000001f78648f900 Unloading class 0x00000001004aa400 'java/lang/invoke/LambdaForm$MH+0x00000001004aa400'
Event: 109.236 Thread 0x000001f78648f900 Unloading class 0x00000001004aa000 'java/lang/invoke/LambdaForm$MH+0x00000001004aa000'
Event: 109.236 Thread 0x000001f78648f900 Unloading class 0x00000001004a9c00 'java/lang/invoke/LambdaForm$MH+0x00000001004a9c00'
Event: 109.236 Thread 0x000001f78648f900 Unloading class 0x00000001004a9800 'java/lang/invoke/LambdaForm$MH+0x00000001004a9800'
Event: 109.236 Thread 0x000001f78648f900 Unloading class 0x00000001004a9400 'java/lang/invoke/LambdaForm$MH+0x00000001004a9400'
Event: 109.236 Thread 0x000001f78648f900 Unloading class 0x00000001004a9000 'java/lang/invoke/LambdaForm$MH+0x00000001004a9000'
Event: 109.236 Thread 0x000001f78648f900 Unloading class 0x0000000100339400 'java/lang/invoke/LambdaForm$MH+0x0000000100339400'
Event: 524.865 Thread 0x000001f78648f900 Unloading class 0x00000001005d8000 'java/lang/invoke/LambdaForm$MH+0x00000001005d8000'
Event: 524.865 Thread 0x000001f78648f900 Unloading class 0x0000000100614400 'java/lang/invoke/LambdaForm$MH+0x0000000100614400'
Event: 524.865 Thread 0x000001f78648f900 Unloading class 0x0000000100619400 'java/lang/invoke/LambdaForm$MH+0x0000000100619400'

Classes redefined (0 events):
No events

Internal exceptions (20 events):
Event: 24.261 Thread 0x000001f78794fd50 Exception <a 'sun/nio/fs/WindowsException'{0x000000009d487a50}> (0x000000009d487a50) 
thrown [e:\jenkins\tmp\workspace\build\src\src\hotspot\share\prims\jni.cpp, line 516]
Event: 24.261 Thread 0x000001f78794fd50 Exception <a 'sun/nio/fs/WindowsException'{0x000000009d488450}> (0x000000009d488450) 
thrown [e:\jenkins\tmp\workspace\build\src\src\hotspot\share\prims\jni.cpp, line 516]
Event: 24.261 Thread 0x000001f78794fd50 Exception <a 'sun/nio/fs/WindowsException'{0x000000009d488810}> (0x000000009d488810) 
thrown [e:\jenkins\tmp\workspace\build\src\src\hotspot\share\prims\jni.cpp, line 516]
Event: 24.261 Thread 0x000001f78794fd50 Exception <a 'sun/nio/fs/WindowsException'{0x000000009d489210}> (0x000000009d489210) 
thrown [e:\jenkins\tmp\workspace\build\src\src\hotspot\share\prims\jni.cpp, line 516]
Event: 24.261 Thread 0x000001f78794fd50 Exception <a 'sun/nio/fs/WindowsException'{0x000000009d4895c0}> (0x000000009d4895c0) 
thrown [e:\jenkins\tmp\workspace\build\src\src\hotspot\share\prims\jni.cpp, line 516]
Event: 24.261 Thread 0x000001f78794fd50 Exception <a 'sun/nio/fs/WindowsException'{0x000000009d489fc0}> (0x000000009d489fc0) 
thrown [e:\jenkins\tmp\workspace\build\src\src\hotspot\share\prims\jni.cpp, line 516]
Event: 24.261 Thread 0x000001f78794fd50 Exception <a 'sun/nio/fs/WindowsException'{0x000000009d48a380}> (0x000000009d48a380) 
thrown [e:\jenkins\tmp\workspace\build\src\src\hotspot\share\prims\jni.cpp, line 516]
Event: 24.261 Thread 0x000001f78794fd50 Exception <a 'sun/nio/fs/WindowsException'{0x000000009d48ada8}> (0x000000009d48ada8) 
thrown [e:\jenkins\tmp\workspace\build\src\src\hotspot\share\prims\jni.cpp, line 516]
Event: 24.261 Thread 0x000001f78794fd50 Exception <a 'sun/nio/fs/WindowsException'{0x000000009d48b188}> (0x000000009d48b188) 
thrown [e:\jenkins\tmp\workspace\build\src\src\hotspot\share\prims\jni.cpp, line 516]
Event: 24.261 Thread 0x000001f78794fd50 Exception <a 'sun/nio/fs/WindowsException'{0x000000009d48bbc0}> (0x000000009d48bbc0) 
thrown [e:\jenkins\tmp\workspace\build\src\src\hotspot\share\prims\jni.cpp, line 516]
Event: 24.261 Thread 0x000001f78794fd50 Exception <a 'sun/nio/fs/WindowsException'{0x000000009d48bfb0}> (0x000000009d48bfb0) 
thrown [e:\jenkins\tmp\workspace\build\src\src\hotspot\share\prims\jni.cpp, line 516]
Event: 24.261 Thread 0x000001f78794fd50 Exception <a 'sun/nio/fs/WindowsException'{0x000000009d48c9d8}> (0x000000009d48c9d8) 
thrown [e:\jenkins\tmp\workspace\build\src\src\hotspot\share\prims\jni.cpp, line 516]
Event: 24.261 Thread 0x000001f78794fd50 Exception <a 'sun/nio/fs/WindowsException'{0x000000009d48cdc8}> (0x000000009d48cdc8) 
thrown [e:\jenkins\tmp\workspace\build\src\src\hotspot\share\prims\jni.cpp, line 516]
Event: 25.508 Thread 0x000001f78794f3b0 Exception <a 'java/lang/NullPointerException'{0x0000000095204aa0}> (0x0000000095204aa0) 
thrown [e:\jenkins\tmp\workspace\build\src\src\hotspot\share\interpreter\linkResolver.cpp, line 1357]
Event: 57.138 Thread 0x000001f788d84020 Exception <a 'java/lang/NoSuchMethodError'{0x000000009523d0d0}: 'void java.lang.invoke.DirectMethodHandle$Holder.invokeStatic(java.lang.Object, long)'> (0x000000009523d0d0) 
thrown [e:\jenkins\tmp\workspace\build\src\src\hotspot\share\interpreter\linkResolver.cpp, line 766]
Event: 57.139 Thread 0x000001f788d84020 Exception <a 'java/lang/NoSuchMethodError'{0x0000000095242478}: 'java.lang.Object java.lang.invoke.DirectMethodHandle$Holder.newInvokeSpecial(java.lang.Object, long)'> (0x0000000095242478) 
thrown [e:\jenkins\tmp\workspace\build\src\src\hotspot\share\interpreter\linkResolver.cpp, line 766]
Event: 57.141 Thread 0x000001f788d84020 Exception <a 'java/lang/NoSuchMethodError'{0x0000000095248f10}: 'java.lang.Object java.lang.invoke.DirectMethodHandle$Holder.invokeStatic(java.lang.Object, java.lang.Object, long, java.lang.Object)'> (0x0000000095248f10) 
thrown [e:\jenkins\tmp\workspace\build\src\src\hotspot\share\interpreter\linkResolver.cpp, line 766]
Event: 57.142 Thread 0x000001f788d84020 Exception <a 'java/lang/NoSuchMethodError'{0x000000009524c6e8}: 'java.lang.Object java.lang.invoke.DirectMethodHandle$Holder.invokeStaticInit(java.lang.Object, java.lang.Object, long, java.lang.Object)'> (0x000000009524c6e8) 
thrown [e:\jenkins\tmp\workspace\build\src\src\hotspot\share\interpreter\linkResolver.cpp, line 766]
Event: 57.143 Thread 0x000001f788d84020 Exception <a 'java/lang/NoSuchMethodError'{0x0000000095252a18}: 'java.lang.Object java.lang.invoke.DirectMethodHandle$Holder.newInvokeSpecial(java.lang.Object, java.lang.Object, long)'> (0x0000000095252a18) 
thrown [e:\jenkins\tmp\workspace\build\src\src\hotspot\share\interpreter\linkResolver.cpp, line 766]
Event: 460.960 Thread 0x000001f78794f3b0 Exception <a 'java/lang/reflect/InvocationTargetException'{0x000000008772bde8}> (0x000000008772bde8) 
thrown [e:\jenkins\tmp\workspace\build\src\src\hotspot\share\runtime\reflection.cpp, line 1121]

VM Operations (20 events):
Event: 4580.534 Executing VM operation: G1CollectFull done
Event: 4590.984 Executing VM operation: G1CollectFull
Event: 4591.018 Executing VM operation: G1CollectFull done
Event: 4601.411 Executing VM operation: G1CollectFull
Event: 4601.457 Executing VM operation: G1CollectFull done
Event: 4611.950 Executing VM operation: G1CollectFull
Event: 4611.997 Executing VM operation: G1CollectFull done
Event: 4622.381 Executing VM operation: G1CollectFull
Event: 4622.423 Executing VM operation: G1CollectFull done
Event: 4632.843 Executing VM operation: G1CollectFull
Event: 4632.892 Executing VM operation: G1CollectFull done
Event: 4643.338 Executing VM operation: G1CollectFull
Event: 4643.369 Executing VM operation: G1CollectFull done
Event: 4653.698 Executing VM operation: G1CollectFull
Event: 4653.728 Executing VM operation: G1CollectFull done
Event: 4664.069 Executing VM operation: G1CollectFull
Event: 4664.096 Executing VM operation: G1CollectFull done
Event: 4674.430 Executing VM operation: G1CollectFull
Event: 4674.459 Executing VM operation: G1CollectFull done
Event: 4684.842 Executing VM operation: G1CollectFull

Events (20 events):
Event: 57.438 loading class java/io/FileOutputStream$1
Event: 57.438 loading class java/io/FileOutputStream$1 done
Event: 82.159 Thread 0x000001f78794ea10 Thread exited: 0x000001f78794ea10
Event: 85.516 Thread 0x000001f788b0b050 Thread exited: 0x000001f788b0b050
Event: 461.118 loading class java/util/concurrent/CompletableFuture$UniCompose
Event: 461.124 loading class java/util/concurrent/CompletableFuture$UniCompose done
Event: 461.128 Thread 0x000001f78794ea10 Thread added: 0x000001f78794ea10
Event: 461.131 Thread 0x000001f78794fd50 Thread added: 0x000001f78794fd50
Event: 461.137 Thread 0x000001f787950220 Thread added: 0x000001f787950220
Event: 461.142 Thread 0x000001f789424040 Thread added: 0x000001f789424040
Event: 461.154 Thread 0x000001f7894296e0 Thread added: 0x000001f7894296e0
Event: 461.156 Thread 0x000001f789425380 Thread added: 0x000001f789425380
Event: 461.156 loading class java/util/concurrent/CompletableFuture$UniRelay
Event: 461.157 loading class java/util/concurrent/CompletableFuture$UniRelay done
Event: 521.172 Thread 0x000001f787950220 Thread exited: 0x000001f787950220
Event: 521.172 Thread 0x000001f78794fd50 Thread exited: 0x000001f78794fd50
Event: 521.187 Thread 0x000001f7894296e0 Thread exited: 0x000001f7894296e0
Event: 525.509 Thread 0x000001f789424040 Thread exited: 0x000001f789424040
Event: 541.792 Thread 0x000001f789425380 Thread exited: 0x000001f789425380
Event: 585.510 Thread 0x000001f78794ea10 Thread exited: 0x000001f78794ea10


Dynamic libraries:
0x00007ff705c70000 - 0x00007ff705c7e000 	c:\Users\andre\.vscode\extensions\redhat.java-1.7.0-win32-x64\jre\17.0.3-win32-x86_64\bin\java.exe
0x00007fffc64c0000 - 0x00007fffc66c9000 	C:\WINDOWS\SYSTEM32\ntdll.dll
0x00007fffc6260000 - 0x00007fffc631d000 	C:\WINDOWS\System32\KERNEL32.DLL
0x00007fffc3fd0000 - 0x00007fffc4349000 	C:\WINDOWS\System32\KERNELBASE.dll
0x00007fffc3df0000 - 0x00007fffc3f01000 	C:\WINDOWS\System32\ucrtbase.dll
0x00007fffa41d0000 - 0x00007fffa41e8000 	c:\Users\andre\.vscode\extensions\redhat.java-1.7.0-win32-x64\jre\17.0.3-win32-x86_64\bin\jli.dll
0x00007fffc5730000 - 0x00007fffc58dc000 	C:\WINDOWS\System32\USER32.dll
0x00007fffc3b60000 - 0x00007fffc3b86000 	C:\WINDOWS\System32\win32u.dll
0x00007fffc5210000 - 0x00007fffc5239000 	C:\WINDOWS\System32\GDI32.dll
0x00007fffc39a0000 - 0x00007fffc3ab2000 	C:\WINDOWS\System32\gdi32full.dll
0x00007fffc3ac0000 - 0x00007fffc3b5d000 	C:\WINDOWS\System32\msvcp_win.dll
0x00007fffa0580000 - 0x00007fffa0599000 	c:\Users\andre\.vscode\extensions\redhat.java-1.7.0-win32-x64\jre\17.0.3-win32-x86_64\bin\VCRUNTIME140.dll
0x00007fffada60000 - 0x00007fffadd05000 	C:\WINDOWS\WinSxS\amd64_microsoft.windows.common-controls_6595b64144ccf1df_6.0.22000.120_none_9d947278b86cc467\COMCTL32.dll
0x00007fffc4510000 - 0x00007fffc45b3000 	C:\WINDOWS\System32\msvcrt.dll
0x00007fffc45c0000 - 0x00007fffc45f1000 	C:\WINDOWS\System32\IMM32.DLL
0x00007fffb2190000 - 0x00007fffb219c000 	c:\Users\andre\.vscode\extensions\redhat.java-1.7.0-win32-x64\jre\17.0.3-win32-x86_64\bin\vcruntime140_1.dll
0x00007fff7d260000 - 0x00007fff7d2f1000 	c:\Users\andre\.vscode\extensions\redhat.java-1.7.0-win32-x64\jre\17.0.3-win32-x86_64\bin\msvcp140.dll
0x00007fff64b40000 - 0x00007fff65788000 	c:\Users\andre\.vscode\extensions\redhat.java-1.7.0-win32-x64\jre\17.0.3-win32-x86_64\bin\server\jvm.dll
0x00007fffc43d0000 - 0x00007fffc447e000 	C:\WINDOWS\System32\ADVAPI32.dll
0x00007fffc5240000 - 0x00007fffc52de000 	C:\WINDOWS\System32\sechost.dll
0x00007fffc52e0000 - 0x00007fffc5400000 	C:\WINDOWS\System32\RPCRT4.dll
0x00007fffc4480000 - 0x00007fffc4488000 	C:\WINDOWS\System32\PSAPI.DLL
0x00007fffae8f0000 - 0x00007fffae8f9000 	C:\WINDOWS\SYSTEM32\WSOCK32.dll
0x00007fffc56c0000 - 0x00007fffc572f000 	C:\WINDOWS\System32\WS2_32.dll
0x00007fffbd850000 - 0x00007fffbd883000 	C:\WINDOWS\SYSTEM32\WINMM.dll
0x00007fffbd780000 - 0x00007fffbd78a000 	C:\WINDOWS\SYSTEM32\VERSION.dll
0x00007fffc2aa0000 - 0x00007fffc2ab8000 	C:\WINDOWS\SYSTEM32\kernel.appcore.dll
0x00007fffaffc0000 - 0x00007fffaffca000 	c:\Users\andre\.vscode\extensions\redhat.java-1.7.0-win32-x64\jre\17.0.3-win32-x86_64\bin\jimage.dll
0x00007fffb64d0000 - 0x00007fffb66f1000 	C:\WINDOWS\SYSTEM32\DBGHELP.DLL
0x00007fffaddd0000 - 0x00007fffade01000 	C:\WINDOWS\SYSTEM32\dbgcore.DLL
0x00007fffc3b90000 - 0x00007fffc3c0f000 	C:\WINDOWS\System32\bcryptPrimitives.dll
0x00007fff9e0a0000 - 0x00007fff9e0c5000 	c:\Users\andre\.vscode\extensions\redhat.java-1.7.0-win32-x64\jre\17.0.3-win32-x86_64\bin\java.dll
0x00007fff9f8d0000 - 0x00007fff9f8e8000 	c:\Users\andre\.vscode\extensions\redhat.java-1.7.0-win32-x64\jre\17.0.3-win32-x86_64\bin\zip.dll
0x00007fffc5aa0000 - 0x00007fffc6258000 	C:\WINDOWS\System32\SHELL32.dll
0x00007fffc1b10000 - 0x00007fffc2378000 	C:\WINDOWS\SYSTEM32\windows.storage.dll
0x00007fffc4600000 - 0x00007fffc4979000 	C:\WINDOWS\System32\combase.dll
0x00007fffc19a0000 - 0x00007fffc1b06000 	C:\WINDOWS\SYSTEM32\wintypes.dll
0x00007fffc50b0000 - 0x00007fffc519a000 	C:\WINDOWS\System32\SHCORE.dll
0x00007fffc51a0000 - 0x00007fffc51fd000 	C:\WINDOWS\System32\shlwapi.dll
0x00007fffc38d0000 - 0x00007fffc38f1000 	C:\WINDOWS\SYSTEM32\profapi.dll
0x00007fffa0560000 - 0x00007fffa0579000 	C:\Users\andre\.vscode\extensions\redhat.java-1.7.0-win32-x64\jre\17.0.3-win32-x86_64\bin\net.dll
0x00007fffbc910000 - 0x00007fffbca1c000 	C:\WINDOWS\SYSTEM32\WINHTTP.dll
0x00007fffc2ed0000 - 0x00007fffc2f37000 	C:\WINDOWS\system32\mswsock.dll
0x00007fffa0540000 - 0x00007fffa0555000 	C:\Users\andre\.vscode\extensions\redhat.java-1.7.0-win32-x64\jre\17.0.3-win32-x86_64\bin\nio.dll
0x00007fffa4e70000 - 0x00007fffa4e80000 	c:\Users\andre\.vscode\extensions\redhat.java-1.7.0-win32-x64\jre\17.0.3-win32-x86_64\bin\verify.dll
0x00007fff92db0000 - 0x00007fff92db9000 	C:\Users\andre\.vscode\extensions\redhat.java-1.7.0-win32-x64\jre\17.0.3-win32-x86_64\bin\management.dll
0x00007fff92c60000 - 0x00007fff92c6b000 	C:\Users\andre\.vscode\extensions\redhat.java-1.7.0-win32-x64\jre\17.0.3-win32-x86_64\bin\management_ext.dll
0x00007fff89a70000 - 0x00007fff89a87000 	C:\WINDOWS\system32\napinsp.dll
0x00007fff89a50000 - 0x00007fff89a6b000 	C:\WINDOWS\system32\pnrpnsp.dll
0x00007fffc2640000 - 0x00007fffc2728000 	C:\WINDOWS\SYSTEM32\DNSAPI.dll
0x00007fffc2610000 - 0x00007fffc263d000 	C:\WINDOWS\SYSTEM32\IPHLPAPI.DLL
0x00007fffc5200000 - 0x00007fffc5209000 	C:\WINDOWS\System32\NSI.dll
0x00007fff89a30000 - 0x00007fff89a42000 	C:\WINDOWS\System32\winrnr.dll
0x00007fff91980000 - 0x00007fff91995000 	C:\WINDOWS\system32\wshbth.dll
0x00007fff89a10000 - 0x00007fff89a2f000 	C:\WINDOWS\system32\nlansp_c.dll
0x00007fffb56f0000 - 0x00007fffb56fa000 	C:\Windows\System32\rasadhlp.dll
0x00007fffb5660000 - 0x00007fffb56e1000 	C:\WINDOWS\System32\fwpuclnt.dll
0x00007fffc3120000 - 0x00007fffc3138000 	C:\WINDOWS\SYSTEM32\CRYPTSP.dll
0x00007fffc2a00000 - 0x00007fffc2a35000 	C:\WINDOWS\system32\rsaenh.dll
0x00007fffc2fc0000 - 0x00007fffc2fe9000 	C:\WINDOWS\SYSTEM32\USERENV.dll
0x00007fffc3300000 - 0x00007fffc3327000 	C:\WINDOWS\SYSTEM32\bcrypt.dll
0x00007fffc3110000 - 0x00007fffc311c000 	C:\WINDOWS\SYSTEM32\CRYPTBASE.dll
0x00007fffbc8f0000 - 0x00007fffbc909000 	C:\WINDOWS\SYSTEM32\dhcpcsvc6.DLL
0x00007fffbcb40000 - 0x00007fffbcb5e000 	C:\WINDOWS\SYSTEM32\dhcpcsvc.DLL

dbghelp: loaded successfully - version: 4.0.5 - missing functions: none
symbol engine: initialized successfully - sym options: 0x614 - pdb path: .;c:\Users\andre\.vscode\extensions\redhat.java-1.7.0-win32-x64\jre\17.0.3-win32-x86_64\bin;C:\WINDOWS\SYSTEM32;C:\WINDOWS\WinSxS\amd64_microsoft.windows.common-controls_6595b64144ccf1df_6.0.22000.120_none_9d947278b86cc467;c:\Users\andre\.vscode\extensions\redhat.java-1.7.0-win32-x64\jre\17.0.3-win32-x86_64\bin\server

VM Arguments:
jvm_args: --add-modules=ALL-SYSTEM --add-exports=jdk.compiler/com.sun.tools.javac.file=ALL-UNNAMED --add-exports=jdk.compiler/com.sun.tools.javac.util=ALL-UNNAMED --add-exports=jdk.compiler/com.sun.tools.javac.comp=ALL-UNNAMED --add-exports=jdk.compiler/com.sun.tools.javac.main=ALL-UNNAMED --add-exports=jdk.compiler/com.sun.tools.javac.tree=ALL-UNNAMED --add-exports=jdk.compiler/com.sun.tools.javac.code=ALL-UNNAMED -Dsts.lsp.client=vscode -Dsts.log.file=/dev/null -XX:TieredStopAtLevel=1 -Dspring.config.location=file:c:\Users\andre\.vscode\extensions\pivotal.vscode-spring-boot-1.35.0\language-server\BOOT-INF\classes\application.properties 
java_command: org.springframework.ide.vscode.boot.app.BootLanguageServerBootApp
java_class_path (initial): c:\Users\andre\.vscode\extensions\pivotal.vscode-spring-boot-1.35.0\language-server\BOOT-INF\classes;c:\Users\andre\.vscode\extensions\pivotal.vscode-spring-boot-1.35.0\language-server\BOOT-INF\lib\annotations-23.0.0.jar;c:\Users\andre\.vscode\extensions\pivotal.vscode-spring-boot-1.35.0\language-server\BOOT-INF\lib\antlr-runtime-3.5.2.jar;c:\Users\andre\.vscode\extensions\pivotal.vscode-spring-boot-1.35.0\language-server\BOOT-INF\lib\antlr4-4.9.3.jar;c:\Users\andre\.vscode\extensions\pivotal.vscode-spring-boot-1.35.0\language-server\BOOT-INF\lib\antlr4-runtime-4.9.3.jar;c:\Users\andre\.vscode\extensions\pivotal.vscode-spring-boot-1.35.0\language-server\BOOT-INF\lib\asm-9.3.jar;c:\Users\andre\.vscode\extensions\pivotal.vscode-spring-boot-1.35.0\language-server\BOOT-INF\lib\asm-analysis-9.3.jar;c:\Users\andre\.vscode\extensions\pivotal.vscode-spring-boot-1.35.0\language-server\BOOT-INF\lib\asm-tree-9.3.jar;c:\Users\andre\.vscode\extensions\pivotal.vscode-spring-boot-1.35.0\language-server\BOOT-INF\lib\asm-util-9.3.jar;c:\Users\andre\.vscode\extensions\pivotal.vscode-spring-boot-1.35.0\language-server\BOOT-INF\lib\byte-buddy-1.10.18.jar;c:\Users\andre\.vscode\extensions\pivotal.vscode-spring-boot-1.35.0\language-server\BOOT-INF\lib\caffeine-2.8.6.jar;c:\Users\andre\.vscode\extensions\pivotal.vscode-spring-boot-1.35.0\language-server\BOOT-INF\lib\checker-qual-3.12.0.jar;c:\Users\andre\.vscode\extensions\pivotal.vscode-spring-boot-1.35.0\language-server\BOOT-INF\lib\classgraph-4.8.146.jar;c:\Users\andre\.vscode\extensions\pivotal.vscode-spring-boot-1.35.0\language-server\BOOT-INF\lib\commons-codec-1.14.jar;c:\Users\andre\.vscode\extensions\pivotal.vscode-spring-boot-1.35.0\language-server\BOOT-INF\lib\commons-compress-1.21.jar;c:\Users\andre\.vscode\extensions\pivotal.vscode-spring-boot-1.35.0\language-server\BOOT-INF\lib\commons-exec-1.3.jar;c:\Users\andre\.vscode\extensions\pivotal.vscode-spring-boot-1.35.0\language-server\BOOT-INF\lib\com
Launcher Type: SUN_STANDARD

[Global flags]
     intx CICompilerCount                          = 3                                         {product} {ergonomic}
     uint ConcGCThreads                            = 1                                         {product} {ergonomic}
     uint G1ConcRefinementThreads                  = 4                                         {product} {ergonomic}
   size_t G1HeapRegionSize                         = 1048576                                   {product} {ergonomic}
    uintx GCDrainStackTargetSize                   = 64                                        {product} {ergonomic}
   size_t InitialHeapSize                          = 132120576                                 {product} {ergonomic}
   size_t MarkStackSize                            = 4194304                                   {product} {ergonomic}
   size_t MaxHeapSize                              = 2105540608                                {product} {ergonomic}
   size_t MaxNewSize                               = 1262485504                                {product} {ergonomic}
   size_t MinHeapDeltaBytes                        = 1048576                                   {product} {ergonomic}
   size_t MinHeapSize                              = 8388608                                   {product} {ergonomic}
    uintx NonProfiledCodeHeapSize                  = 0                                      {pd product} {ergonomic}
     bool ProfileInterpreter                       = false                                  {pd product} {command line}
    uintx ProfiledCodeHeapSize                     = 0                                      {pd product} {ergonomic}
   size_t SoftMaxHeapSize                          = 2105540608                             {manageable} {ergonomic}
     intx TieredStopAtLevel                        = 1                                         {product} {command line}
     bool UseCompressedClassPointers               = true                           {product lp64_product} {ergonomic}
     bool UseCompressedOops                        = true                           {product lp64_product} {ergonomic}
     bool UseG1GC                                  = true                                      {product} {ergonomic}
     bool UseLargePagesIndividualAllocation        = false                                  {pd product} {ergonomic}

Logging:
Log output configuration:
 #0: stdout all=warning uptime,level,tags
 #1: stderr all=off uptime,level,tags

Environment Variables:
PATH=C:\Program Files\Common Files\Oracle\Java\javapath;C:\WINDOWS\system32;C:\WINDOWS;C:\WINDOWS\System32\Wbem;C:\WINDOWS\System32\WindowsPowerShell\v1.0\;C:\WINDOWS\System32\OpenSSH\;C:\Program Files (x86)\HP\Common\HPDestPlgIn\;C:\Program Files\nodejs\;C:\Program Files\MongoDB\Server\5.0\bin;C:\Program Files\Git\cmd;C:\Program Files\apache-maven-3.8.5\bin;C:\Users\andre\AppData\Local\Microsoft\WindowsApps;C:\Program Files (x86)\HP\Common\HPDestPlgIn\;C:\Users\andre\AppData\Local\Programs\Microsoft VS Code\bin;C:\Users\andre\AppData\Roaming\npm;
USERNAME=andre
SHELL=C:\Program Files\Git\usr\bin\bash.exe
DISPLAY=needs-to-be-defined
LC_CTYPE=en_US.UTF-8
OS=Windows_NT
PROCESSOR_IDENTIFIER=Intel64 Family 6 Model 142 Stepping 12, GenuineIntel



---------------  S Y S T E M  ---------------

OS:
 Windows 11 , 64 bit Build 22000 (10.0.22000.708)
OS uptime: 5 days 18:35 hours

CPU: total 4 (initial active 4) (2 cores per cpu, 2 threads per core) family 6 model 142 stepping 12 microcode 0xec, cx8, cmov, fxsr, ht, mmx, 3dnowpref, sse, sse2, sse3, ssse3, sse4.1, sse4.2, popcnt, lzcnt, tsc, tscinvbit, avx, avx2, aes, erms, clmul, bmi1, bmi2, adx, fma, vzeroupper, clflush, clflushopt

Memory: 4k page, system-wide physical 8026M (337M free)
TotalPageFile size 19573M (AvailPageFile size 6M)
current process WorkingSet (physical memory assigned to process): 47M, peak: 571M
current process commit charge ("private bytes"): 217M, peak: 614M

vm_info: OpenJDK 64-Bit Server VM (17.0.3+7) for windows-amd64 JRE (17.0.3+7), built on Apr 19 2022 16:55:35 by "" with MS VC++ 16.7 (VS2019)

END.
